#
# There is insufficient memory for the Java Runtime Environment to continue.
# Native memory allocation (mmap) failed to map 22020096 bytes for G1 virtual space
# Possible reasons:
#   The system is out of physical RAM or swap space
#   The process is running with CompressedOops enabled, and the Java Heap may be blocking the growth of the native heap
# Possible solutions:
#   Reduce memory load on the system
#   Increase physical memory or swap space
#   Check if swap backing store is full
#   Decrease Java heap size (-Xmx/-Xms)
#   Decrease number of Java threads
#   Decrease Java thread stack sizes (-Xss)
#   Set larger code cache with -XX:ReservedCodeCacheSize=
#   JVM is running with Unscaled Compressed Oops mode in which the Java heap is
#     placed in the first 4GB address space. The Java Heap base address is the
#     maximum limit for the native heap growth. Please use -XX:HeapBaseMinAddress
#     to set the Java Heap base and to place the Java Heap above 4GB virtual address.
# This output file may be truncated or incomplete.
#
#  Out of Memory Error (os_windows.cpp:3600), pid=18708, tid=21032
#
# JRE version: Java(TM) SE Runtime Environment (21.0.4+8) (build 21.0.4+8-LTS-274)
# Java VM: Java HotSpot(TM) 64-Bit Server VM (21.0.4+8-LTS-274, mixed mode, emulated-client, sharing, tiered, compressed oops, compressed class ptrs, g1 gc, windows-amd64)
# No core dump will be written. Minidumps are not enabled by default on client versions of Windows
#

---------------  S U M M A R Y ------------

Command Line: -XX:TieredStopAtLevel=1 -Dspring.output.ansi.enabled=always -Dcom.sun.management.jmxremote -Dspring.jmx.enabled=true -Dspring.liveBeansView.mbeanDomain -Dspring.application.admin.enabled=true -Dmanagement.endpoints.jmx.exposure.include=* -javaagent:C:\Program Files\JetBrains\IntelliJ IDEA 2024.3.2\lib\idea_rt.jar=65374:C:\Program Files\JetBrains\IntelliJ IDEA 2024.3.2\bin -Dfile.encoding=UTF-8 -Dsun.stdout.encoding=UTF-8 -Dsun.stderr.encoding=UTF-8 com.multi.mis.busgo_backend.BusgoBackendApplication

Host: 12th Gen Intel(R) Core(TM) i7-1255U, 12 cores, 7G,  Windows 11 , 64 bit Build 26100 (10.0.26100.3912)
Time: Mon May  5 06:26:58 2025 South Africa Standard Time elapsed time: 2190.268579 seconds (0d 0h 36m 30s)

---------------  T H R E A D  ---------------

Current thread (0x0000021b0d280800):  VMThread "VM Thread"          [id=21032, stack(0x000000e9af100000,0x000000e9af200000) (1024K)]

Stack: [0x000000e9af100000,0x000000e9af200000]
Native frames: (J=compiled Java code, j=interpreted, Vv=VM code, C=native code)
V  [jvm.dll+0x6c8e59]
V  [jvm.dll+0x853181]
V  [jvm.dll+0x8556ae]
V  [jvm.dll+0x855d83]
V  [jvm.dll+0x27d526]
V  [jvm.dll+0x6c55f5]
V  [jvm.dll+0x6ba17a]
V  [jvm.dll+0x352a8a]
V  [jvm.dll+0x35a6e6]
V  [jvm.dll+0x3acdae]
V  [jvm.dll+0x3ad058]
V  [jvm.dll+0x326dec]
V  [jvm.dll+0x326e77]
V  [jvm.dll+0x36b75c]
V  [jvm.dll+0x369fae]
V  [jvm.dll+0x3265b1]
V  [jvm.dll+0x3696ca]
V  [jvm.dll+0x85bb50]
V  [jvm.dll+0x85ced4]
V  [jvm.dll+0x85d410]
V  [jvm.dll+0x85d6b3]
V  [jvm.dll+0x7fd65b]
V  [jvm.dll+0x6c753d]
C  [ucrtbase.dll+0x37b0]
C  [KERNEL32.DLL+0x2e8d7]
C  [ntdll.dll+0x9c5dc]

VM_Operation (0x000000e9afaf9bc0): G1CollectForAllocation, mode: safepoint, requested by thread 0x0000021b56db7430


---------------  P R O C E S S  ---------------

Threads class SMR info:
_java_thread_list=0x0000021b56d638d0, length=25, elements={
0x0000021b0d29b780, 0x0000021b0d29c1e0, 0x0000021b0d2a11a0, 0x0000021b0d2a21f0,
0x0000021b0d2a3fc0, 0x0000021b0d2a4a20, 0x0000021b0db48090, 0x0000021b0dcaa2a0,
0x0000021b0df3a5b0, 0x0000021b0df3ac20, 0x0000021b53470e90, 0x0000021b5346e0a0,
0x0000021b53470170, 0x0000021b53470800, 0x0000021b55c5ca70, 0x0000021b5346edc0,
0x0000021b56db4640, 0x0000021b56db6710, 0x0000021b56db7ac0, 0x0000021b56db7430,
0x0000021b56db5360, 0x0000021b56db6080, 0x0000021b5699ba40, 0x0000021b0de7f040,
0x0000021b5702ffc0
}

Java Threads: ( => current thread )
  0x0000021b0d29b780 JavaThread "Reference Handler"          daemon [_thread_blocked, id=12792, stack(0x000000e9af200000,0x000000e9af300000) (1024K)]
  0x0000021b0d29c1e0 JavaThread "Finalizer"                  daemon [_thread_blocked, id=17640, stack(0x000000e9af300000,0x000000e9af400000) (1024K)]
  0x0000021b0d2a11a0 JavaThread "Signal Dispatcher"          daemon [_thread_blocked, id=16040, stack(0x000000e9af400000,0x000000e9af500000) (1024K)]
  0x0000021b0d2a21f0 JavaThread "Attach Listener"            daemon [_thread_blocked, id=20032, stack(0x000000e9af500000,0x000000e9af600000) (1024K)]
  0x0000021b0d2a3fc0 JavaThread "Service Thread"             daemon [_thread_blocked, id=3160, stack(0x000000e9af600000,0x000000e9af700000) (1024K)]
  0x0000021b0d2a4a20 JavaThread "Monitor Deflation Thread"   daemon [_thread_blocked, id=16068, stack(0x000000e9af700000,0x000000e9af800000) (1024K)]
  0x0000021b0db48090 JavaThread "C1 CompilerThread0"         daemon [_thread_blocked, id=8640, stack(0x000000e9af800000,0x000000e9af900000) (1024K)]
  0x0000021b0dcaa2a0 JavaThread "Common-Cleaner"             daemon [_thread_blocked, id=11176, stack(0x000000e9afb00000,0x000000e9afc00000) (1024K)]
  0x0000021b0df3a5b0 JavaThread "Monitor Ctrl-Break"         daemon [_thread_in_native, id=21712, stack(0x000000e9afc00000,0x000000e9afd00000) (1024K)]
  0x0000021b0df3ac20 JavaThread "Notification Thread"        daemon [_thread_blocked, id=14596, stack(0x000000e9afd00000,0x000000e9afe00000) (1024K)]
  0x0000021b53470e90 JavaThread "RMI TCP Accept-0"           daemon [_thread_in_native, id=15668, stack(0x000000e9aff00000,0x000000e9b0000000) (1024K)]
  0x0000021b5346e0a0 JavaThread "RMI Scheduler(0)"           daemon [_thread_blocked, id=14756, stack(0x000000e9b0100000,0x000000e9b0200000) (1024K)]
  0x0000021b53470170 JavaThread "RMI TCP Connection(7)-10.11.74.141" daemon [_thread_in_native, id=8588, stack(0x000000e9b0e00000,0x000000e9b0f00000) (1024K)]
  0x0000021b53470800 JavaThread "mysql-cj-abandoned-connection-cleanup" daemon [_thread_blocked, id=2164, stack(0x000000e9b0f00000,0x000000e9b1000000) (1024K)]
  0x0000021b55c5ca70 JavaThread "Live Reload Server"         daemon [_thread_in_native, id=15636, stack(0x000000e9b1900000,0x000000e9b1a00000) (1024K)]
  0x0000021b5346edc0 JavaThread "DestroyJavaVM"                     [_thread_blocked, id=16948, stack(0x000000e9aea00000,0x000000e9aeb00000) (1024K)]
  0x0000021b56db4640 JavaThread "RMI TCP Connection(idle)"   daemon [_thread_blocked, id=21972, stack(0x000000e9ae700000,0x000000e9ae800000) (1024K)]
  0x0000021b56db6710 JavaThread "Thread-5"                          [_thread_blocked, id=3916, stack(0x000000e9ae800000,0x000000e9ae900000) (1024K)]
  0x0000021b56db7ac0 JavaThread "File Watcher"               daemon [_thread_blocked, id=2160, stack(0x000000e9af900000,0x000000e9afa00000) (1024K)]
  0x0000021b56db7430 JavaThread "restartedMain"                     [_thread_blocked, id=19988, stack(0x000000e9afa00000,0x000000e9afb00000) (1024K)]
  0x0000021b56db5360 JavaThread "HikariPool-3 housekeeper"   daemon [_thread_blocked, id=11800, stack(0x000000e9afe00000,0x000000e9aff00000) (1024K)]
  0x0000021b56db6080 JavaThread "HikariPool-3 connection adder" daemon [_thread_blocked, id=10100, stack(0x000000e9b0000000,0x000000e9b0100000) (1024K)]
  0x0000021b5699ba40 JavaThread "C1 CompilerThread1"         daemon [_thread_blocked, id=5676, stack(0x000000e9b0200000,0x000000e9b0300000) (1024K)]
  0x0000021b0de7f040 JavaThread "C1 CompilerThread2"         daemon [_thread_blocked, id=4292, stack(0x000000e9b0c00000,0x000000e9b0d00000) (1024K)]
  0x0000021b5702ffc0 JavaThread "C1 CompilerThread3"         daemon [_thread_blocked, id=12284, stack(0x000000e9b0d00000,0x000000e9b0e00000) (1024K)]
Total: 25

Other Threads:
=>0x0000021b0d280800 VMThread "VM Thread"                           [id=21032, stack(0x000000e9af100000,0x000000e9af200000) (1024K)]
  0x0000021b0d267b50 WatcherThread "VM Periodic Task Thread"        [id=18184, stack(0x000000e9af000000,0x000000e9af100000) (1024K)]
  0x0000021b7c771450 WorkerThread "GC Thread#0"                     [id=18704, stack(0x000000e9aeb00000,0x000000e9aec00000) (1024K)]
  0x0000021b0d281680 WorkerThread "GC Thread#1"                     [id=18600, stack(0x000000e9b0300000,0x000000e9b0400000) (1024K)]
  0x0000021b0d280460 WorkerThread "GC Thread#2"                     [id=21840, stack(0x000000e9b0400000,0x000000e9b0500000) (1024K)]
  0x0000021b0d2800c0 WorkerThread "GC Thread#3"                     [id=18288, stack(0x000000e9b0500000,0x000000e9b0600000) (1024K)]
  0x0000021b0d280ba0 WorkerThread "GC Thread#4"                     [id=10944, stack(0x000000e9b0600000,0x000000e9b0700000) (1024K)]
  0x0000021b0d280f40 WorkerThread "GC Thread#5"                     [id=9356, stack(0x000000e9b0700000,0x000000e9b0800000) (1024K)]
  0x0000021b0d2812e0 WorkerThread "GC Thread#6"                     [id=20012, stack(0x000000e9b0800000,0x000000e9b0900000) (1024K)]
  0x0000021b0d281a20 WorkerThread "GC Thread#7"                     [id=19356, stack(0x000000e9b0900000,0x000000e9b0a00000) (1024K)]
  0x0000021b536343a0 WorkerThread "GC Thread#8"                     [id=1012, stack(0x000000e9b0a00000,0x000000e9b0b00000) (1024K)]
  0x0000021b53633520 WorkerThread "GC Thread#9"                     [id=4272, stack(0x000000e9b0b00000,0x000000e9b0c00000) (1024K)]
  0x0000021b7c7828c0 ConcurrentGCThread "G1 Main Marker"            [id=13532, stack(0x000000e9aec00000,0x000000e9aed00000) (1024K)]
  0x0000021b7c783a70 WorkerThread "G1 Conc#0"                       [id=20812, stack(0x000000e9aed00000,0x000000e9aee00000) (1024K)]
  0x0000021b53634000 WorkerThread "G1 Conc#1"                       [id=3956, stack(0x000000e9b1100000,0x000000e9b1200000) (1024K)]
  0x0000021b53631f60 WorkerThread "G1 Conc#2"                       [id=5528, stack(0x000000e9b1200000,0x000000e9b1300000) (1024K)]
  0x0000021b7c7ce740 ConcurrentGCThread "G1 Refine#0"               [id=15200, stack(0x000000e9aee00000,0x000000e9aef00000) (1024K)]
  0x0000021b0d134060 ConcurrentGCThread "G1 Service"                [id=2604, stack(0x000000e9aef00000,0x000000e9af000000) (1024K)]
Total: 18

Threads with active compile tasks:
Total: 0

VM state: at safepoint (normal execution)

VM Mutex/Monitor currently owned by a thread:  ([mutex/lock_event])
[0x00007ffc84017e98] Threads_lock - owner thread: 0x0000021b0d280800
[0x00007ffc84017f98] Heap_lock - owner thread: 0x0000021b56db7430

Heap address: 0x0000000084800000, size: 1976 MB, Compressed Oops mode: 32-bit

CDS archive(s) mapped at: [0x0000021b0e000000-0x0000021b0ec90000-0x0000021b0ec90000), size 13172736, SharedBaseAddress: 0x0000021b0e000000, ArchiveRelocationMode: 1.
Compressed class space mapped at: 0x0000021b0f000000-0x0000021b4f000000, reserved size: 1073741824
Narrow klass base: 0x0000021b0e000000, Narrow klass shift: 0, Narrow klass range: 0x100000000

GC Precious Log:
 CardTable entry size: 512
 Card Set container configuration: InlinePtr #cards 5 size 8 Array Of Cards #cards 12 size 40 Howl #buckets 4 coarsen threshold 1843 Howl Bitmap #cards 512 size 80 coarsen threshold 460 Card regions per heap region 1 cards per card region 2048
 CPUs: 12 total, 12 available
 Memory: 7900M
 Large Page Support: Disabled
 NUMA Support: Disabled
 Compressed Oops: Enabled (32-bit)
 Heap Region Size: 1M
 Heap Min Capacity: 8M
 Heap Initial Capacity: 124M
 Heap Max Capacity: 1976M
 Pre-touch: Disabled
 Parallel Workers: 10
 Concurrent Workers: 3
 Concurrent Refinement Workers: 10
 Periodic GC: Disabled

Heap:
 garbage-first heap   total 103424K, used 43896K [0x0000000084800000, 0x0000000100000000)
  region size 1024K, 7 young (7168K), 7 survivors (7168K)
 Metaspace       used 81210K, committed 82048K, reserved 1179648K
  class space    used 11981K, committed 12352K, reserved 1048576K

Heap Regions: E=young(eden), S=young(survivor), O=old, HS=humongous(starts), HC=humongous(continues), CS=collection set, F=free, TAMS=top-at-mark-start, PB=parsable bottom
|   0|0x0000000084800000, 0x0000000084900000, 0x0000000084900000|100%|HS|  |TAMS 0x0000000084900000| PB 0x0000000084800000| Complete 
|   1|0x0000000084900000, 0x0000000084a00000, 0x0000000084a00000|100%| O|  |TAMS 0x0000000084a00000| PB 0x0000000084900000| Untracked 
|   2|0x0000000084a00000, 0x0000000084afffc8, 0x0000000084b00000| 99%| O|  |TAMS 0x0000000084afffc8| PB 0x0000000084a00000| Untracked 
|   3|0x0000000084b00000, 0x0000000084bffff0, 0x0000000084c00000| 99%| O|  |TAMS 0x0000000084bffff0| PB 0x0000000084b00000| Untracked 
|   4|0x0000000084c00000, 0x0000000084cfffc0, 0x0000000084d00000| 99%| O|  |TAMS 0x0000000084cfffc0| PB 0x0000000084c00000| Untracked 
|   5|0x0000000084d00000, 0x0000000084dfffc8, 0x0000000084e00000| 99%| O|  |TAMS 0x0000000084dfffc8| PB 0x0000000084d00000| Untracked 
|   6|0x0000000084e00000, 0x0000000084efffe8, 0x0000000084f00000| 99%| O|  |TAMS 0x0000000084efffe8| PB 0x0000000084e00000| Untracked 
|   7|0x0000000084f00000, 0x0000000085000000, 0x0000000085000000|100%| O|  |TAMS 0x0000000085000000| PB 0x0000000084f00000| Untracked 
|   8|0x0000000085000000, 0x00000000850fffd0, 0x0000000085100000| 99%| O|  |TAMS 0x00000000850fffd0| PB 0x0000000085000000| Untracked 
|   9|0x0000000085100000, 0x00000000851fffb8, 0x0000000085200000| 99%| O|  |TAMS 0x00000000851fffb8| PB 0x0000000085100000| Untracked 
|  10|0x0000000085200000, 0x00000000852ffff0, 0x0000000085300000| 99%| O|  |TAMS 0x00000000852ffff0| PB 0x0000000085200000| Untracked 
|  11|0x0000000085300000, 0x00000000853ffff0, 0x0000000085400000| 99%| O|  |TAMS 0x00000000853ffff0| PB 0x0000000085300000| Untracked 
|  12|0x0000000085400000, 0x00000000854ffff0, 0x0000000085500000| 99%| O|  |TAMS 0x00000000854ffff0| PB 0x0000000085400000| Untracked 
|  13|0x0000000085500000, 0x00000000855ffff0, 0x0000000085600000| 99%| O|  |TAMS 0x00000000855ffff0| PB 0x0000000085500000| Untracked 
|  14|0x0000000085600000, 0x00000000856ffd60, 0x0000000085700000| 99%| O|  |TAMS 0x00000000856ffd60| PB 0x0000000085600000| Untracked 
|  15|0x0000000085700000, 0x0000000085800000, 0x0000000085800000|100%| O|  |TAMS 0x0000000085800000| PB 0x0000000085700000| Untracked 
|  16|0x0000000085800000, 0x0000000085900000, 0x0000000085900000|100%| O|  |TAMS 0x0000000085900000| PB 0x0000000085800000| Untracked 
|  17|0x0000000085900000, 0x0000000085a00000, 0x0000000085a00000|100%| O|  |TAMS 0x0000000085a00000| PB 0x0000000085900000| Untracked 
|  18|0x0000000085a00000, 0x0000000085afffc0, 0x0000000085b00000| 99%| O|  |TAMS 0x0000000085afffc0| PB 0x0000000085a00000| Untracked 
|  19|0x0000000085b00000, 0x0000000085bffff8, 0x0000000085c00000| 99%| O|  |TAMS 0x0000000085bffff8| PB 0x0000000085b00000| Untracked 
|  20|0x0000000085c00000, 0x0000000085cfe7d8, 0x0000000085d00000| 99%| O|  |TAMS 0x0000000085cfe7d8| PB 0x0000000085c00000| Untracked 
|  21|0x0000000085d00000, 0x0000000085dffff8, 0x0000000085e00000| 99%| O|  |TAMS 0x0000000085dffff8| PB 0x0000000085d00000| Untracked 
|  22|0x0000000085e00000, 0x0000000085ef29d0, 0x0000000085f00000| 94%| O|  |TAMS 0x0000000085ef29d0| PB 0x0000000085e00000| Untracked 
|  23|0x0000000085f00000, 0x0000000085ffffe0, 0x0000000086000000| 99%| O|  |TAMS 0x0000000085ffffe0| PB 0x0000000085f00000| Untracked 
|  24|0x0000000086000000, 0x00000000860fffd8, 0x0000000086100000| 99%| O|  |TAMS 0x00000000860fffd8| PB 0x0000000086000000| Untracked 
|  25|0x0000000086100000, 0x00000000861ffff8, 0x0000000086200000| 99%| O|  |TAMS 0x00000000861ffff8| PB 0x0000000086100000| Untracked 
|  26|0x0000000086200000, 0x00000000862fffb8, 0x0000000086300000| 99%| O|  |TAMS 0x00000000862fffb8| PB 0x0000000086200000| Untracked 
|  27|0x0000000086300000, 0x0000000086400000, 0x0000000086400000|100%| O|  |TAMS 0x0000000086300000| PB 0x0000000086300000| Untracked 
|  28|0x0000000086400000, 0x00000000864fffe8, 0x0000000086500000| 99%| O|  |TAMS 0x00000000864fffe8| PB 0x0000000086400000| Untracked 
|  29|0x0000000086500000, 0x000000008654c170, 0x0000000086600000| 29%| O|  |TAMS 0x000000008654c170| PB 0x0000000086500000| Untracked 
|  30|0x0000000086600000, 0x0000000086700000, 0x0000000086700000|100%| O|  |TAMS 0x0000000086700000| PB 0x0000000086600000| Untracked 
|  31|0x0000000086700000, 0x00000000867ffff8, 0x0000000086800000| 99%| O|  |TAMS 0x00000000867ffff8| PB 0x0000000086700000| Untracked 
|  32|0x0000000086800000, 0x000000008689d170, 0x0000000086900000| 61%| O|  |TAMS 0x0000000086800000| PB 0x0000000086800000| Untracked 
|  33|0x0000000086900000, 0x0000000086900000, 0x0000000086a00000|  0%| F|  |TAMS 0x0000000086900000| PB 0x0000000086900000| Untracked 
|  34|0x0000000086a00000, 0x0000000086a66dc0, 0x0000000086b00000| 40%| O|  |TAMS 0x0000000086a66dc0| PB 0x0000000086a00000| Untracked 
|  35|0x0000000086b00000, 0x0000000086b00000, 0x0000000086c00000|  0%| F|  |TAMS 0x0000000086b00000| PB 0x0000000086b00000| Untracked 
|  36|0x0000000086c00000, 0x0000000086c4e738, 0x0000000086d00000| 30%| O|  |TAMS 0x0000000086c4e738| PB 0x0000000086c00000| Untracked 
|  37|0x0000000086d00000, 0x0000000086d00000, 0x0000000086e00000|  0%| F|  |TAMS 0x0000000086d00000| PB 0x0000000086d00000| Untracked 
|  38|0x0000000086e00000, 0x0000000086e00000, 0x0000000086f00000|  0%| F|  |TAMS 0x0000000086e00000| PB 0x0000000086e00000| Untracked 
|  39|0x0000000086f00000, 0x0000000087000000, 0x0000000087000000|100%| O|  |TAMS 0x0000000087000000| PB 0x0000000086f00000| Untracked 
|  40|0x0000000087000000, 0x0000000087000000, 0x0000000087100000|  0%| F|  |TAMS 0x0000000087000000| PB 0x0000000087000000| Untracked 
|  41|0x0000000087100000, 0x0000000087100000, 0x0000000087200000|  0%| F|  |TAMS 0x0000000087100000| PB 0x0000000087100000| Untracked 
|  42|0x0000000087200000, 0x0000000087300000, 0x0000000087300000|100%| O|  |TAMS 0x0000000087300000| PB 0x0000000087200000| Untracked 
|  43|0x0000000087300000, 0x0000000087400000, 0x0000000087400000|100%| O|  |TAMS 0x0000000087400000| PB 0x0000000087300000| Untracked 
|  44|0x0000000087400000, 0x0000000087500000, 0x0000000087500000|100%| O|  |TAMS 0x0000000087488e80| PB 0x0000000087400000| Untracked 
|  45|0x0000000087500000, 0x0000000087500000, 0x0000000087600000|  0%| F|  |TAMS 0x0000000087500000| PB 0x0000000087500000| Untracked 
|  46|0x0000000087600000, 0x0000000087600000, 0x0000000087700000|  0%| F|  |TAMS 0x0000000087600000| PB 0x0000000087600000| Untracked 
|  47|0x0000000087700000, 0x0000000087700000, 0x0000000087800000|  0%| F|  |TAMS 0x0000000087700000| PB 0x0000000087700000| Untracked 
|  48|0x0000000087800000, 0x000000008784edc0, 0x0000000087900000| 30%| S|CS|TAMS 0x0000000087800000| PB 0x0000000087800000| Complete 
|  49|0x0000000087900000, 0x0000000087a00000, 0x0000000087a00000|100%| S|CS|TAMS 0x0000000087900000| PB 0x0000000087900000| Complete 
|  50|0x0000000087a00000, 0x0000000087b00000, 0x0000000087b00000|100%| S|CS|TAMS 0x0000000087a00000| PB 0x0000000087a00000| Complete 
|  51|0x0000000087b00000, 0x0000000087c00000, 0x0000000087c00000|100%| S|CS|TAMS 0x0000000087b00000| PB 0x0000000087b00000| Complete 
|  52|0x0000000087c00000, 0x0000000087d00000, 0x0000000087d00000|100%| S|CS|TAMS 0x0000000087c00000| PB 0x0000000087c00000| Complete 
|  53|0x0000000087d00000, 0x0000000087e00000, 0x0000000087e00000|100%| S|CS|TAMS 0x0000000087d00000| PB 0x0000000087d00000| Complete 
|  54|0x0000000087e00000, 0x0000000087f00000, 0x0000000087f00000|100%| S|CS|TAMS 0x0000000087e00000| PB 0x0000000087e00000| Complete 
|  55|0x0000000087f00000, 0x0000000087f00000, 0x0000000088000000|  0%| F|  |TAMS 0x0000000087f00000| PB 0x0000000087f00000| Untracked 
|  56|0x0000000088000000, 0x0000000088000000, 0x0000000088100000|  0%| F|  |TAMS 0x0000000088000000| PB 0x0000000088000000| Untracked 
|  57|0x0000000088100000, 0x0000000088100000, 0x0000000088200000|  0%| F|  |TAMS 0x0000000088100000| PB 0x0000000088100000| Untracked 
|  58|0x0000000088200000, 0x0000000088200000, 0x0000000088300000|  0%| F|  |TAMS 0x0000000088200000| PB 0x0000000088200000| Untracked 
|  59|0x0000000088300000, 0x0000000088300000, 0x0000000088400000|  0%| F|  |TAMS 0x0000000088300000| PB 0x0000000088300000| Untracked 
|  60|0x0000000088400000, 0x0000000088400000, 0x0000000088500000|  0%| F|  |TAMS 0x0000000088400000| PB 0x0000000088400000| Untracked 
|  61|0x0000000088500000, 0x0000000088500000, 0x0000000088600000|  0%| F|  |TAMS 0x0000000088500000| PB 0x0000000088500000| Untracked 
|  62|0x0000000088600000, 0x0000000088600000, 0x0000000088700000|  0%| F|  |TAMS 0x0000000088600000| PB 0x0000000088600000| Untracked 
|  63|0x0000000088700000, 0x0000000088700000, 0x0000000088800000|  0%| F|  |TAMS 0x0000000088700000| PB 0x0000000088700000| Untracked 
|  64|0x0000000088800000, 0x0000000088800000, 0x0000000088900000|  0%| F|  |TAMS 0x0000000088800000| PB 0x0000000088800000| Untracked 
|  65|0x0000000088900000, 0x0000000088900000, 0x0000000088a00000|  0%| F|  |TAMS 0x0000000088900000| PB 0x0000000088900000| Untracked 
|  66|0x0000000088a00000, 0x0000000088a00000, 0x0000000088b00000|  0%| F|  |TAMS 0x0000000088a00000| PB 0x0000000088a00000| Untracked 
|  67|0x0000000088b00000, 0x0000000088b00000, 0x0000000088c00000|  0%| F|  |TAMS 0x0000000088b00000| PB 0x0000000088b00000| Untracked 
|  68|0x0000000088c00000, 0x0000000088c00000, 0x0000000088d00000|  0%| F|  |TAMS 0x0000000088c00000| PB 0x0000000088c00000| Untracked 
|  69|0x0000000088d00000, 0x0000000088d00000, 0x0000000088e00000|  0%| F|  |TAMS 0x0000000088d00000| PB 0x0000000088d00000| Untracked 
|  70|0x0000000088e00000, 0x0000000088e00000, 0x0000000088f00000|  0%| F|  |TAMS 0x0000000088e00000| PB 0x0000000088e00000| Untracked 
|  71|0x0000000088f00000, 0x0000000088f00000, 0x0000000089000000|  0%| F|  |TAMS 0x0000000088f00000| PB 0x0000000088f00000| Untracked 
|  72|0x0000000089000000, 0x0000000089000000, 0x0000000089100000|  0%| F|  |TAMS 0x0000000089000000| PB 0x0000000089000000| Untracked 
|  73|0x0000000089100000, 0x0000000089100000, 0x0000000089200000|  0%| F|  |TAMS 0x0000000089100000| PB 0x0000000089100000| Untracked 
|  74|0x0000000089200000, 0x0000000089200000, 0x0000000089300000|  0%| F|  |TAMS 0x0000000089200000| PB 0x0000000089200000| Untracked 
|  75|0x0000000089300000, 0x0000000089300000, 0x0000000089400000|  0%| F|  |TAMS 0x0000000089300000| PB 0x0000000089300000| Untracked 
|  76|0x0000000089400000, 0x0000000089400000, 0x0000000089500000|  0%| F|  |TAMS 0x0000000089400000| PB 0x0000000089400000| Untracked 
|  77|0x0000000089500000, 0x0000000089500000, 0x0000000089600000|  0%| F|  |TAMS 0x0000000089500000| PB 0x0000000089500000| Untracked 
|  78|0x0000000089600000, 0x0000000089600000, 0x0000000089700000|  0%| F|  |TAMS 0x0000000089600000| PB 0x0000000089600000| Untracked 
|  79|0x0000000089700000, 0x0000000089700000, 0x0000000089800000|  0%| F|  |TAMS 0x0000000089700000| PB 0x0000000089700000| Untracked 
|  80|0x0000000089800000, 0x0000000089800000, 0x0000000089900000|  0%| F|  |TAMS 0x0000000089800000| PB 0x0000000089800000| Untracked 
|  81|0x0000000089900000, 0x0000000089900000, 0x0000000089a00000|  0%| F|  |TAMS 0x0000000089900000| PB 0x0000000089900000| Untracked 
|  82|0x0000000089a00000, 0x0000000089a00000, 0x0000000089b00000|  0%| F|  |TAMS 0x0000000089a00000| PB 0x0000000089a00000| Untracked 
|  83|0x0000000089b00000, 0x0000000089b00000, 0x0000000089c00000|  0%| F|  |TAMS 0x0000000089b00000| PB 0x0000000089b00000| Untracked 
|  84|0x0000000089c00000, 0x0000000089c00000, 0x0000000089d00000|  0%| F|  |TAMS 0x0000000089c00000| PB 0x0000000089c00000| Untracked 
|  85|0x0000000089d00000, 0x0000000089d00000, 0x0000000089e00000|  0%| F|  |TAMS 0x0000000089d00000| PB 0x0000000089d00000| Untracked 
|  86|0x0000000089e00000, 0x0000000089e00000, 0x0000000089f00000|  0%| F|  |TAMS 0x0000000089e00000| PB 0x0000000089e00000| Untracked 
|  87|0x0000000089f00000, 0x0000000089f00000, 0x000000008a000000|  0%| F|  |TAMS 0x0000000089f00000| PB 0x0000000089f00000| Untracked 
|  88|0x000000008a000000, 0x000000008a000000, 0x000000008a100000|  0%| F|  |TAMS 0x000000008a000000| PB 0x000000008a000000| Untracked 
|  89|0x000000008a100000, 0x000000008a100000, 0x000000008a200000|  0%| F|  |TAMS 0x000000008a100000| PB 0x000000008a100000| Untracked 
|  90|0x000000008a200000, 0x000000008a200000, 0x000000008a300000|  0%| F|  |TAMS 0x000000008a200000| PB 0x000000008a200000| Untracked 
|  91|0x000000008a300000, 0x000000008a300000, 0x000000008a400000|  0%| F|  |TAMS 0x000000008a300000| PB 0x000000008a300000| Untracked 
|  92|0x000000008a400000, 0x000000008a400000, 0x000000008a500000|  0%| F|  |TAMS 0x000000008a400000| PB 0x000000008a400000| Untracked 
|  93|0x000000008a500000, 0x000000008a500000, 0x000000008a600000|  0%| F|  |TAMS 0x000000008a500000| PB 0x000000008a500000| Untracked 
|  94|0x000000008a600000, 0x000000008a600000, 0x000000008a700000|  0%| F|  |TAMS 0x000000008a600000| PB 0x000000008a600000| Untracked 
|  95|0x000000008a700000, 0x000000008a700000, 0x000000008a800000|  0%| F|  |TAMS 0x000000008a700000| PB 0x000000008a700000| Untracked 
|  96|0x000000008a800000, 0x000000008a800000, 0x000000008a900000|  0%| F|  |TAMS 0x000000008a800000| PB 0x000000008a800000| Untracked 
|  97|0x000000008a900000, 0x000000008a900000, 0x000000008aa00000|  0%| F|  |TAMS 0x000000008a900000| PB 0x000000008a900000| Untracked 
| 122|0x000000008c200000, 0x000000008c200000, 0x000000008c300000|  0%| F|  |TAMS 0x000000008c200000| PB 0x000000008c200000| Untracked 
| 123|0x000000008c300000, 0x000000008c300000, 0x000000008c400000|  0%| F|  |TAMS 0x000000008c300000| PB 0x000000008c300000| Untracked 
|1975|0x00000000fff00000, 0x00000000fff00000, 0x0000000100000000|  0%| F|  |TAMS 0x00000000fff00000| PB 0x00000000fff00000| Untracked 

Card table byte_map: [0x0000021b08ac0000,0x0000021b08ea0000] _byte_map_base: 0x0000021b0869c000

Marking Bits: (CMBitMap*) 0x0000021b7c771a60
 Bits: [0x0000021b08ea0000, 0x0000021b0ad80000)

Polling page: 0x0000021b7ae70000

Metaspace:

Usage:
  Non-class:     67.61 MB used.
      Class:     11.70 MB used.
       Both:     79.31 MB used.

Virtual space:
  Non-class space:      128.00 MB reserved,      68.06 MB ( 53%) committed,  2 nodes.
      Class space:        1.00 GB reserved,      12.06 MB (  1%) committed,  1 nodes.
             Both:        1.12 GB reserved,      80.12 MB (  7%) committed. 

Chunk freelists:
   Non-Class:  11.62 MB
       Class:  3.95 MB
        Both:  15.58 MB

MaxMetaspaceSize: unlimited
CompressedClassSpaceSize: 1.00 GB
Initial GC threshold: 21.00 MB
Current GC threshold: 131.69 MB
CDS: on
 - commit_granule_bytes: 65536.
 - commit_granule_words: 8192.
 - virtual_space_node_default_size: 8388608.
 - enlarge_chunks_in_place: 1.
 - use_allocation_guard: 0.


Internal statistics:

num_allocs_failed_limit: 11.
num_arena_births: 1964.
num_arena_deaths: 716.
num_vsnodes_births: 3.
num_vsnodes_deaths: 0.
num_space_committed: 1282.
num_space_uncommitted: 0.
num_chunks_returned_to_freelist: 905.
num_chunks_taken_from_freelist: 5398.
num_chunk_merges: 241.
num_chunk_splits: 3422.
num_chunks_enlarged: 2454.
num_inconsistent_stats: 0.

CodeCache: size=49152Kb used=20029Kb max_used=20029Kb free=29122Kb
 bounds [0x0000021b7c880000, 0x0000021b7dc50000, 0x0000021b7f880000]
 total_blobs=10970 nmethods=10225 adapters=664
 compilation: enabled
              stopped_count=0, restarted_count=0
 full_count=0

Compilation events (20 events):
Event: 2188.147 Thread 0x0000021b0db48090 14251       1       org.hibernate.query.sqm.SqmPathSource::getIntermediatePathSource (2 bytes)
Event: 2188.147 Thread 0x0000021b5699ba40 14252       1       org.hibernate.query.sqm.tree.select.SqmQuerySpec::setSelectClause (6 bytes)
Event: 2188.148 Thread 0x0000021b0db48090 nmethod 14251 0x0000021b7da53590 code [0x0000021b7da53720, 0x0000021b7da537f0]
Event: 2188.148 Thread 0x0000021b5702ffc0 14253       1       org.hibernate.query.sqm.tree.select.SqmQuerySpec::setFromClause (6 bytes)
Event: 2188.148 Thread 0x0000021b5699ba40 nmethod 14252 0x0000021b7da53290 code [0x0000021b7da53420, 0x0000021b7da53530]
Event: 2188.148 Thread 0x0000021b5702ffc0 nmethod 14253 0x0000021b7da52f90 code [0x0000021b7da53120, 0x0000021b7da53230]
Event: 2188.156 Thread 0x0000021b5699ba40 14254   !   1       org.springframework.aop.support.AopUtils::invokeJoinpointUsingReflection (50 bytes)
Event: 2188.157 Thread 0x0000021b5699ba40 nmethod 14254 0x0000021b7da52290 code [0x0000021b7da524e0, 0x0000021b7da52a78]
Event: 2188.167 Thread 0x0000021b5702ffc0 14255       1       org.springframework.data.util.TypeDiscoverer::getSuperTypeInformation (129 bytes)
Event: 2188.168 Thread 0x0000021b5699ba40 14256       1       sun.reflect.generics.reflectiveObjects.LazyReflectiveObjectGenerator::reifyBounds (51 bytes)
Event: 2188.168 Thread 0x0000021b5699ba40 nmethod 14256 0x0000021b7da51b90 code [0x0000021b7da51d40, 0x0000021b7da52108]
Event: 2188.169 Thread 0x0000021b5702ffc0 nmethod 14255 0x0000021b7da50710 code [0x0000021b7da50a20, 0x0000021b7da51598]
Event: 2188.170 Thread 0x0000021b0de7f040 14257       1       org.springframework.data.mapping.model.Property::getType (5 bytes)
Event: 2188.170 Thread 0x0000021b0de7f040 nmethod 14257 0x0000021b7da50410 code [0x0000021b7da505a0, 0x0000021b7da50668]
Event: 2188.172 Thread 0x0000021b5699ba40 14258       1       org.springframework.data.jpa.mapping.JpaPersistentPropertyImpl$$Lambda/0x0000021b0f8c8f38::test (12 bytes)
Event: 2188.172 Thread 0x0000021b5702ffc0 14259       1       org.springframework.data.jpa.mapping.JpaPersistentPropertyImpl::lambda$new$1 (6 bytes)
Event: 2188.172 Thread 0x0000021b5699ba40 nmethod 14258 0x0000021b7da50010 code [0x0000021b7da501c0, 0x0000021b7da50308]
Event: 2188.172 Thread 0x0000021b5702ffc0 nmethod 14259 0x0000021b7da4fc90 code [0x0000021b7da4fe20, 0x0000021b7da4ff20]
Event: 2188.176 Thread 0x0000021b5699ba40 14260       1       org.hibernate.engine.spi.LoadQueryInfluencers::<init> (7 bytes)
Event: 2188.176 Thread 0x0000021b5699ba40 nmethod 14260 0x0000021b7da4f810 code [0x0000021b7da4f9a0, 0x0000021b7da4fbb0]

GC Heap History (20 events):
Event: 176.250 GC heap after
{Heap after GC invocations=24 (full 0):
 garbage-first heap   total 103424K, used 46666K [0x0000000084800000, 0x0000000100000000)
  region size 1024K, 2 young (2048K), 2 survivors (2048K)
 Metaspace       used 79192K, committed 80192K, reserved 1179648K
  class space    used 11766K, committed 12224K, reserved 1048576K
}
Event: 505.198 GC heap before
{Heap before GC invocations=25 (full 0):
 garbage-first heap   total 103424K, used 94794K [0x0000000084800000, 0x0000000100000000)
  region size 1024K, 49 young (50176K), 2 survivors (2048K)
 Metaspace       used 79212K, committed 80320K, reserved 1179648K
  class space    used 11736K, committed 12224K, reserved 1048576K
}
Event: 505.239 GC heap after
{Heap after GC invocations=26 (full 0):
 garbage-first heap   total 103424K, used 46735K [0x0000000084800000, 0x0000000100000000)
  region size 1024K, 2 young (2048K), 2 survivors (2048K)
 Metaspace       used 79212K, committed 80320K, reserved 1179648K
  class space    used 11736K, committed 12224K, reserved 1048576K
}
Event: 830.421 GC heap before
{Heap before GC invocations=26 (full 0):
 garbage-first heap   total 103424K, used 93839K [0x0000000084800000, 0x0000000100000000)
  region size 1024K, 49 young (50176K), 2 survivors (2048K)
 Metaspace       used 79214K, committed 80320K, reserved 1179648K
  class space    used 11737K, committed 12224K, reserved 1048576K
}
Event: 830.490 GC heap after
{Heap after GC invocations=27 (full 0):
 garbage-first heap   total 103424K, used 44532K [0x0000000084800000, 0x0000000100000000)
  region size 1024K, 2 young (2048K), 2 survivors (2048K)
 Metaspace       used 79214K, committed 80320K, reserved 1179648K
  class space    used 11737K, committed 12224K, reserved 1048576K
}
Event: 1216.949 GC heap before
{Heap before GC invocations=27 (full 0):
 garbage-first heap   total 103424K, used 93684K [0x0000000084800000, 0x0000000100000000)
  region size 1024K, 51 young (52224K), 2 survivors (2048K)
 Metaspace       used 79340K, committed 80384K, reserved 1179648K
  class space    used 11762K, committed 12224K, reserved 1048576K
}
Event: 1217.022 GC heap after
{Heap after GC invocations=28 (full 0):
 garbage-first heap   total 103424K, used 44806K [0x0000000084800000, 0x0000000100000000)
  region size 1024K, 2 young (2048K), 2 survivors (2048K)
 Metaspace       used 79340K, committed 80384K, reserved 1179648K
  class space    used 11762K, committed 12224K, reserved 1048576K
}
Event: 1617.424 GC heap before
{Heap before GC invocations=29 (full 0):
 garbage-first heap   total 103424K, used 93958K [0x0000000084800000, 0x0000000100000000)
  region size 1024K, 51 young (52224K), 2 survivors (2048K)
 Metaspace       used 79339K, committed 80448K, reserved 1179648K
  class space    used 11743K, committed 12224K, reserved 1048576K
}
Event: 1617.529 GC heap after
{Heap after GC invocations=30 (full 0):
 garbage-first heap   total 103424K, used 45104K [0x0000000084800000, 0x0000000100000000)
  region size 1024K, 3 young (3072K), 3 survivors (3072K)
 Metaspace       used 79339K, committed 80448K, reserved 1179648K
  class space    used 11743K, committed 12224K, reserved 1048576K
}
Event: 2124.066 GC heap before
{Heap before GC invocations=30 (full 0):
 garbage-first heap   total 103424K, used 93232K [0x0000000084800000, 0x0000000100000000)
  region size 1024K, 50 young (51200K), 3 survivors (3072K)
 Metaspace       used 79397K, committed 80448K, reserved 1179648K
  class space    used 11754K, committed 12224K, reserved 1048576K
}
Event: 2124.237 GC heap after
{Heap after GC invocations=31 (full 0):
 garbage-first heap   total 103424K, used 43459K [0x0000000084800000, 0x0000000100000000)
  region size 1024K, 3 young (3072K), 3 survivors (3072K)
 Metaspace       used 79397K, committed 80448K, reserved 1179648K
  class space    used 11754K, committed 12224K, reserved 1048576K
}
Event: 2176.760 GC heap before
{Heap before GC invocations=31 (full 0):
 garbage-first heap   total 103424K, used 50627K [0x0000000084800000, 0x0000000100000000)
  region size 1024K, 11 young (11264K), 3 survivors (3072K)
 Metaspace       used 79614K, committed 80576K, reserved 1179648K
  class space    used 11804K, committed 12224K, reserved 1048576K
}
Event: 2177.438 GC heap after
{Heap after GC invocations=32 (full 1):
 garbage-first heap   total 103424K, used 32862K [0x0000000084800000, 0x0000000100000000)
  region size 1024K, 0 young (0K), 0 survivors (0K)
 Metaspace       used 79527K, committed 80576K, reserved 1179648K
  class space    used 11781K, committed 12224K, reserved 1048576K
}
Event: 2180.109 GC heap before
{Heap before GC invocations=32 (full 1):
 garbage-first heap   total 103424K, used 92254K [0x0000000084800000, 0x0000000100000000)
  region size 1024K, 59 young (60416K), 0 survivors (0K)
 Metaspace       used 80053K, committed 80896K, reserved 1179648K
  class space    used 11852K, committed 12224K, reserved 1048576K
}
Event: 2180.127 GC heap after
{Heap after GC invocations=33 (full 1):
 garbage-first heap   total 103424K, used 39128K [0x0000000084800000, 0x0000000100000000)
  region size 1024K, 7 young (7168K), 7 survivors (7168K)
 Metaspace       used 80053K, committed 80896K, reserved 1179648K
  class space    used 11852K, committed 12224K, reserved 1048576K
}
Event: 2186.132 GC heap before
{Heap before GC invocations=34 (full 1):
 garbage-first heap   total 103424K, used 86232K [0x0000000084800000, 0x0000000100000000)
  region size 1024K, 53 young (54272K), 7 survivors (7168K)
 Metaspace       used 80501K, committed 81344K, reserved 1179648K
  class space    used 11916K, committed 12288K, reserved 1048576K
}
Event: 2186.143 GC heap after
{Heap after GC invocations=35 (full 1):
 garbage-first heap   total 103424K, used 38073K [0x0000000084800000, 0x0000000100000000)
  region size 1024K, 3 young (3072K), 3 survivors (3072K)
 Metaspace       used 80501K, committed 81344K, reserved 1179648K
  class space    used 11916K, committed 12288K, reserved 1048576K
}
Event: 2187.194 GC heap before
{Heap before GC invocations=35 (full 1):
 garbage-first heap   total 103424K, used 89273K [0x0000000084800000, 0x0000000100000000)
  region size 1024K, 54 young (55296K), 3 survivors (3072K)
 Metaspace       used 80924K, committed 81792K, reserved 1179648K
  class space    used 11956K, committed 12352K, reserved 1048576K
}
Event: 2187.222 GC heap after
{Heap after GC invocations=36 (full 1):
 garbage-first heap   total 103424K, used 41357K [0x0000000084800000, 0x0000000100000000)
  region size 1024K, 6 young (6144K), 6 survivors (6144K)
 Metaspace       used 80924K, committed 81792K, reserved 1179648K
  class space    used 11956K, committed 12352K, reserved 1048576K
}
Event: 2188.192 GC heap before
{Heap before GC invocations=36 (full 1):
 garbage-first heap   total 103424K, used 88461K [0x0000000084800000, 0x0000000100000000)
  region size 1024K, 52 young (53248K), 6 survivors (6144K)
 Metaspace       used 81210K, committed 82048K, reserved 1179648K
  class space    used 11981K, committed 12352K, reserved 1048576K
}

Dll operation events (13 events):
Event: 0.025 Loaded shared library C:\Program Files\Java\jdk-21\bin\java.dll
Event: 0.185 Loaded shared library C:\Program Files\Java\jdk-21\bin\zip.dll
Event: 0.191 Loaded shared library C:\Program Files\Java\jdk-21\bin\instrument.dll
Event: 0.197 Loaded shared library C:\Program Files\Java\jdk-21\bin\net.dll
Event: 0.200 Loaded shared library C:\Program Files\Java\jdk-21\bin\nio.dll
Event: 0.204 Loaded shared library C:\Program Files\Java\jdk-21\bin\zip.dll
Event: 0.370 Loaded shared library C:\Program Files\JetBrains\IntelliJ IDEA 2024.3.2\bin\breakgen64.dll
Event: 0.382 Loaded shared library C:\Program Files\Java\jdk-21\bin\jimage.dll
Event: 0.391 Loaded shared library C:\Program Files\Java\jdk-21\bin\extnet.dll
Event: 0.413 Loaded shared library C:\Program Files\Java\jdk-21\bin\management.dll
Event: 0.429 Loaded shared library C:\Program Files\Java\jdk-21\bin\management_ext.dll
Event: 3.650 Loaded shared library C:\Program Files\Java\jdk-21\bin\sunmscapi.dll
Event: 4.161 Loaded shared library C:\Program Files\Java\jdk-21\bin\verify.dll

Deoptimization events (20 events):
Event: 6.077 Thread 0x0000021b5346edc0 DEOPT PACKING pc=0x0000021b7ceb109c sp=0x000000e9b0dfaf60
Event: 6.077 Thread 0x0000021b5346edc0 DEOPT UNPACKING pc=0x0000021b7c8d4e42 sp=0x000000e9b0dfa4b8 mode 0
Event: 7.149 Thread 0x0000021b5346edc0 DEOPT PACKING pc=0x0000021b7ced9e59 sp=0x000000e9b0dfa6e0
Event: 7.149 Thread 0x0000021b5346edc0 DEOPT UNPACKING pc=0x0000021b7c8d4e42 sp=0x000000e9b0df9be8 mode 3
Event: 8.139 Thread 0x0000021b56db5360 DEOPT PACKING pc=0x0000021b7d70731c sp=0x000000e9b26fdd80
Event: 8.139 Thread 0x0000021b56db5360 DEOPT UNPACKING pc=0x0000021b7c8d4e42 sp=0x000000e9b26fd2a8 mode 0
Event: 8.139 Thread 0x0000021b56db5360 DEOPT PACKING pc=0x0000021b7d70d3dc sp=0x000000e9b26fde80
Event: 8.139 Thread 0x0000021b56db5360 DEOPT UNPACKING pc=0x0000021b7c8d4e42 sp=0x000000e9b26fd350 mode 0
Event: 8.139 Thread 0x0000021b56db5360 DEOPT PACKING pc=0x0000021b7d70731c sp=0x000000e9b26fe220
Event: 8.139 Thread 0x0000021b56db5360 DEOPT UNPACKING pc=0x0000021b7c8d4e42 sp=0x000000e9b26fd748 mode 0
Event: 8.139 Thread 0x0000021b56db5360 DEOPT PACKING pc=0x0000021b7d70d3dc sp=0x000000e9b26fe320
Event: 8.139 Thread 0x0000021b56db5360 DEOPT UNPACKING pc=0x0000021b7c8d4e42 sp=0x000000e9b26fd7f0 mode 0
Event: 18.938 Thread 0x0000021b53470170 DEOPT PACKING pc=0x0000021b7d3038bc sp=0x000000e9b0efeae0
Event: 18.938 Thread 0x0000021b53470170 DEOPT UNPACKING pc=0x0000021b7c8d4e42 sp=0x000000e9b0efdf78 mode 0
Event: 30.842 Thread 0x0000021b56db5360 DEOPT PACKING pc=0x0000021b7d3038bc sp=0x000000e9b26fefd0
Event: 30.842 Thread 0x0000021b56db5360 DEOPT UNPACKING pc=0x0000021b7c8d4e42 sp=0x000000e9b26fe468 mode 0
Event: 30.843 Thread 0x0000021b56db6080 DEOPT PACKING pc=0x0000021b7d3038bc sp=0x000000e9b28fecd0
Event: 30.843 Thread 0x0000021b56db6080 DEOPT UNPACKING pc=0x0000021b7c8d4e42 sp=0x000000e9b28fe168 mode 0
Event: 30.844 Thread 0x0000021b5346f450 DEOPT PACKING pc=0x0000021b7d3038bc sp=0x000000e9b00feeb0
Event: 30.844 Thread 0x0000021b5346f450 DEOPT UNPACKING pc=0x0000021b7c8d4e42 sp=0x000000e9b00fe348 mode 0

Classes loaded (20 events):
Event: 2172.983 Loading class java/util/stream/SliceOps
Event: 2173.073 Loading class java/util/stream/SliceOps done
Event: 2173.074 Loading class java/util/stream/SliceOps$1
Event: 2173.110 Loading class java/util/stream/SliceOps$1 done
Event: 2173.205 Loading class java/util/stream/SliceOps$1$1
Event: 2173.218 Loading class java/util/stream/SliceOps$1$1 done
Event: 2173.617 Loading class java/util/WeakHashMap$Values
Event: 2173.623 Loading class java/util/WeakHashMap$Values done
Event: 2173.624 Loading class java/util/WeakHashMap$ValueIterator
Event: 2173.631 Loading class java/util/WeakHashMap$ValueIterator done
Event: 2176.231 Loading class java/util/Collections$ReverseComparator
Event: 2176.240 Loading class java/util/Collections$ReverseComparator done
Event: 2176.448 Loading class java/util/concurrent/locks/AbstractQueuedSynchronizer$SharedNode
Event: 2176.449 Loading class java/util/concurrent/locks/AbstractQueuedSynchronizer$SharedNode done
Event: 2176.502 Loading class javax/management/NotificationBroadcasterSupport$WildcardListenerInfo
Event: 2176.507 Loading class javax/management/NotificationBroadcasterSupport$WildcardListenerInfo done
Event: 2177.440 Loading class java/lang/ref/Finalizer$2
Event: 2177.443 Loading class java/lang/ref/Finalizer$2 done
Event: 2177.443 Loading class java/lang/ref/Finalizer$1
Event: 2177.452 Loading class java/lang/ref/Finalizer$1 done

Classes unloaded (20 events):
Event: 2176.846 Thread 0x0000021b0d280800 Unloading class 0x0000021b0f4a5000 'jdk/internal/reflect/GeneratedSerializationConstructorAccessor49'
Event: 2176.846 Thread 0x0000021b0d280800 Unloading class 0x0000021b0f4c0000 'jdk/internal/reflect/GeneratedSerializationConstructorAccessor48'
Event: 2176.846 Thread 0x0000021b0d280800 Unloading class 0x0000021b0f4e0000 'java/lang/invoke/LambdaForm$MH+0x0000021b0f4e0000'
Event: 2176.847 Thread 0x0000021b0d280800 Unloading class 0x0000021b0f76cc00 'java/lang/invoke/LambdaForm$MH+0x0000021b0f76cc00'
Event: 2176.847 Thread 0x0000021b0d280800 Unloading class 0x0000021b0fbcc400 'java/lang/invoke/LambdaForm$MH+0x0000021b0fbcc400'
Event: 2176.847 Thread 0x0000021b0d280800 Unloading class 0x0000021b0fbc4400 'java/lang/invoke/LambdaForm$BMH+0x0000021b0fbc4400'
Event: 2176.847 Thread 0x0000021b0d280800 Unloading class 0x0000021b0fba2c00 'java/lang/invoke/LambdaForm$MH+0x0000021b0fba2c00'
Event: 2176.848 Thread 0x0000021b0d280800 Unloading class 0x0000021b0fba2800 'java/lang/invoke/LambdaForm$MH+0x0000021b0fba2800'
Event: 2176.848 Thread 0x0000021b0d280800 Unloading class 0x0000021b0fba2000 'java/lang/invoke/LambdaForm$DMH+0x0000021b0fba2000'
Event: 2176.848 Thread 0x0000021b0d280800 Unloading class 0x0000021b0fba1c00 'java/lang/invoke/LambdaForm$DMH+0x0000021b0fba1c00'
Event: 2176.848 Thread 0x0000021b0d280800 Unloading class 0x0000021b0fba1000 'java/lang/invoke/LambdaForm$DMH+0x0000021b0fba1000'
Event: 2176.848 Thread 0x0000021b0d280800 Unloading class 0x0000021b0fba1400 'java/lang/invoke/LambdaForm$DMH+0x0000021b0fba1400'
Event: 2176.848 Thread 0x0000021b0d280800 Unloading class 0x0000021b0fba0800 'java/lang/invoke/LambdaForm$DMH+0x0000021b0fba0800'
Event: 2176.848 Thread 0x0000021b0d280800 Unloading class 0x0000021b0fba0400 'java/lang/invoke/LambdaForm$DMH+0x0000021b0fba0400'
Event: 2176.849 Thread 0x0000021b0d280800 Unloading class 0x0000021b0f485c00 'java/lang/invoke/LambdaForm$MH+0x0000021b0f485c00'
Event: 2176.849 Thread 0x0000021b0d280800 Unloading class 0x0000021b0f484c00 'java/lang/invoke/LambdaForm$DMH+0x0000021b0f484c00'
Event: 2176.849 Thread 0x0000021b0d280800 Unloading class 0x0000021b0f484800 'java/lang/invoke/LambdaForm$MH+0x0000021b0f484800'
Event: 2176.849 Thread 0x0000021b0d280800 Unloading class 0x0000021b0f411c00 'java/lang/invoke/LambdaForm$MH+0x0000021b0f411c00'
Event: 2176.849 Thread 0x0000021b0d280800 Unloading class 0x0000021b0f11d000 'java/lang/invoke/LambdaForm$MH+0x0000021b0f11d000'
Event: 2176.849 Thread 0x0000021b0d280800 Unloading class 0x0000021b0f0c3400 'java/lang/invoke/LambdaForm$MH+0x0000021b0f0c3400'

Classes redefined (0 events):
No events

Internal exceptions (20 events):
Event: 2179.656 Thread 0x0000021b56db7430 Exception <a 'java/lang/NoClassDefFoundError'{0x0000000087e3d830}: liquibase/integration/spring/SpringLiquibase> (0x0000000087e3d830) 
thrown [s\open\src\hotspot\share\oops\constantPool.cpp, line 873]
Event: 2179.676 Thread 0x0000021b56db7430 Exception <a 'java/lang/NoClassDefFoundError'{0x0000000087d08cf0}: org/jooq/DSLContext> (0x0000000087d08cf0) 
thrown [s\open\src\hotspot\share\oops\constantPool.cpp, line 873]
Event: 2179.679 Thread 0x0000021b56db7430 Exception <a 'java/lang/NoClassDefFoundError'{0x0000000087d26b00}: org/springframework/batch/core/repository/JobRepository> (0x0000000087d26b00) 
thrown [s\open\src\hotspot\share\oops\constantPool.cpp, line 873]
Event: 2179.679 Thread 0x0000021b56db7430 Exception <a 'java/lang/NoClassDefFoundError'{0x0000000087d27158}: org/quartz/Scheduler> (0x0000000087d27158) 
thrown [s\open\src\hotspot\share\oops\constantPool.cpp, line 873]
Event: 2179.679 Thread 0x0000021b56db7430 Exception <a 'java/lang/NoClassDefFoundError'{0x0000000087d277d8}: org/springframework/session/jdbc/JdbcIndexedSessionRepository> (0x0000000087d277d8) 
thrown [s\open\src\hotspot\share\oops\constantPool.cpp, line 873]
Event: 2179.716 Thread 0x0000021b56db7430 Exception <a 'java/lang/NoSuchMethodError'{0x0000000087c6f8e8}: 'void java.lang.invoke.DelegatingMethodHandle$Holder.reinvoke_L(java.lang.Object, java.lang.Object, int)'> (0x0000000087c6f8e8) 
thrown [s\open\src\hotspot\share\interpreter\linkResolver.cpp, line 773]
Event: 2179.869 Thread 0x0000021b56db7430 Exception <a 'java/lang/NoSuchMethodError'{0x00000000877c2bf8}: 'int java.lang.invoke.DirectMethodHandle$Holder.invokeVirtual(java.lang.Object, java.lang.Object, java.lang.Object, java.lang.Object)'> (0x00000000877c2bf8) 
thrown [s\open\src\hotspot\share\interpreter\linkResolver.cpp, line 773]
Event: 2179.870 Thread 0x0000021b56db7430 Exception <a 'java/lang/NoSuchMethodError'{0x00000000877c61c0}: 'int java.lang.invoke.DelegatingMethodHandle$Holder.reinvoke_L(java.lang.Object, java.lang.Object, java.lang.Object, java.lang.Object)'> (0x00000000877c61c0) 
thrown [s\open\src\hotspot\share\interpreter\linkResolver.cpp, line 773]
Event: 2180.026 Thread 0x0000021b56db7430 Exception <a 'java/io/FileNotFoundException'{0x0000000087451cd8}> (0x0000000087451cd8) 
thrown [s\open\src\hotspot\share\prims\jni.cpp, line 520]
Event: 2184.415 Thread 0x0000021b56db7430 Exception <a 'java/io/FileNotFoundException'{0x000000008891ceb0}> (0x000000008891ceb0) 
thrown [s\open\src\hotspot\share\prims\jni.cpp, line 520]
Event: 2184.486 Thread 0x0000021b56db7430 Exception <a 'java/lang/NoClassDefFoundError'{0x0000000088850520}: liquibase/exception/ChangeLogParseException> (0x0000000088850520) 
thrown [s\open\src\hotspot\share\classfile\systemDictionary.cpp, line 301]
Event: 2185.965 Thread 0x0000021b56db7430 Exception <a 'sun/nio/fs/WindowsException'{0x0000000088629118}> (0x0000000088629118) 
thrown [s\open\src\hotspot\share\prims\jni.cpp, line 520]
Event: 2186.172 Thread 0x0000021b56db4cd0 Exception <a 'java/lang/NoClassDefFoundError'{0x000000008c39b588}: org/glassfish/jersey/server/monitoring/ApplicationEventListener> (0x000000008c39b588) 
thrown [s\open\src\hotspot\share\classfile\systemDictionary.cpp, line 301]
Event: 2186.883 Thread 0x0000021b56db7430 Exception <a 'java/lang/NoClassDefFoundError'{0x00000000889a9030}: org/flywaydb/core/Flyway> (0x00000000889a9030) 
thrown [s\open\src\hotspot\share\oops\constantPool.cpp, line 873]
Event: 2186.883 Thread 0x0000021b56db7430 Exception <a 'java/lang/NoClassDefFoundError'{0x00000000889a9690}: liquibase/integration/spring/SpringLiquibase> (0x00000000889a9690) 
thrown [s\open\src\hotspot\share\oops\constantPool.cpp, line 873]
Event: 2186.909 Thread 0x0000021b56db7430 Exception <a 'java/lang/NoClassDefFoundError'{0x0000000088860a00}: org/jooq/DSLContext> (0x0000000088860a00) 
thrown [s\open\src\hotspot\share\oops\constantPool.cpp, line 873]
Event: 2186.911 Thread 0x0000021b56db7430 Exception <a 'java/lang/NoClassDefFoundError'{0x000000008887e800}: org/springframework/batch/core/repository/JobRepository> (0x000000008887e800) 
thrown [s\open\src\hotspot\share\oops\constantPool.cpp, line 873]
Event: 2186.911 Thread 0x0000021b56db7430 Exception <a 'java/lang/NoClassDefFoundError'{0x000000008887ee58}: org/quartz/Scheduler> (0x000000008887ee58) 
thrown [s\open\src\hotspot\share\oops\constantPool.cpp, line 873]
Event: 2186.911 Thread 0x0000021b56db7430 Exception <a 'java/lang/NoClassDefFoundError'{0x000000008887f4d8}: org/springframework/session/jdbc/JdbcIndexedSessionRepository> (0x000000008887f4d8) 
thrown [s\open\src\hotspot\share\oops\constantPool.cpp, line 873]
Event: 2187.067 Thread 0x0000021b56db7430 Exception <a 'java/io/FileNotFoundException'{0x000000008806ca98}> (0x000000008806ca98) 
thrown [s\open\src\hotspot\share\prims\jni.cpp, line 520]

ZGC Phase Switch (0 events):
No events

VM Operations (20 events):
Event: 2180.199 Executing VM operation: G1PauseRemark done
Event: 2180.218 Executing VM operation: G1PauseCleanup
Event: 2180.218 Executing VM operation: G1PauseCleanup done
Event: 2180.743 Executing VM operation: ICBufferFull
Event: 2181.563 Executing VM operation: ICBufferFull done
Event: 2181.661 Executing VM operation: ICBufferFull
Event: 2181.662 Executing VM operation: ICBufferFull done
Event: 2181.851 Executing VM operation: ICBufferFull
Event: 2181.851 Executing VM operation: ICBufferFull done
Event: 2182.851 Executing VM operation: Cleanup
Event: 2182.874 Executing VM operation: Cleanup done
Event: 2183.875 Executing VM operation: Cleanup
Event: 2183.875 Executing VM operation: Cleanup done
Event: 2185.875 Executing VM operation: Cleanup
Event: 2185.875 Executing VM operation: Cleanup done
Event: 2186.132 Executing VM operation: G1CollectForAllocation (G1 Evacuation Pause)
Event: 2186.143 Executing VM operation: G1CollectForAllocation (G1 Evacuation Pause) done
Event: 2187.194 Executing VM operation: G1CollectForAllocation (G1 Evacuation Pause)
Event: 2187.223 Executing VM operation: G1CollectForAllocation (G1 Evacuation Pause) done
Event: 2188.191 Executing VM operation: G1CollectForAllocation (G1 Evacuation Pause)

Events (20 events):
Event: 2184.416 Thread 0x0000021b56db4cd0 Thread added: 0x0000021b56db4cd0
Event: 2184.416 Thread 0x0000021b56db8150 Thread added: 0x0000021b56db8150
Event: 2184.420 Thread 0x0000021b56db8150 Thread exited: 0x0000021b56db8150
Event: 2184.420 Thread 0x0000021b56db4cd0 Thread exited: 0x0000021b56db4cd0
Event: 2184.422 Thread 0x0000021b56db8150 Thread added: 0x0000021b56db8150
Event: 2184.422 Thread 0x0000021b56db7ac0 Thread exited: 0x0000021b56db7ac0
Event: 2184.423 Thread 0x0000021b56db5360 Thread exited: 0x0000021b56db5360
Event: 2184.428 Thread 0x0000021b56db8150 Thread exited: 0x0000021b56db8150
Event: 2184.517 Thread 0x0000021b56db7430 Thread exited: 0x0000021b56db7430
Event: 2184.518 Thread 0x0000021b56db7ac0 Thread added: 0x0000021b56db7ac0
Event: 2185.948 Thread 0x0000021b53681480 Thread exited: 0x0000021b53681480
Event: 2185.948 Thread 0x0000021b56f7f960 Thread exited: 0x0000021b56f7f960
Event: 2185.950 Thread 0x0000021b56db7430 Thread added: 0x0000021b56db7430
Event: 2186.153 Thread 0x0000021b56db4cd0 Thread added: 0x0000021b56db4cd0
Event: 2186.187 Thread 0x0000021b56db4cd0 Thread exited: 0x0000021b56db4cd0
Event: 2187.289 Thread 0x0000021b56db5360 Thread added: 0x0000021b56db5360
Event: 2187.392 Thread 0x0000021b56db6080 Thread added: 0x0000021b56db6080
Event: 2187.779 Thread 0x0000021b5699ba40 Thread added: 0x0000021b5699ba40
Event: 2187.779 Thread 0x0000021b0de7f040 Thread added: 0x0000021b0de7f040
Event: 2187.780 Thread 0x0000021b5702ffc0 Thread added: 0x0000021b5702ffc0


Dynamic libraries:
0x00007ff79e020000 - 0x00007ff79e030000 	C:\Program Files\Java\jdk-21\bin\java.exe
0x00007ffcb12c0000 - 0x00007ffcb1526000 	C:\WINDOWS\SYSTEM32\ntdll.dll
0x00007ffcafdb0000 - 0x00007ffcafe79000 	C:\WINDOWS\System32\KERNEL32.DLL
0x00007ffcae8b0000 - 0x00007ffcaec7c000 	C:\WINDOWS\System32\KERNELBASE.dll
0x00007ffcaec80000 - 0x00007ffcaedcb000 	C:\WINDOWS\System32\ucrtbase.dll
0x00007ffcaaee0000 - 0x00007ffcaaef9000 	C:\Program Files\Java\jdk-21\bin\jli.dll
0x00007ffca8ab0000 - 0x00007ffca8acb000 	C:\Program Files\Java\jdk-21\bin\VCRUNTIME140.dll
0x00007ffcaf250000 - 0x00007ffcaf302000 	C:\WINDOWS\System32\ADVAPI32.dll
0x00007ffcaf310000 - 0x00007ffcaf3b9000 	C:\WINDOWS\System32\msvcrt.dll
0x00007ffcb02b0000 - 0x00007ffcb0356000 	C:\WINDOWS\System32\sechost.dll
0x00007ffcaf450000 - 0x00007ffcaf566000 	C:\WINDOWS\System32\RPCRT4.dll
0x00007ffcaf650000 - 0x00007ffcaf81a000 	C:\WINDOWS\System32\USER32.dll
0x00007ffcae650000 - 0x00007ffcae677000 	C:\WINDOWS\System32\win32u.dll
0x00007ffc92620000 - 0x00007ffc928ba000 	C:\WINDOWS\WinSxS\amd64_microsoft.windows.common-controls_6595b64144ccf1df_6.0.26100.3912_none_3e07963ce335137e\COMCTL32.dll
0x00007ffcafe80000 - 0x00007ffcafeab000 	C:\WINDOWS\System32\GDI32.dll
0x00007ffcae510000 - 0x00007ffcae642000 	C:\WINDOWS\System32\gdi32full.dll
0x00007ffcae800000 - 0x00007ffcae8a3000 	C:\WINDOWS\System32\msvcp_win.dll
0x00007ffc9bd30000 - 0x00007ffc9bd3b000 	C:\WINDOWS\SYSTEM32\VERSION.dll
0x00007ffcb10b0000 - 0x00007ffcb10e0000 	C:\WINDOWS\System32\IMM32.DLL
0x00007ffca8a50000 - 0x00007ffca8a5c000 	C:\Program Files\Java\jdk-21\bin\vcruntime140_1.dll
0x00007ffc97200000 - 0x00007ffc9728e000 	C:\Program Files\Java\jdk-21\bin\msvcp140.dll
0x00007ffc833e0000 - 0x00007ffc840f3000 	C:\Program Files\Java\jdk-21\bin\server\jvm.dll
0x00007ffcb0ca0000 - 0x00007ffcb0d14000 	C:\WINDOWS\System32\WS2_32.dll
0x00007ffcae2a0000 - 0x00007ffcae2fe000 	C:\WINDOWS\SYSTEM32\POWRPROF.dll
0x00007ffca5450000 - 0x00007ffca5486000 	C:\WINDOWS\SYSTEM32\WINMM.dll
0x00007ffcae280000 - 0x00007ffcae294000 	C:\WINDOWS\SYSTEM32\UMPDC.dll
0x00007ffcad1d0000 - 0x00007ffcad1ea000 	C:\WINDOWS\SYSTEM32\kernel.appcore.dll
0x00007ffc85e50000 - 0x00007ffc85e5a000 	C:\Program Files\Java\jdk-21\bin\jimage.dll
0x00007ffcabc70000 - 0x00007ffcabeb1000 	C:\WINDOWS\SYSTEM32\DBGHELP.DLL
0x00007ffcb0d20000 - 0x00007ffcb10a4000 	C:\WINDOWS\System32\combase.dll
0x00007ffcb0460000 - 0x00007ffcb0540000 	C:\WINDOWS\System32\OLEAUT32.dll
0x00007ffc94110000 - 0x00007ffc94149000 	C:\WINDOWS\SYSTEM32\dbgcore.DLL
0x00007ffcaedd0000 - 0x00007ffcaee69000 	C:\WINDOWS\System32\bcryptPrimitives.dll
0x00007ffca8a40000 - 0x00007ffca8a4f000 	C:\Program Files\Java\jdk-21\bin\instrument.dll
0x00007ffc846a0000 - 0x00007ffc846bf000 	C:\Program Files\Java\jdk-21\bin\java.dll
0x00007ffcb0560000 - 0x00007ffcb0c8d000 	C:\WINDOWS\System32\SHELL32.dll
0x00007ffcaee70000 - 0x00007ffcaefe4000 	C:\WINDOWS\System32\wintypes.dll
0x00007ffcac080000 - 0x00007ffcac8d6000 	C:\WINDOWS\SYSTEM32\windows.storage.dll
0x00007ffcafcb0000 - 0x00007ffcafd9f000 	C:\WINDOWS\System32\SHCORE.dll
0x00007ffcb10f0000 - 0x00007ffcb1159000 	C:\WINDOWS\System32\shlwapi.dll
0x00007ffcae360000 - 0x00007ffcae38f000 	C:\WINDOWS\SYSTEM32\profapi.dll
0x00007ffc80c70000 - 0x00007ffc80c88000 	C:\Program Files\Java\jdk-21\bin\zip.dll
0x00007ffc80cb0000 - 0x00007ffc80cc0000 	C:\Program Files\Java\jdk-21\bin\net.dll
0x00007ffca5260000 - 0x00007ffca537e000 	C:\WINDOWS\SYSTEM32\WINHTTP.dll
0x00007ffcad720000 - 0x00007ffcad78a000 	C:\WINDOWS\system32\mswsock.dll
0x00007ffc80c90000 - 0x00007ffc80ca6000 	C:\Program Files\Java\jdk-21\bin\nio.dll
0x00007ffca8a10000 - 0x00007ffca8a2a000 	C:\Program Files\JetBrains\IntelliJ IDEA 2024.3.2\bin\breakgen64.dll
0x00007ffc94ea0000 - 0x00007ffc94ea9000 	C:\Program Files\Java\jdk-21\bin\extnet.dll
0x00007ffcacc80000 - 0x00007ffcacda7000 	C:\WINDOWS\SYSTEM32\DNSAPI.dll
0x00007ffcacbf0000 - 0x00007ffcacc23000 	C:\WINDOWS\SYSTEM32\IPHLPAPI.DLL
0x00007ffcb1160000 - 0x00007ffcb116a000 	C:\WINDOWS\System32\NSI.dll
0x00007ffca4a20000 - 0x00007ffca4a2b000 	C:\Windows\System32\rasadhlp.dll
0x00007ffca7ad0000 - 0x00007ffca7b56000 	C:\WINDOWS\System32\fwpuclnt.dll
0x00007ffc9b080000 - 0x00007ffc9b08a000 	C:\Program Files\Java\jdk-21\bin\management.dll
0x00007ffc9b070000 - 0x00007ffc9b07b000 	C:\Program Files\Java\jdk-21\bin\management_ext.dll
0x00007ffcb0550000 - 0x00007ffcb0558000 	C:\WINDOWS\System32\PSAPI.DLL
0x00007ffcadae0000 - 0x00007ffcadafc000 	C:\WINDOWS\SYSTEM32\CRYPTSP.dll
0x00007ffcad130000 - 0x00007ffcad16a000 	C:\WINDOWS\system32\rsaenh.dll
0x00007ffcad7c0000 - 0x00007ffcad7eb000 	C:\WINDOWS\SYSTEM32\USERENV.dll
0x00007ffcae330000 - 0x00007ffcae356000 	C:\WINDOWS\SYSTEM32\bcrypt.dll
0x00007ffcadac0000 - 0x00007ffcadacc000 	C:\WINDOWS\SYSTEM32\CRYPTBASE.dll
0x00007ffc88f30000 - 0x00007ffc88f48000 	C:\WINDOWS\system32\napinsp.dll
0x00007ffc88f10000 - 0x00007ffc88f22000 	C:\WINDOWS\System32\winrnr.dll
0x00007ffc88a00000 - 0x00007ffc88a30000 	C:\WINDOWS\system32\nlansp_c.dll
0x00007ffc9fcc0000 - 0x00007ffc9fcd6000 	C:\WINDOWS\system32\wshbth.dll
0x00007ffc8c590000 - 0x00007ffc8c5de000 	C:\WINDOWS\SYSTEM32\pdh.dll
0x00007ffca0650000 - 0x00007ffca0662000 	C:\WINDOWS\System32\perfproc.dll
0x00007ffc79540000 - 0x00007ffc7954e000 	C:\Program Files\Java\jdk-21\bin\sunmscapi.dll
0x00007ffcae680000 - 0x00007ffcae7f7000 	C:\WINDOWS\System32\CRYPT32.dll
0x00007ffcadc30000 - 0x00007ffcadc60000 	C:\WINDOWS\SYSTEM32\ncrypt.dll
0x00007ffcadbe0000 - 0x00007ffcadc1f000 	C:\WINDOWS\SYSTEM32\NTASN1.dll
0x00007ffca8a00000 - 0x00007ffca8a10000 	C:\Program Files\Java\jdk-21\bin\verify.dll
0x00007ffc94eb0000 - 0x00007ffc94eb8000 	C:\WINDOWS\system32\wshunix.dll

dbghelp: loaded successfully - version: 4.0.5 - missing functions: none
symbol engine: initialized successfully - sym options: 0x614 - pdb path: .;C:\Program Files\Java\jdk-21\bin;C:\WINDOWS\SYSTEM32;C:\WINDOWS\WinSxS\amd64_microsoft.windows.common-controls_6595b64144ccf1df_6.0.26100.3912_none_3e07963ce335137e;C:\Program Files\Java\jdk-21\bin\server;C:\Program Files\JetBrains\IntelliJ IDEA 2024.3.2\bin

VM Arguments:
jvm_args: -XX:TieredStopAtLevel=1 -Dspring.output.ansi.enabled=always -Dcom.sun.management.jmxremote -Dspring.jmx.enabled=true -Dspring.liveBeansView.mbeanDomain -Dspring.application.admin.enabled=true -Dmanagement.endpoints.jmx.exposure.include=* -javaagent:C:\Program Files\JetBrains\IntelliJ IDEA 2024.3.2\lib\idea_rt.jar=65374:C:\Program Files\JetBrains\IntelliJ IDEA 2024.3.2\bin -Dfile.encoding=UTF-8 -Dsun.stdout.encoding=UTF-8 -Dsun.stderr.encoding=UTF-8 
java_command: com.multi.mis.busgo_backend.BusgoBackendApplication
java_class_path (initial): D:\JavaProj\busg0-full\BUSGO_backend\target\classes;C:\Users\user\.m2\repository\org\springframework\boot\spring-boot-starter-web\3.1.4\spring-boot-starter-web-3.1.4.jar;C:\Users\user\.m2\repository\org\springframework\boot\spring-boot-starter\3.1.4\spring-boot-starter-3.1.4.jar;C:\Users\user\.m2\repository\org\springframework\boot\spring-boot-starter-logging\3.1.4\spring-boot-starter-logging-3.1.4.jar;C:\Users\user\.m2\repository\ch\qos\logback\logback-classic\1.4.11\logback-classic-1.4.11.jar;C:\Users\user\.m2\repository\ch\qos\logback\logback-core\1.4.11\logback-core-1.4.11.jar;C:\Users\user\.m2\repository\org\apache\logging\log4j\log4j-to-slf4j\2.20.0\log4j-to-slf4j-2.20.0.jar;C:\Users\user\.m2\repository\org\apache\logging\log4j\log4j-api\2.20.0\log4j-api-2.20.0.jar;C:\Users\user\.m2\repository\org\slf4j\jul-to-slf4j\2.0.9\jul-to-slf4j-2.0.9.jar;C:\Users\user\.m2\repository\jakarta\annotation\jakarta.annotation-api\2.1.1\jakarta.annotation-api-2.1.1.jar;C:\Users\user\.m2\repository\org\yaml\snakeyaml\1.33\snakeyaml-1.33.jar;C:\Users\user\.m2\repository\org\springframework\boot\spring-boot-starter-json\3.1.4\spring-boot-starter-json-3.1.4.jar;C:\Users\user\.m2\repository\com\fasterxml\jackson\datatype\jackson-datatype-jdk8\2.15.2\jackson-datatype-jdk8-2.15.2.jar;C:\Users\user\.m2\repository\com\fasterxml\jackson\datatype\jackson-datatype-jsr310\2.15.2\jackson-datatype-jsr310-2.15.2.jar;C:\Users\user\.m2\repository\com\fasterxml\jackson\module\jackson-module-parameter-names\2.15.2\jackson-module-parameter-names-2.15.2.jar;C:\Users\user\.m2\repository\org\springframework\boot\spring-boot-starter-tomcat\3.1.4\spring-boot-starter-tomcat-3.1.4.jar;C:\Users\user\.m2\repository\org\apache\tomcat\embed\tomcat-embed-core\10.1.13\tomcat-embed-core-10.1.13.jar;C:\Users\user\.m2\repository\org\apache\tomcat\embed\tomcat-embed-websocket\10.1.13\tomcat-embed-websocket-10.1.13.jar;C:\Users\user\.m2\repository\org\springframework\spring-web\6.0.12\spring-web-6.0.12.jar;C:\Users\user\.m2\repository\org\springframework\spring-beans\6.0.12\spring-beans-6.0.12.jar;C:\Users\user\.m2\repository\org\springframework\spring-webmvc\6.0.12\spring-webmvc-6.0.12.jar;C:\Users\user\.m2\repository\org\springframework\spring-context\6.0.12\spring-context-6.0.12.jar;C:\Users\user\.m2\repository\org\springframework\spring-expression\6.0.12\spring-expression-6.0.12.jar;C:\Users\user\.m2\repository\org\springframework\boot\spring-boot-starter-actuator\3.1.4\spring-boot-starter-actuator-3.1.4.jar;C:\Users\user\.m2\repository\org\springframework\boot\spring-boot-actuator-autoconfigure\3.1.4\spring-boot-actuator-autoconfigure-3.1.4.jar;C:\Users\user\.m2\repository\org\springframework\boot\spring-boot-actuator\3.1.4\spring-boot-actuator-3.1.4.jar;C:\Users\user\.m2\repository\io\micrometer\micrometer-observation\1.11.4\micrometer-observation-1.11.4.jar;C:\Users\user\.m2\repository\io\micrometer\micrometer-commons\1.11.4\micrometer-commons-1.11.4.jar;C:\Users\user\.m2\repository\io\micrometer\micrometer-core\1.11.4\micrometer-core-1.11.4.jar;C:\Users\user\.m2\repository\org\hdrhistogram\HdrHistogram\2.1.12\HdrHistogram-2.1.12.jar;C:\Users\user\.m2\repository\org\latencyutils\LatencyUtils\2.0.3\LatencyUtils-2.0.3.jar;C:\Users\user\.m2\repository\org\springframework\boot\spring-boot-starter-data-jpa\3.1.4\spring-boot-starter-data-jpa-3.1.4.jar;C:\Users\user\.m2\repository\org\springframework\boot\spring-boot-starter-aop\3.1.4\spring-boot-starter-aop-3.1.4.jar;C:\Users\user\.m2\repository\org\aspectj\aspectjweaver\1.9.20\aspectjweaver-1.9.20.jar;C:\Users\user\.m2\repository\org\springframework\boot\spring-boot-starter-jdbc\3.1.4\spring-boot-starter-jdbc-3.1.4.jar;C:\Users\user\.m2\repository\com\zaxxer\HikariCP\5.0.1\HikariCP-5.0.1.jar;C:\Users\user\.m2\repository\org\springframework\spring-jdbc\6.0.12\spring-jdbc-6.0.12.jar;C:\Users\user\.m2\repository\org\hibernate\orm\hibernate-core\6.2.9.Final\hibernate-core-6.2.9.Final.jar;C:\Users\user\.m2\repository\jakarta\persistence\jakarta.persistence-api\3.1.0\jakarta.persistence-api-3.1.0.jar;C:\Users\user\.m2\repository\jakarta\transaction\jakarta.transaction-api\2.0.1\jakarta.transaction-api-2.0.1.jar;C:\Users\user\.m2\repository\org\jboss\logging\jboss-logging\3.5.3.Final\jboss-logging-3.5.3.Final.jar;C:\Users\user\.m2\repository\org\hibernate\common\hibernate-commons-annotations\6.0.6.Final\hibernate-commons-annotations-6.0.6.Final.jar;C:\Users\user\.m2\repository\io\smallrye\jandex\3.0.5\jandex-3.0.5.jar;C:\Users\user\.m2\repository\com\fasterxml\classmate\1.5.1\classmate-1.5.1.jar;C:\Users\user\.m2\repository\net\bytebuddy\byte-buddy\1.14.8\byte-buddy-1.14.8.jar;C:\Users\user\.m2\repository\org\glassfish\jaxb\jaxb-runtime\4.0.3\jaxb-runtime-4.0.3.jar;C:\Users\user\.m2\repository\org\glassfish\jaxb\jaxb-core\4.0.3\jaxb-core-4.0.3.jar;C:\Users\user\.m2\repository\org\eclipse\angus\angus-activation\2.0.1\angus-activation-2.0.1.jar;C:\Users\user\.m2\repository\org\glassfish\jaxb\txw2\4.0.3\txw2-4.0.3.jar;C:\Users\user\.m2\repository\com\sun\istack\istack-commons-runtime\4.1.2\istack-commons-runtime-4.1.2.jar;C:\Users\user\.m2\repository\jakarta\inject\jakarta.inject-api\2.0.1\jakarta.inject-api-2.0.1.jar;C:\Users\user\.m2\repository\org\antlr\antlr4-runtime\4.10.1\antlr4-runtime-4.10.1.jar;C:\Users\user\.m2\repository\org\springframework\data\spring-data-jpa\3.1.4\spring-data-jpa-3.1.4.jar;C:\Users\user\.m2\repository\org\springframework\data\spring-data-commons\3.1.4\spring-data-commons-3.1.4.jar;C:\Users\user\.m2\repository\org\springframework\spring-orm\6.0.12\spring-orm-6.0.12.jar;C:\Users\user\.m2\repository\org\springframework\spring-tx\6.0.12\spring-tx-6.0.12.jar;C:\Users\user\.m2\repository\org\slf4j\slf4j-api\2.0.9\slf4j-api-2.0.9.jar;C:\Users\user\.m2\repository\org\springframework\spring-aspects\6.0.12\spring-aspects-6.0.12.jar;C:\Users\user\.m2\repository\com\mysql\mysql-connector-j\8.0.33\mysql-connector-j-8.0.33.jar;C:\Users\user\.m2\repository\org\springframework\boot\spring-boot-starter-validation\3.1.4\spring-boot-starter-validation-3.1.4.jar;C:\Users\user\.m2\repository\org\apache\tomcat\embed\tomcat-embed-el\10.1.13\tomcat-embed-el-10.1.13.jar;C:\Users\user\.m2\repository\org\hibernate\validator\hibernate-validator\8.0.1.Final\hibernate-validator-8.0.1.Final.jar;C:\Users\user\.m2\repository\jakarta\validation\jakarta.validation-api\3.0.2\jakarta.validation-api-3.0.2.jar;C:\Users\user\.m2\repository\org\springframework\boot\spring-boot-devtools\3.1.4\spring-boot-devtools-3.1.4.jar;C:\Users\user\.m2\repository\org\springframework\boot\spring-boot\3.1.4\spring-boot-3.1.4.jar;C:\Users\user\.m2\repository\org\springframework\boot\spring-boot-autoconfigure\3.1.4\spring-boot-autoconfigure-3.1.4.jar;C:\Users\user\.m2\repository\org\projectlombok\lombok\1.18.30\lombok-1.18.30.jar;C:\Users\user\.m2\repository\com\fasterxml\jackson\core\jackson-databind\2.15.2\jackson-databind-2.15.2.jar;C:\Users\user\.m2\repository\com\fasterxml\jackson\core\jackson-annotations\2.15.2\jackson-annotations-2.15.2.jar;C:\Users\user\.m2\repository\com\fasterxml\jackson\core\jackson-core\2.15.2\jackson-core-2.15.2.jar;C:\Users\user\.m2\repository\jakarta\xml\bind\jakarta.xml.bind-api\4.0.1\jakarta.xml.bind-api-4.0.1.jar;C:\Users\user\.m2\repository\jakarta\activation\jakarta.activation-api\2.1.2\jakarta.activation-api-2.1.2.jar;C:\Users\user\.m2\repository\org\springframework\spring-core\6.0.12\spring-core-6.0.12.jar;C:\Users\user\.m2\repository\org\springframework\spring-jcl\6.0.12\spring-jcl-6.0.12.jar;C:\Users\user\.m2\repository\org\springframework\boot\spring-boot-starter-security\3.1.4\spring-boot-starter-security-3.1.4.jar;C:\Users\user\.m2\repository\org\springframework\spring-aop\6.0.12\spring-aop-6.0.12.jar;C:\Users\user\.m2\repository\org\springframework\security\spring-security-config\6.1.4\spring-security-config-6.1.4.jar;C:\Users\user\.m2\repository\org\springframework\security\spring-security-core\6.1.4\spring-security-core-6.1.4.jar;C:\Users\user\.m2\repository\org\springframework\security\spring-security-crypto\6.1.4\spring-security-crypto-6.1.4.jar;C:\Users\user\.m2\repository\org\springframework\security\spring-security-web\6.1.4\spring-security-web-6.1.4.jar;C:\Users\user\.m2\repository\io\jsonwebtoken\jjwt-api\0.11.5\jjwt-api-0.11.5.jar;C:\Users\user\.m2\repository\io\jsonwebtoken\jjwt-impl\0.11.5\jjwt-impl-0.11.5.jar;C:\Users\user\.m2\repository\io\jsonwebtoken\jjwt-jackson\0.11.5\jjwt-jackson-0.11.5.jar
Launcher Type: SUN_STANDARD

[Global flags]
     intx CICompilerCount                          = 4                                         {product} {ergonomic}
     uint ConcGCThreads                            = 3                                         {product} {ergonomic}
     uint G1ConcRefinementThreads                  = 10                                        {product} {ergonomic}
   size_t G1HeapRegionSize                         = 1048576                                   {product} {ergonomic}
    uintx GCDrainStackTargetSize                   = 64                                        {product} {ergonomic}
   size_t InitialHeapSize                          = 130023424                                 {product} {ergonomic}
     bool ManagementServer                         = true                                      {product} {command line}
   size_t MarkStackSize                            = 4194304                                   {product} {ergonomic}
   size_t MaxHeapSize                              = 2071986176                                {product} {ergonomic}
   size_t MaxNewSize                               = 1242562560                                {product} {ergonomic}
   size_t MinHeapDeltaBytes                        = 1048576                                   {product} {ergonomic}
   size_t MinHeapSize                              = 8388608                                   {product} {ergonomic}
    uintx NonNMethodCodeHeapSize                   = 4096                                   {pd product} {ergonomic}
    uintx NonProfiledCodeHeapSize                  = 0                                      {pd product} {ergonomic}
     bool ProfileInterpreter                       = false                                  {pd product} {command line}
    uintx ProfiledCodeHeapSize                     = 0                                      {pd product} {ergonomic}
   size_t SoftMaxHeapSize                          = 2071986176                             {manageable} {ergonomic}
     intx TieredStopAtLevel                        = 1                                         {product} {command line}
     bool UseCompressedOops                        = true                           {product lp64_product} {ergonomic}
     bool UseG1GC                                  = true                                      {product} {ergonomic}
     bool UseLargePagesIndividualAllocation        = false                                  {pd product} {ergonomic}

Logging:
Log output configuration:
 #0: stdout all=warning uptime,level,tags foldmultilines=false
 #1: stderr all=off uptime,level,tags foldmultilines=false

Environment Variables:
PATH=C:\Program Files (x86)\VMware\VMware Workstation\bin\;C:\Ruby32\bin;D:\ruby\Ruby32\bin;C:\Program Files\Common Files\Oracle\Java\javapath;C:\Program Files\Microsoft\jdk-11.0.16.101-hotspot\bin;C:\Program Files (x86)\NVIDIA Corporation\PhysX\Common;C:\WINDOWS\system32;C:\WINDOWS;C:\WINDOWS\System32\Wbem;C:\WINDOWS\System32\WindowsPowerShell\v1.0\;C:\WINDOWS\System32\OpenSSH\;C:\Program Files\Git\cmd;C:\Program Files\nodejs\;C:\Program Files\Microsoft SQL Server\150\Tools\Binn\;C:\Program Files\dotnet\;C:\Program Files\Docker\Docker\resources\bin;C:\Program Files\PuTTY\;C:\MinGW\bin;C:\Program Files\PostgreSQL\17\bin;c:\Users\user\AppData\Local\Programs\cursor\resources\app\bin;C:\Program Files\Geth;D:\SFML-2.6.1-windows-gcc-13.1.0-mingw-64-bit\SFML-2.6.1\bin;C:\Program Files\CMake\bin;C:\WINDOWS\system32;C:\WINDOWS;C:\WINDOWS\System32\Wbem;C:\WINDOWS\System32\WindowsPowerShell\v1.0\;C:\WINDOWS\System32\OpenSSH\;C:\Program Files (x86)\Nmap;C:\xampp\php;C:\composer;C:\Users\user\AppData\Local\Programs\Python\Python313;C:\Users\user\AppData\Local\Programs\Python\Python313\Scripts;C:\Users\user\AppData\Roaming\npm;C:\Program Files\mosquitto;c:\Users\user\AppData\Local\Programs\Trae\bin;C:\Users\user\.console-ninja\.bin;C:\Program Files (x86)\VMware\VMware Workstation\bin\;C:\Ruby32\bin;D:\ruby\Ruby32\bin;C:\Program Files\Common Files\Oracle\Java\javapath;C:\Program Files\Microsoft\jdk-11.0.16.101-hotspot\bin;C:\Program Files (x86)\NVIDIA Corporation\PhysX\Common;C:\WINDOWS\system32;C:\WINDOWS;C:\WINDOWS\System32\Wbem;C:\WINDOWS\System32\WindowsPowerShell\v1.0\;C:\WINDOWS\System32\OpenSSH\;C:\Program Files\Git\cmd;C:\Program Files\nodejs\;C:\Program Files\Microsoft SQL Server\150\Tools\Binn\;C:\Program Files\dotnet\;C:\Program Files\Docker\Docker\resources\bin;C:\Program Files\PuTTY\;C:\MinGW\bin;C:\Program Files\PostgreSQL\17\bin;c:\Users\user\AppData\Local\Programs\cursor\resources\app\bin;C:\Program Files\Geth;D:\SFML-2.6.1-windows-gcc-13.1.0-mingw-64-bit\SFML-2.6.1\bin;C:\Program Files\CMake\bin;C:\WINDOWS\system32;C:\WINDOWS;C:\WINDOWS\System32\Wbem;C:\WINDOWS\System32\WindowsPowerShell\v1.0\;C:\WINDOWS\System32\OpenSSH\;C:\Program Files (x86)\Nmap;C:\xampp\php;C:\composer;C:\Program Files (x86)\VMware\VMware Workstation\bin\;C:\Ruby32\bin;D:\ruby\Ruby32\bin;C:\Program Files\Common Files\Oracle\Java\javapath;C:\Program Files\Microsoft\jdk-11.0.16.101-hotspot\bin;C:\Program Files (x86)\NVIDIA Corporation\PhysX\Common;C:\WINDOWS\system32;C:\WINDOWS;C:\WINDOWS\System32\Wbem;C:\WINDOWS\System32\WindowsPowerShell\v1.0\;C:\WINDOWS\System32\OpenSSH\;C:\Program Files\Git\cmd;C:\Program Files\nodejs\;C:\Program Files\Microsoft SQL Server\150\Tools\Binn\;C:\Program Files\dotnet\;C:\Program Files\Docker\Docker\resources\bin;C:\Program Files\PuTTY\;C:\MinGW\bin;C:\Program Files\PostgreSQL\17\bin;c:\Users\user\AppData\Local\Programs\cursor\resources\app\bin;C:\Program Files\Geth;D:\SFML-2.6.1-windows-gcc-13.1.0-mingw-64-bit\SFML-2.6.1\bin;C:\Program Files\CMake\bin;C:\WINDOWS\system32;C:\WINDOWS;C:\WINDOWS\System32\Wbem;C:\WINDOWS\System32\WindowsPowerShell\v1.0\;C:\WINDOWS\System32\OpenSSH\;C:\Program Files (x86)\Nmap;C:\xampp\php;C:\composer;C:\Program Files\Apache\maven\apache-maven-3.9.6\bin;C:\Program Files\Apache\maven\apache-maven-3.9.6\bin;C:\Users\user\AppData\Local\Programs\cursor\resources\app\bin;C:\Users\user\AppData\Local\Programs\Microsoft VS Code\bin;C:\Users\user\AppData\Local\Programs\Windsurf\bin;C:\Users\user\AppData\Local\GitHubDesktop\bin
USERNAME=user
OS=Windows_NT
PROCESSOR_IDENTIFIER=Intel64 Family 6 Model 154 Stepping 4, GenuineIntel
TMP=C:\Users\user\AppData\Local\Temp
TEMP=C:\Users\user\AppData\Local\Temp




Periodic native trim disabled

---------------  S Y S T E M  ---------------

OS:
 Windows 11 , 64 bit Build 26100 (10.0.26100.3912)
OS uptime: 1 days 13:38 hours
Hyper-V role detected

CPU: total 12 (initial active 12) (6 cores per cpu, 2 threads per core) family 6 model 154 stepping 4 microcode 0x42a, cx8, cmov, fxsr, ht, mmx, 3dnowpref, sse, sse2, sse3, ssse3, sse4.1, sse4.2, popcnt, lzcnt, tsc, tscinvbit, avx, avx2, aes, erms, clmul, bmi1, bmi2, adx, sha, fma, vzeroupper, clflush, clflushopt, clwb, hv, serialize, rdtscp, rdpid, fsrm, f16c, cet_ibt, cet_ss
Processor Information for processor 0
  Max Mhz: 1700, Current Mhz: 1457, Mhz Limit: 1700
Processor Information for processor 1
  Max Mhz: 1700, Current Mhz: 1700, Mhz Limit: 1700
Processor Information for processor 2
  Max Mhz: 1700, Current Mhz: 1457, Mhz Limit: 1700
Processor Information for processor 3
  Max Mhz: 1700, Current Mhz: 1457, Mhz Limit: 1700
Processor Information for processor 4
  Max Mhz: 1700, Current Mhz: 1200, Mhz Limit: 1190
Processor Information for processor 5
  Max Mhz: 1700, Current Mhz: 1200, Mhz Limit: 1190
Processor Information for processor 6
  Max Mhz: 1700, Current Mhz: 1200, Mhz Limit: 1190
Processor Information for processor 7
  Max Mhz: 1700, Current Mhz: 1200, Mhz Limit: 1190
Processor Information for processor 8
  Max Mhz: 1700, Current Mhz: 1200, Mhz Limit: 1190
Processor Information for processor 9
  Max Mhz: 1700, Current Mhz: 1200, Mhz Limit: 1190
Processor Information for processor 10
  Max Mhz: 1700, Current Mhz: 1200, Mhz Limit: 1190
Processor Information for processor 11
  Max Mhz: 1700, Current Mhz: 1200, Mhz Limit: 1190

Memory: 4k page, system-wide physical 7900M (716M free)
TotalPageFile size 20188M (AvailPageFile size 6M)
current process WorkingSet (physical memory assigned to process): 271M, peak: 279M
current process commit charge ("private bytes"): 344M, peak: 365M

vm_info: Java HotSpot(TM) 64-Bit Server VM (21.0.4+8-LTS-274) for windows-amd64 JRE (21.0.4+8-LTS-274), built on 2024-06-05T05:23:33Z by "mach5one" with MS VC++ 17.6 (VS2022)

END.
