#
# There is insufficient memory for the Java Runtime Environment to continue.
# Native memory allocation (malloc) failed to allocate 1048576 bytes for AllocateHeap
# Possible reasons:
#   The system is out of physical RAM or swap space
#   The process is running with CompressedOops enabled, and the Java Heap may be blocking the growth of the native heap
# Possible solutions:
#   Reduce memory load on the system
#   Increase physical memory or swap space
#   Check if swap backing store is full
#   Decrease Java heap size (-Xmx/-Xms)
#   Decrease number of Java threads
#   Decrease Java thread stack sizes (-Xss)
#   Set larger code cache with -XX:ReservedCodeCacheSize=
#   JVM is running with Unscaled Compressed Oops mode in which the Java heap is
#     placed in the first 4GB address space. The Java Heap base address is the
#     maximum limit for the native heap growth. Please use -XX:HeapBaseMinAddress
#     to set the Java Heap base and to place the Java Heap above 4GB virtual address.
# This output file may be truncated or incomplete.
#
#  Out of Memory Error (allocation.cpp:44), pid=18040, tid=17352
#
# JRE version: Java(TM) SE Runtime Environment (21.0.4+8) (build 21.0.4+8-LTS-274)
# Java VM: Java HotSpot(TM) 64-Bit Server VM (21.0.4+8-LTS-274, mixed mode, emulated-client, sharing, tiered, compressed oops, compressed class ptrs, g1 gc, windows-amd64)
# No core dump will be written. Minidumps are not enabled by default on client versions of Windows
#

---------------  S U M M A R Y ------------

Command Line: -XX:TieredStopAtLevel=1 -Dspring.output.ansi.enabled=always -Dcom.sun.management.jmxremote -Dspring.jmx.enabled=true -Dspring.liveBeansView.mbeanDomain -Dspring.application.admin.enabled=true -Dmanagement.endpoints.jmx.exposure.include=* -javaagent:C:\Program Files\JetBrains\IntelliJ IDEA 2024.3.2\lib\idea_rt.jar=23846:C:\Program Files\JetBrains\IntelliJ IDEA 2024.3.2\bin -Dfile.encoding=UTF-8 -Dsun.stdout.encoding=UTF-8 -Dsun.stderr.encoding=UTF-8 com.multi.mis.busgo_backend.BusgoBackendApplication

Host: 12th Gen Intel(R) Core(TM) i7-1255U, 12 cores, 7G,  Windows 11 , 64 bit Build 26100 (10.0.26100.3912)
Time: Tue Apr 29 22:14:03 2025 South Africa Standard Time elapsed time: 6543.421910 seconds (0d 1h 49m 3s)

---------------  T H R E A D  ---------------

Current thread (0x000001dc43f4b980):  VMThread "VM Thread"          [id=17352, stack(0x0000009b0a600000,0x0000009b0a700000) (1024K)]

Stack: [0x0000009b0a600000,0x0000009b0a700000]
Native frames: (J=compiled Java code, j=interpreted, Vv=VM code, C=native code)
V  [jvm.dll+0x6c8e59]
V  [jvm.dll+0x853181]
V  [jvm.dll+0x8556ae]
V  [jvm.dll+0x855d83]
V  [jvm.dll+0x27d526]
V  [jvm.dll+0xbf657]
V  [jvm.dll+0x343442]
V  [jvm.dll+0x33de8e]
V  [jvm.dll+0x326908]
V  [jvm.dll+0x369764]
V  [jvm.dll+0x85bb50]
V  [jvm.dll+0x85ced4]
V  [jvm.dll+0x85d410]
V  [jvm.dll+0x85d6b3]
V  [jvm.dll+0x7fd65b]
V  [jvm.dll+0x6c753d]
C  [ucrtbase.dll+0x37b0]
C  [KERNEL32.DLL+0x2e8d7]
C  [ntdll.dll+0x9c5dc]

VM_Operation (0x0000009b09cfefd0): G1CollectFull, mode: safepoint, requested by thread 0x000001dc8d9f1bb0


---------------  P R O C E S S  ---------------

Threads class SMR info:
_java_thread_list=0x000001dc8bf02420, length=16, elements={
0x000001dc43f6cc10, 0x000001dc43f6d280, 0x000001dc44912fd0, 0x000001dc44915a40,
0x000001dc4491aac0, 0x000001dc4491be70, 0x000001dc44925c80, 0x000001dc4491d220,
0x000001dc4491d8b0, 0x000001dc4491c500, 0x000001dc4491df40, 0x000001dc4491b7e0,
0x000001dc8ab9eb40, 0x000001dc8ab9d100, 0x000001dc8d9ee730, 0x000001dc8d9f1bb0
}
_to_delete_list=0x000001dc8a2cffd0, length=17, elements={
0x000001dc43f6cc10, 0x000001dc43f6d280, 0x000001dc44912fd0, 0x000001dc44915a40,
0x000001dc4491aac0, 0x000001dc4491be70, 0x000001dc44925c80, 0x000001dc4491d220,
0x000001dc4491d8b0, 0x000001dc4491c500, 0x000001dc4491df40, 0x000001dc4491b7e0,
0x000001dc8ab9eb40, 0x000001dc8ab9d100, 0x000001dc8d9ee730, 0x000001dc8d9f1bb0,
0x000001dc8d9f0800
}

Java Threads: ( => current thread )
  0x000001dc43f6cc10 JavaThread "Reference Handler"          daemon [_thread_blocked, id=7492, stack(0x0000009b0a700000,0x0000009b0a800000) (1024K)]
  0x000001dc43f6d280 JavaThread "Finalizer"                  daemon [_thread_blocked, id=22088, stack(0x0000009b0a800000,0x0000009b0a900000) (1024K)]
  0x000001dc44912fd0 JavaThread "Signal Dispatcher"          daemon [_thread_blocked, id=8336, stack(0x0000009b0a900000,0x0000009b0aa00000) (1024K)]
  0x000001dc44915a40 JavaThread "Attach Listener"            daemon [_thread_blocked, id=12392, stack(0x0000009b0aa00000,0x0000009b0ab00000) (1024K)]
  0x000001dc4491aac0 JavaThread "Service Thread"             daemon [_thread_blocked, id=17184, stack(0x0000009b0ab00000,0x0000009b0ac00000) (1024K)]
  0x000001dc4491be70 JavaThread "Monitor Deflation Thread"   daemon [_thread_blocked, id=22280, stack(0x0000009b0ac00000,0x0000009b0ad00000) (1024K)]
  0x000001dc44925c80 JavaThread "C1 CompilerThread0"         daemon [_thread_blocked, id=20552, stack(0x0000009b0ad00000,0x0000009b0ae00000) (1024K)]
  0x000001dc4491d220 JavaThread "Common-Cleaner"             daemon [_thread_blocked, id=11904, stack(0x0000009b0ae00000,0x0000009b0af00000) (1024K)]
  0x000001dc4491d8b0 JavaThread "Monitor Ctrl-Break"         daemon [_thread_in_native, id=3636, stack(0x0000009b0b200000,0x0000009b0b300000) (1024K)]
  0x000001dc4491c500 JavaThread "Notification Thread"        daemon [_thread_blocked, id=18220, stack(0x0000009b0b300000,0x0000009b0b400000) (1024K)]
  0x000001dc4491df40 JavaThread "RMI TCP Accept-0"           daemon [_thread_in_native, id=15860, stack(0x0000009b0b400000,0x0000009b0b500000) (1024K)]
  0x000001dc4491b7e0 JavaThread "RMI Scheduler(0)"           daemon [_thread_blocked, id=21780, stack(0x0000009b0b600000,0x0000009b0b700000) (1024K)]
  0x000001dc8ab9eb40 JavaThread "mysql-cj-abandoned-connection-cleanup" daemon [_thread_blocked, id=7956, stack(0x0000009b0c400000,0x0000009b0c500000) (1024K)]
  0x000001dc8ab9d100 JavaThread "Live Reload Server"         daemon [_thread_in_native, id=5744, stack(0x0000009b0cf00000,0x0000009b0d000000) (1024K)]
  0x000001dc8d9ee730 JavaThread "DestroyJavaVM"                     [_thread_blocked, id=9748, stack(0x0000009b09f00000,0x0000009b0a000000) (1024K)]
  0x000001dc8d9f1bb0 JavaThread "Thread-5"                          [_thread_blocked, id=9180, stack(0x0000009b09c00000,0x0000009b09d00000) (1024K)]
Total: 16

Other Threads:
=>0x000001dc43f4b980 VMThread "VM Thread"                           [id=17352, stack(0x0000009b0a600000,0x0000009b0a700000) (1024K)]
  0x000001dc43f32b50 WatcherThread "VM Periodic Task Thread"        [id=15336, stack(0x0000009b0a500000,0x0000009b0a600000) (1024K)]
  0x000001dc33532870 WorkerThread "GC Thread#0"                     [id=19956, stack(0x0000009b0a000000,0x0000009b0a100000) (1024K)]
  0x000001dc8a6e2e60 WorkerThread "GC Thread#1"                     [id=24620, stack(0x0000009b0b800000,0x0000009b0b900000) (1024K)]
  0x000001dc8a73e510 WorkerThread "GC Thread#2"                     [id=10872, stack(0x0000009b0b900000,0x0000009b0ba00000) (1024K)]
  0x000001dc8a73e8b0 WorkerThread "GC Thread#3"                     [id=21280, stack(0x0000009b0ba00000,0x0000009b0bb00000) (1024K)]
  0x000001dc8a73f060 WorkerThread "GC Thread#4"                     [id=17136, stack(0x0000009b0bb00000,0x0000009b0bc00000) (1024K)]
  0x000001dc8a73f810 WorkerThread "GC Thread#5"                     [id=2372, stack(0x0000009b0bc00000,0x0000009b0bd00000) (1024K)]
  0x000001dc8a73fbb0 WorkerThread "GC Thread#6"                     [id=2308, stack(0x0000009b0bd00000,0x0000009b0be00000) (1024K)]
  0x000001dc8a73ff50 WorkerThread "GC Thread#7"                     [id=19036, stack(0x0000009b0be00000,0x0000009b0bf00000) (1024K)]
  0x000001dc8a7467a0 WorkerThread "GC Thread#8"                     [id=21700, stack(0x0000009b0bf00000,0x0000009b0c000000) (1024K)]
  0x000001dc8a746b40 WorkerThread "GC Thread#9"                     [id=12508, stack(0x0000009b0c000000,0x0000009b0c100000) (1024K)]
  0x000001dc33542e60 ConcurrentGCThread "G1 Main Marker"            [id=2508, stack(0x0000009b0a100000,0x0000009b0a200000) (1024K)]
  0x000001dc33545d40 WorkerThread "G1 Conc#0"                       [id=6604, stack(0x0000009b0a200000,0x0000009b0a300000) (1024K)]
  0x000001dc8aca0830 WorkerThread "G1 Conc#1"                       [id=22412, stack(0x0000009b0c600000,0x0000009b0c700000) (1024K)]
  0x000001dc8aca1310 WorkerThread "G1 Conc#2"                       [id=17396, stack(0x0000009b0c700000,0x0000009b0c800000) (1024K)]
  0x000001dc43dfbc50 ConcurrentGCThread "G1 Refine#0"               [id=3564, stack(0x0000009b0a300000,0x0000009b0a400000) (1024K)]
  0x000001dc43dfe090 ConcurrentGCThread "G1 Service"                [id=5636, stack(0x0000009b0a400000,0x0000009b0a500000) (1024K)]
Total: 18

Threads with active compile tasks:
C1 CompilerThread0  6543518 9871       1       org.springframework.util.ConcurrentReferenceHashMap$EntryIterator::moveToNextSegment (55 bytes)
Total: 1

VM state: at safepoint (normal execution)

VM Mutex/Monitor currently owned by a thread:  ([mutex/lock_event])
[0x00007fff9aaf7e98] Threads_lock - owner thread: 0x000001dc43f4b980
[0x00007fff9aaf7f98] Heap_lock - owner thread: 0x000001dc8d9f1bb0

Heap address: 0x0000000084800000, size: 1976 MB, Compressed Oops mode: 32-bit

CDS archive(s) mapped at: [0x000001dc45000000-0x000001dc45c90000-0x000001dc45c90000), size 13172736, SharedBaseAddress: 0x000001dc45000000, ArchiveRelocationMode: 1.
Compressed class space mapped at: 0x000001dc46000000-0x000001dc86000000, reserved size: 1073741824
Narrow klass base: 0x000001dc45000000, Narrow klass shift: 0, Narrow klass range: 0x100000000

GC Precious Log:
 CardTable entry size: 512
 Card Set container configuration: InlinePtr #cards 5 size 8 Array Of Cards #cards 12 size 40 Howl #buckets 4 coarsen threshold 1843 Howl Bitmap #cards 512 size 80 coarsen threshold 460 Card regions per heap region 1 cards per card region 2048
 CPUs: 12 total, 12 available
 Memory: 7900M
 Large Page Support: Disabled
 NUMA Support: Disabled
 Compressed Oops: Enabled (32-bit)
 Heap Region Size: 1M
 Heap Min Capacity: 8M
 Heap Initial Capacity: 124M
 Heap Max Capacity: 1976M
 Pre-touch: Disabled
 Parallel Workers: 10
 Concurrent Workers: 3
 Concurrent Refinement Workers: 10
 Periodic GC: Disabled

Heap:
 garbage-first heap   total 96256K, used 80526K [0x0000000084800000, 0x0000000100000000)
  region size 1024K, 43 young (44032K), 2 survivors (2048K)
 Metaspace       used 77765K, committed 78976K, reserved 1179648K
  class space    used 11453K, committed 11968K, reserved 1048576K

Heap Regions: E=young(eden), S=young(survivor), O=old, HS=humongous(starts), HC=humongous(continues), CS=collection set, F=free, TAMS=top-at-mark-start, PB=parsable bottom
|   0|0x0000000084800000, 0x0000000084900000, 0x0000000084900000|100%|HS|  |TAMS 0x0000000084800000| PB 0x0000000084800000| Complete 
|   1|0x0000000084900000, 0x0000000084a00000, 0x0000000084a00000|100%| O|  |TAMS 0x0000000084900000| PB 0x0000000084900000| Untracked 
|   2|0x0000000084a00000, 0x0000000084b00000, 0x0000000084b00000|100%| O|  |TAMS 0x0000000084a00000| PB 0x0000000084a00000| Untracked 
|   3|0x0000000084b00000, 0x0000000084c00000, 0x0000000084c00000|100%| O|  |TAMS 0x0000000084b00000| PB 0x0000000084b00000| Untracked 
|   4|0x0000000084c00000, 0x0000000084d00000, 0x0000000084d00000|100%| O|  |TAMS 0x0000000084c00000| PB 0x0000000084c00000| Untracked 
|   5|0x0000000084d00000, 0x0000000084e00000, 0x0000000084e00000|100%| O|  |TAMS 0x0000000084d00000| PB 0x0000000084d00000| Untracked 
|   6|0x0000000084e00000, 0x0000000084f00000, 0x0000000084f00000|100%| O|  |TAMS 0x0000000084e00000| PB 0x0000000084e00000| Untracked 
|   7|0x0000000084f00000, 0x0000000085000000, 0x0000000085000000|100%| O|  |TAMS 0x0000000084f00000| PB 0x0000000084f00000| Untracked 
|   8|0x0000000085000000, 0x0000000085100000, 0x0000000085100000|100%| O|  |TAMS 0x0000000085000000| PB 0x0000000085000000| Untracked 
|   9|0x0000000085100000, 0x0000000085100000, 0x0000000085200000|  0%| F|  |TAMS 0x0000000085100000| PB 0x0000000085100000| Untracked 
|  10|0x0000000085200000, 0x0000000085200000, 0x0000000085300000|  0%| F|  |TAMS 0x0000000085200000| PB 0x0000000085200000| Untracked 
|  11|0x0000000085300000, 0x0000000085400000, 0x0000000085400000|100%| O|  |TAMS 0x0000000085300000| PB 0x0000000085300000| Untracked 
|  12|0x0000000085400000, 0x0000000085500000, 0x0000000085500000|100%| O|  |TAMS 0x0000000085400000| PB 0x0000000085400000| Untracked 
|  13|0x0000000085500000, 0x0000000085600000, 0x0000000085600000|100%| O|  |TAMS 0x0000000085500000| PB 0x0000000085500000| Untracked 
|  14|0x0000000085600000, 0x0000000085700000, 0x0000000085700000|100%| O|  |TAMS 0x0000000085600000| PB 0x0000000085600000| Untracked 
|  15|0x0000000085700000, 0x0000000085800000, 0x0000000085800000|100%| O|  |TAMS 0x0000000085700000| PB 0x0000000085700000| Untracked 
|  16|0x0000000085800000, 0x0000000085900000, 0x0000000085900000|100%| O|  |TAMS 0x0000000085800000| PB 0x0000000085800000| Untracked 
|  17|0x0000000085900000, 0x000000008595ab40, 0x0000000085a00000| 35%| O|  |TAMS 0x0000000085900000| PB 0x0000000085900000| Untracked 
|  18|0x0000000085a00000, 0x0000000085b00000, 0x0000000085b00000|100%| O|  |TAMS 0x0000000085a00000| PB 0x0000000085a00000| Untracked 
|  19|0x0000000085b00000, 0x0000000085c00000, 0x0000000085c00000|100%| O|  |TAMS 0x0000000085b00000| PB 0x0000000085b00000| Untracked 
|  20|0x0000000085c00000, 0x0000000085d00000, 0x0000000085d00000|100%| O|  |TAMS 0x0000000085c00000| PB 0x0000000085c00000| Untracked 
|  21|0x0000000085d00000, 0x0000000085e00000, 0x0000000085e00000|100%| O|  |TAMS 0x0000000085d00000| PB 0x0000000085d00000| Untracked 
|  22|0x0000000085e00000, 0x0000000085f00000, 0x0000000085f00000|100%| O|  |TAMS 0x0000000085e00000| PB 0x0000000085e00000| Untracked 
|  23|0x0000000085f00000, 0x0000000086000000, 0x0000000086000000|100%| O|  |TAMS 0x0000000085f00000| PB 0x0000000085f00000| Untracked 
|  24|0x0000000086000000, 0x0000000086100000, 0x0000000086100000|100%| O|  |TAMS 0x0000000086000000| PB 0x0000000086000000| Untracked 
|  25|0x0000000086100000, 0x0000000086200000, 0x0000000086200000|100%| O|  |TAMS 0x0000000086100000| PB 0x0000000086100000| Untracked 
|  26|0x0000000086200000, 0x0000000086300000, 0x0000000086300000|100%| O|  |TAMS 0x0000000086200000| PB 0x0000000086200000| Untracked 
|  27|0x0000000086300000, 0x0000000086400000, 0x0000000086400000|100%| O|  |TAMS 0x0000000086300000| PB 0x0000000086300000| Untracked 
|  28|0x0000000086400000, 0x0000000086400000, 0x0000000086500000|  0%| F|  |TAMS 0x0000000086400000| PB 0x0000000086400000| Untracked 
|  29|0x0000000086500000, 0x0000000086600000, 0x0000000086600000|100%| O|  |TAMS 0x0000000086500000| PB 0x0000000086500000| Untracked 
|  30|0x0000000086600000, 0x0000000086700000, 0x0000000086700000|100%| O|  |TAMS 0x0000000086600000| PB 0x0000000086600000| Untracked 
|  31|0x0000000086700000, 0x0000000086800000, 0x0000000086800000|100%| O|  |TAMS 0x0000000086700000| PB 0x0000000086700000| Untracked 
|  32|0x0000000086800000, 0x0000000086900000, 0x0000000086900000|100%| O|  |TAMS 0x0000000086800000| PB 0x0000000086800000| Untracked 
|  33|0x0000000086900000, 0x0000000086a00000, 0x0000000086a00000|100%| O|  |TAMS 0x0000000086900000| PB 0x0000000086900000| Untracked 
|  34|0x0000000086a00000, 0x0000000086b00000, 0x0000000086b00000|100%| O|  |TAMS 0x0000000086a00000| PB 0x0000000086a00000| Untracked 
|  35|0x0000000086b00000, 0x0000000086b00000, 0x0000000086c00000|  0%| F|  |TAMS 0x0000000086b00000| PB 0x0000000086b00000| Untracked 
|  36|0x0000000086c00000, 0x0000000086d00000, 0x0000000086d00000|100%| O|  |TAMS 0x0000000086c00000| PB 0x0000000086c00000| Untracked 
|  37|0x0000000086d00000, 0x0000000086e00000, 0x0000000086e00000|100%| O|  |TAMS 0x0000000086d00000| PB 0x0000000086d00000| Untracked 
|  38|0x0000000086e00000, 0x0000000086e00000, 0x0000000086f00000|  0%| F|  |TAMS 0x0000000086e00000| PB 0x0000000086e00000| Untracked 
|  39|0x0000000086f00000, 0x0000000086f00000, 0x0000000087000000|  0%| F|  |TAMS 0x0000000086f00000| PB 0x0000000086f00000| Untracked 
|  40|0x0000000087000000, 0x0000000087000000, 0x0000000087100000|  0%| F|  |TAMS 0x0000000087000000| PB 0x0000000087000000| Untracked 
|  41|0x0000000087100000, 0x0000000087200000, 0x0000000087200000|100%| O|  |TAMS 0x0000000087100000| PB 0x0000000087100000| Untracked 
|  42|0x0000000087200000, 0x0000000087300000, 0x0000000087300000|100%| O|  |TAMS 0x0000000087200000| PB 0x0000000087200000| Untracked 
|  43|0x0000000087300000, 0x0000000087400000, 0x0000000087400000|100%| O|  |TAMS 0x0000000087300000| PB 0x0000000087300000| Untracked 
|  44|0x0000000087400000, 0x0000000087500000, 0x0000000087500000|100%| O|  |TAMS 0x0000000087400000| PB 0x0000000087400000| Untracked 
|  45|0x0000000087500000, 0x0000000087500000, 0x0000000087600000|  0%| F|  |TAMS 0x0000000087500000| PB 0x0000000087500000| Untracked 
|  46|0x0000000087600000, 0x0000000087600000, 0x0000000087700000|  0%| F|  |TAMS 0x0000000087600000| PB 0x0000000087600000| Untracked 
|  47|0x0000000087700000, 0x0000000087748e70, 0x0000000087800000| 28%| S|CS|TAMS 0x0000000087700000| PB 0x0000000087700000| Complete 
|  48|0x0000000087800000, 0x0000000087900000, 0x0000000087900000|100%| S|CS|TAMS 0x0000000087800000| PB 0x0000000087800000| Complete 
|  49|0x0000000087900000, 0x0000000087900000, 0x0000000087a00000|  0%| F|  |TAMS 0x0000000087900000| PB 0x0000000087900000| Untracked 
|  50|0x0000000087a00000, 0x0000000087a00000, 0x0000000087b00000|  0%| F|  |TAMS 0x0000000087a00000| PB 0x0000000087a00000| Untracked 
|  51|0x0000000087b00000, 0x0000000087b00000, 0x0000000087c00000|  0%| F|  |TAMS 0x0000000087b00000| PB 0x0000000087b00000| Untracked 
|  52|0x0000000087c00000, 0x0000000087c00000, 0x0000000087d00000|  0%| F|  |TAMS 0x0000000087c00000| PB 0x0000000087c00000| Untracked 
|  53|0x0000000087d00000, 0x0000000087e00000, 0x0000000087e00000|100%| E|  |TAMS 0x0000000087d00000| PB 0x0000000087d00000| Complete 
|  54|0x0000000087e00000, 0x0000000087f00000, 0x0000000087f00000|100%| E|CS|TAMS 0x0000000087e00000| PB 0x0000000087e00000| Complete 
|  55|0x0000000087f00000, 0x0000000088000000, 0x0000000088000000|100%| E|CS|TAMS 0x0000000087f00000| PB 0x0000000087f00000| Complete 
|  56|0x0000000088000000, 0x0000000088100000, 0x0000000088100000|100%| E|CS|TAMS 0x0000000088000000| PB 0x0000000088000000| Complete 
|  57|0x0000000088100000, 0x0000000088200000, 0x0000000088200000|100%| E|CS|TAMS 0x0000000088100000| PB 0x0000000088100000| Complete 
|  58|0x0000000088200000, 0x0000000088300000, 0x0000000088300000|100%| E|CS|TAMS 0x0000000088200000| PB 0x0000000088200000| Complete 
|  59|0x0000000088300000, 0x0000000088400000, 0x0000000088400000|100%| E|CS|TAMS 0x0000000088300000| PB 0x0000000088300000| Complete 
|  60|0x0000000088400000, 0x0000000088500000, 0x0000000088500000|100%| E|CS|TAMS 0x0000000088400000| PB 0x0000000088400000| Complete 
|  61|0x0000000088500000, 0x0000000088600000, 0x0000000088600000|100%| E|CS|TAMS 0x0000000088500000| PB 0x0000000088500000| Complete 
|  62|0x0000000088600000, 0x0000000088700000, 0x0000000088700000|100%| E|CS|TAMS 0x0000000088600000| PB 0x0000000088600000| Complete 
|  63|0x0000000088700000, 0x0000000088800000, 0x0000000088800000|100%| E|CS|TAMS 0x0000000088700000| PB 0x0000000088700000| Complete 
|  64|0x0000000088800000, 0x0000000088900000, 0x0000000088900000|100%| E|CS|TAMS 0x0000000088800000| PB 0x0000000088800000| Complete 
|  65|0x0000000088900000, 0x0000000088a00000, 0x0000000088a00000|100%| E|CS|TAMS 0x0000000088900000| PB 0x0000000088900000| Complete 
|  66|0x0000000088a00000, 0x0000000088b00000, 0x0000000088b00000|100%| E|CS|TAMS 0x0000000088a00000| PB 0x0000000088a00000| Complete 
|  67|0x0000000088b00000, 0x0000000088c00000, 0x0000000088c00000|100%| E|CS|TAMS 0x0000000088b00000| PB 0x0000000088b00000| Complete 
|  68|0x0000000088c00000, 0x0000000088d00000, 0x0000000088d00000|100%| E|CS|TAMS 0x0000000088c00000| PB 0x0000000088c00000| Complete 
|  69|0x0000000088d00000, 0x0000000088e00000, 0x0000000088e00000|100%| E|CS|TAMS 0x0000000088d00000| PB 0x0000000088d00000| Complete 
|  70|0x0000000088e00000, 0x0000000088f00000, 0x0000000088f00000|100%| E|CS|TAMS 0x0000000088e00000| PB 0x0000000088e00000| Complete 
|  71|0x0000000088f00000, 0x0000000089000000, 0x0000000089000000|100%| E|CS|TAMS 0x0000000088f00000| PB 0x0000000088f00000| Complete 
|  72|0x0000000089000000, 0x0000000089100000, 0x0000000089100000|100%| E|CS|TAMS 0x0000000089000000| PB 0x0000000089000000| Complete 
|  73|0x0000000089100000, 0x0000000089200000, 0x0000000089200000|100%| E|CS|TAMS 0x0000000089100000| PB 0x0000000089100000| Complete 
|  74|0x0000000089200000, 0x0000000089300000, 0x0000000089300000|100%| E|CS|TAMS 0x0000000089200000| PB 0x0000000089200000| Complete 
|  75|0x0000000089300000, 0x0000000089400000, 0x0000000089400000|100%| E|CS|TAMS 0x0000000089300000| PB 0x0000000089300000| Complete 
|  76|0x0000000089400000, 0x0000000089500000, 0x0000000089500000|100%| E|CS|TAMS 0x0000000089400000| PB 0x0000000089400000| Complete 
|  77|0x0000000089500000, 0x0000000089600000, 0x0000000089600000|100%| E|CS|TAMS 0x0000000089500000| PB 0x0000000089500000| Complete 
|  78|0x0000000089600000, 0x0000000089700000, 0x0000000089700000|100%| E|CS|TAMS 0x0000000089600000| PB 0x0000000089600000| Complete 
|  79|0x0000000089700000, 0x0000000089800000, 0x0000000089800000|100%| E|CS|TAMS 0x0000000089700000| PB 0x0000000089700000| Complete 
|  80|0x0000000089800000, 0x0000000089900000, 0x0000000089900000|100%| E|CS|TAMS 0x0000000089800000| PB 0x0000000089800000| Complete 
|  81|0x0000000089900000, 0x0000000089a00000, 0x0000000089a00000|100%| E|CS|TAMS 0x0000000089900000| PB 0x0000000089900000| Complete 
|  82|0x0000000089a00000, 0x0000000089b00000, 0x0000000089b00000|100%| E|CS|TAMS 0x0000000089a00000| PB 0x0000000089a00000| Complete 
|  83|0x0000000089b00000, 0x0000000089c00000, 0x0000000089c00000|100%| E|CS|TAMS 0x0000000089b00000| PB 0x0000000089b00000| Complete 
|  84|0x0000000089c00000, 0x0000000089d00000, 0x0000000089d00000|100%| E|CS|TAMS 0x0000000089c00000| PB 0x0000000089c00000| Complete 
|  85|0x0000000089d00000, 0x0000000089e00000, 0x0000000089e00000|100%| E|CS|TAMS 0x0000000089d00000| PB 0x0000000089d00000| Complete 
|  86|0x0000000089e00000, 0x0000000089f00000, 0x0000000089f00000|100%| E|CS|TAMS 0x0000000089e00000| PB 0x0000000089e00000| Complete 
|  87|0x0000000089f00000, 0x000000008a000000, 0x000000008a000000|100%| E|CS|TAMS 0x0000000089f00000| PB 0x0000000089f00000| Complete 
|  88|0x000000008a000000, 0x000000008a100000, 0x000000008a100000|100%| E|CS|TAMS 0x000000008a000000| PB 0x000000008a000000| Complete 
|  89|0x000000008a100000, 0x000000008a200000, 0x000000008a200000|100%| E|CS|TAMS 0x000000008a100000| PB 0x000000008a100000| Complete 
|  90|0x000000008a200000, 0x000000008a300000, 0x000000008a300000|100%| E|CS|TAMS 0x000000008a200000| PB 0x000000008a200000| Complete 
|  91|0x000000008a300000, 0x000000008a400000, 0x000000008a400000|100%| E|CS|TAMS 0x000000008a300000| PB 0x000000008a300000| Complete 
|  92|0x000000008a400000, 0x000000008a500000, 0x000000008a500000|100%| E|CS|TAMS 0x000000008a400000| PB 0x000000008a400000| Complete 
| 123|0x000000008c300000, 0x000000008c400000, 0x000000008c400000|100%| E|CS|TAMS 0x000000008c300000| PB 0x000000008c300000| Complete 

Card table byte_map: [0x000001dc3f890000,0x000001dc3fc70000] _byte_map_base: 0x000001dc3f46c000

Marking Bits: (CMBitMap*) 0x000001dc33532e80
 Bits: [0x000001dc3fc70000, 0x000001dc41b50000)

Polling page: 0x000001dc31c10000

Metaspace:

Usage:
  Non-class:     64.76 MB used.
      Class:     11.19 MB used.
       Both:     75.94 MB used.

Virtual space:
  Non-class space:      128.00 MB reserved,      65.44 MB ( 51%) committed,  2 nodes.
      Class space:        1.00 GB reserved,      11.69 MB (  1%) committed,  1 nodes.
             Both:        1.12 GB reserved,      77.12 MB (  7%) committed. 

Chunk freelists:
   Non-Class:  14.34 MB
       Class:  4.50 MB
        Both:  18.85 MB

MaxMetaspaceSize: unlimited
CompressedClassSpaceSize: 1.00 GB
Initial GC threshold: 21.00 MB
Current GC threshold: 128.38 MB
CDS: on
 - commit_granule_bytes: 65536.
 - commit_granule_words: 8192.
 - virtual_space_node_default_size: 8388608.
 - enlarge_chunks_in_place: 1.
 - use_allocation_guard: 0.


Internal statistics:

num_allocs_failed_limit: 9.
num_arena_births: 1652.
num_arena_deaths: 590.
num_vsnodes_births: 3.
num_vsnodes_deaths: 0.
num_space_committed: 1234.
num_space_uncommitted: 0.
num_chunks_returned_to_freelist: 699.
num_chunks_taken_from_freelist: 4683.
num_chunk_merges: 186.
num_chunk_splits: 3177.
num_chunks_enlarged: 2359.
num_inconsistent_stats: 0.

CodeCache: size=49152Kb used=8721Kb max_used=17033Kb free=40430Kb
 bounds [0x000001dc3ba10000, 0x000001dc3cae0000, 0x000001dc3ea10000]
 total_blobs=4986 nmethods=4250 adapters=659
 compilation: enabled
              stopped_count=0, restarted_count=0
 full_count=0

Compilation events (20 events):
Event: 6541.596 Thread 0x000001dc44925c80 nmethod 9861 0x000001dc3bc91810 code [0x000001dc3bc919a0, 0x000001dc3bc91a68]
Event: 6541.786 Thread 0x000001dc44925c80 9863       1       org.apache.catalina.LifecycleState::getLifecycleEvent (5 bytes)
Event: 6541.787 Thread 0x000001dc44925c80 nmethod 9863 0x000001dc3bc93090 code [0x000001dc3bc93220, 0x000001dc3bc932e8]
Event: 6541.787 Thread 0x000001dc44925c80 9862  s    1       org.apache.catalina.util.LifecycleBase::setStateInternal (144 bytes)
Event: 6541.804 Thread 0x000001dc44925c80 nmethod 9862 0x000001dc3bcfd390 code [0x000001dc3bcfd5c0, 0x000001dc3bcfdcf0]
Event: 6541.978 Thread 0x000001dc44925c80 9864       1       org.springframework.beans.factory.support.DefaultSingletonBeanRegistry::getSingletonMutex (5 bytes)
Event: 6541.978 Thread 0x000001dc44925c80 nmethod 9864 0x000001dc3bc99590 code [0x000001dc3bc99720, 0x000001dc3bc997e8]
Event: 6542.121 Thread 0x000001dc44925c80 9865       1       org.hibernate.service.spi.ServiceBinding::getLifecycleOwner (5 bytes)
Event: 6542.122 Thread 0x000001dc44925c80 nmethod 9865 0x000001dc3bca6f90 code [0x000001dc3bca7120, 0x000001dc3bca71e8]
Event: 6542.257 Thread 0x000001dc44925c80 9866   !   1       org.springframework.beans.factory.support.DefaultSingletonBeanRegistry::destroyBean (346 bytes)
Event: 6542.268 Thread 0x000001dc44925c80 nmethod 9866 0x000001dc3c087710 code [0x000001dc3c087a80, 0x000001dc3c088668]
Event: 6542.315 Thread 0x000001dc44925c80 9867       1       com.mysql.cj.NativeSession::isClosed (5 bytes)
Event: 6542.315 Thread 0x000001dc44925c80 nmethod 9867 0x000001dc3bcab910 code [0x000001dc3bcabaa0, 0x000001dc3bcabb70]
Event: 6542.345 Thread 0x000001dc44925c80 9868       1       java.util.concurrent.ThreadPoolExecutor::isRunning (10 bytes)
Event: 6542.346 Thread 0x000001dc44925c80 nmethod 9868 0x000001dc3bcac110 code [0x000001dc3bcac2a0, 0x000001dc3bcac358]
Event: 6542.369 Thread 0x000001dc44925c80 9869       1       org.springframework.beans.factory.support.AbstractBeanFactory::hasBeanCreationStarted (18 bytes)
Event: 6542.369 Thread 0x000001dc44925c80 nmethod 9869 0x000001dc3bcbea10 code [0x000001dc3bcbeba0, 0x000001dc3bcbeca8]
Event: 6542.387 Thread 0x000001dc44925c80 9870   !   1       org.springframework.util.ConcurrentReferenceHashMap$Segment::clear (69 bytes)
Event: 6542.402 Thread 0x000001dc44925c80 nmethod 9870 0x000001dc3bb4a290 code [0x000001dc3bb4a4a0, 0x000001dc3bb4a950]
Event: 6542.402 Thread 0x000001dc44925c80 9871       1       org.springframework.util.ConcurrentReferenceHashMap$EntryIterator::moveToNextSegment (55 bytes)

GC Heap History (20 events):
Event: 1592.814 GC heap after
{Heap after GC invocations=28 (full 0):
 garbage-first heap   total 96256K, used 42282K [0x0000000084800000, 0x0000000100000000)
  region size 1024K, 3 young (3072K), 3 survivors (3072K)
 Metaspace       used 77635K, committed 78912K, reserved 1179648K
  class space    used 11422K, committed 11968K, reserved 1048576K
}
Event: 2048.441 GC heap before
{Heap before GC invocations=28 (full 0):
 garbage-first heap   total 96256K, used 86314K [0x0000000084800000, 0x0000000100000000)
  region size 1024K, 46 young (47104K), 3 survivors (3072K)
 Metaspace       used 77694K, committed 78976K, reserved 1179648K
  class space    used 11434K, committed 11968K, reserved 1048576K
}
Event: 2048.512 GC heap after
{Heap after GC invocations=29 (full 0):
 garbage-first heap   total 96256K, used 43003K [0x0000000084800000, 0x0000000100000000)
  region size 1024K, 4 young (4096K), 4 survivors (4096K)
 Metaspace       used 77694K, committed 78976K, reserved 1179648K
  class space    used 11434K, committed 11968K, reserved 1048576K
}
Event: 2501.973 GC heap before
{Heap before GC invocations=30 (full 0):
 garbage-first heap   total 96256K, used 84987K [0x0000000084800000, 0x0000000100000000)
  region size 1024K, 45 young (46080K), 4 survivors (4096K)
 Metaspace       used 77694K, committed 78976K, reserved 1179648K
  class space    used 11434K, committed 11968K, reserved 1048576K
}
Event: 2502.081 GC heap after
{Heap after GC invocations=31 (full 0):
 garbage-first heap   total 96256K, used 43053K [0x0000000084800000, 0x0000000100000000)
  region size 1024K, 2 young (2048K), 2 survivors (2048K)
 Metaspace       used 77694K, committed 78976K, reserved 1179648K
  class space    used 11434K, committed 11968K, reserved 1048576K
}
Event: 2985.544 GC heap before
{Heap before GC invocations=31 (full 0):
 garbage-first heap   total 96256K, used 87085K [0x0000000084800000, 0x0000000100000000)
  region size 1024K, 45 young (46080K), 2 survivors (2048K)
 Metaspace       used 77694K, committed 78976K, reserved 1179648K
  class space    used 11434K, committed 11968K, reserved 1048576K
}
Event: 2985.620 GC heap after
{Heap after GC invocations=32 (full 0):
 garbage-first heap   total 96256K, used 41210K [0x0000000084800000, 0x0000000100000000)
  region size 1024K, 2 young (2048K), 2 survivors (2048K)
 Metaspace       used 77694K, committed 78976K, reserved 1179648K
  class space    used 11434K, committed 11968K, reserved 1048576K
}
Event: 3491.073 GC heap before
{Heap before GC invocations=32 (full 0):
 garbage-first heap   total 96256K, used 87290K [0x0000000084800000, 0x0000000100000000)
  region size 1024K, 47 young (48128K), 2 survivors (2048K)
 Metaspace       used 77694K, committed 78976K, reserved 1179648K
  class space    used 11434K, committed 11968K, reserved 1048576K
}
Event: 3491.160 GC heap after
{Heap after GC invocations=33 (full 0):
 garbage-first heap   total 96256K, used 41183K [0x0000000084800000, 0x0000000100000000)
  region size 1024K, 2 young (2048K), 2 survivors (2048K)
 Metaspace       used 77694K, committed 78976K, reserved 1179648K
  class space    used 11434K, committed 11968K, reserved 1048576K
}
Event: 3973.062 GC heap before
{Heap before GC invocations=34 (full 0):
 garbage-first heap   total 96256K, used 87263K [0x0000000084800000, 0x0000000100000000)
  region size 1024K, 47 young (48128K), 2 survivors (2048K)
 Metaspace       used 77618K, committed 78976K, reserved 1179648K
  class space    used 11417K, committed 11968K, reserved 1048576K
}
Event: 3973.124 GC heap after
{Heap after GC invocations=35 (full 0):
 garbage-first heap   total 96256K, used 41469K [0x0000000084800000, 0x0000000100000000)
  region size 1024K, 2 young (2048K), 2 survivors (2048K)
 Metaspace       used 77618K, committed 78976K, reserved 1179648K
  class space    used 11417K, committed 11968K, reserved 1048576K
}
Event: 4475.949 GC heap before
{Heap before GC invocations=35 (full 0):
 garbage-first heap   total 96256K, used 87549K [0x0000000084800000, 0x0000000100000000)
  region size 1024K, 47 young (48128K), 2 survivors (2048K)
 Metaspace       used 77618K, committed 78976K, reserved 1179648K
  class space    used 11417K, committed 11968K, reserved 1048576K
}
Event: 4476.025 GC heap after
{Heap after GC invocations=36 (full 0):
 garbage-first heap   total 96256K, used 40500K [0x0000000084800000, 0x0000000100000000)
  region size 1024K, 2 young (2048K), 2 survivors (2048K)
 Metaspace       used 77618K, committed 78976K, reserved 1179648K
  class space    used 11417K, committed 11968K, reserved 1048576K
}
Event: 4987.461 GC heap before
{Heap before GC invocations=36 (full 0):
 garbage-first heap   total 96256K, used 86580K [0x0000000084800000, 0x0000000100000000)
  region size 1024K, 47 young (48128K), 2 survivors (2048K)
 Metaspace       used 77618K, committed 78976K, reserved 1179648K
  class space    used 11417K, committed 11968K, reserved 1048576K
}
Event: 4987.493 GC heap after
{Heap after GC invocations=37 (full 0):
 garbage-first heap   total 96256K, used 40497K [0x0000000084800000, 0x0000000100000000)
  region size 1024K, 2 young (2048K), 2 survivors (2048K)
 Metaspace       used 77618K, committed 78976K, reserved 1179648K
  class space    used 11417K, committed 11968K, reserved 1048576K
}
Event: 5475.604 GC heap before
{Heap before GC invocations=38 (full 0):
 garbage-first heap   total 96256K, used 86577K [0x0000000084800000, 0x0000000100000000)
  region size 1024K, 47 young (48128K), 2 survivors (2048K)
 Metaspace       used 77619K, committed 78976K, reserved 1179648K
  class space    used 11418K, committed 11968K, reserved 1048576K
}
Event: 5475.625 GC heap after
{Heap after GC invocations=39 (full 0):
 garbage-first heap   total 96256K, used 40750K [0x0000000084800000, 0x0000000100000000)
  region size 1024K, 2 young (2048K), 2 survivors (2048K)
 Metaspace       used 77619K, committed 78976K, reserved 1179648K
  class space    used 11418K, committed 11968K, reserved 1048576K
}
Event: 5980.342 GC heap before
{Heap before GC invocations=39 (full 0):
 garbage-first heap   total 96256K, used 86830K [0x0000000084800000, 0x0000000100000000)
  region size 1024K, 47 young (48128K), 2 survivors (2048K)
 Metaspace       used 77619K, committed 78976K, reserved 1179648K
  class space    used 11418K, committed 11968K, reserved 1048576K
}
Event: 5980.432 GC heap after
{Heap after GC invocations=40 (full 0):
 garbage-first heap   total 96256K, used 39566K [0x0000000084800000, 0x0000000100000000)
  region size 1024K, 2 young (2048K), 2 survivors (2048K)
 Metaspace       used 77619K, committed 78976K, reserved 1179648K
  class space    used 11418K, committed 11968K, reserved 1048576K
}
Event: 6542.408 GC heap before
{Heap before GC invocations=40 (full 0):
 garbage-first heap   total 96256K, used 80526K [0x0000000084800000, 0x0000000100000000)
  region size 1024K, 43 young (44032K), 2 survivors (2048K)
 Metaspace       used 77765K, committed 78976K, reserved 1179648K
  class space    used 11453K, committed 11968K, reserved 1048576K
}

Dll operation events (13 events):
Event: 0.027 Loaded shared library C:\Program Files\Java\jdk-21\bin\java.dll
Event: 0.375 Loaded shared library C:\Program Files\Java\jdk-21\bin\zip.dll
Event: 0.382 Loaded shared library C:\Program Files\Java\jdk-21\bin\instrument.dll
Event: 0.390 Loaded shared library C:\Program Files\Java\jdk-21\bin\net.dll
Event: 0.394 Loaded shared library C:\Program Files\Java\jdk-21\bin\nio.dll
Event: 0.399 Loaded shared library C:\Program Files\Java\jdk-21\bin\zip.dll
Event: 0.642 Loaded shared library C:\Program Files\Java\jdk-21\bin\jimage.dll
Event: 0.687 Loaded shared library C:\Program Files\JetBrains\IntelliJ IDEA 2024.3.2\bin\breakgen64.dll
Event: 0.702 Loaded shared library C:\Program Files\Java\jdk-21\bin\extnet.dll
Event: 0.718 Loaded shared library C:\Program Files\Java\jdk-21\bin\management.dll
Event: 0.739 Loaded shared library C:\Program Files\Java\jdk-21\bin\management_ext.dll
Event: 4.214 Loaded shared library C:\Program Files\Java\jdk-21\bin\sunmscapi.dll
Event: 4.868 Loaded shared library C:\Program Files\Java\jdk-21\bin\verify.dll

Deoptimization events (20 events):
Event: 9.494 Thread 0x000001dc8d9f1bb0 DEOPT PACKING pc=0x000001dc3c8a44dc sp=0x0000009b0c1fd580
Event: 9.494 Thread 0x000001dc8d9f1bb0 DEOPT UNPACKING pc=0x000001dc3ba64e42 sp=0x0000009b0c1fcaa8 mode 0
Event: 9.505 Thread 0x000001dc8d9f1bb0 DEOPT PACKING pc=0x000001dc3c8a895c sp=0x0000009b0c1fd680
Event: 9.505 Thread 0x000001dc8d9f1bb0 DEOPT UNPACKING pc=0x000001dc3ba64e42 sp=0x0000009b0c1fcb50 mode 0
Event: 9.514 Thread 0x000001dc8d9f1bb0 DEOPT PACKING pc=0x000001dc3c8a469c sp=0x0000009b0c1fdde0
Event: 9.514 Thread 0x000001dc8d9f1bb0 DEOPT UNPACKING pc=0x000001dc3ba64e42 sp=0x0000009b0c1fd308 mode 0
Event: 9.514 Thread 0x000001dc8d9f1bb0 DEOPT PACKING pc=0x000001dc3c8a895c sp=0x0000009b0c1fdee0
Event: 9.514 Thread 0x000001dc8d9f1bb0 DEOPT UNPACKING pc=0x000001dc3ba64e42 sp=0x0000009b0c1fd3b0 mode 0
Event: 9.514 Thread 0x000001dc8d9f1bb0 DEOPT PACKING pc=0x000001dc3c8a469c sp=0x0000009b0c1fe280
Event: 9.514 Thread 0x000001dc8d9f1bb0 DEOPT UNPACKING pc=0x000001dc3ba64e42 sp=0x0000009b0c1fd7a8 mode 0
Event: 9.514 Thread 0x000001dc8d9f1bb0 DEOPT PACKING pc=0x000001dc3c8a895c sp=0x0000009b0c1fe380
Event: 9.514 Thread 0x000001dc8d9f1bb0 DEOPT UNPACKING pc=0x000001dc3ba64e42 sp=0x0000009b0c1fd850 mode 0
Event: 29.775 Thread 0x000001dc8d9f1bb0 DEOPT PACKING pc=0x000001dc3c49a73c sp=0x0000009b0c1ff030
Event: 29.775 Thread 0x000001dc8d9f1bb0 DEOPT UNPACKING pc=0x000001dc3ba64e42 sp=0x0000009b0c1fe4c8 mode 0
Event: 31.398 Thread 0x000001dc8d9f2240 DEOPT PACKING pc=0x000001dc3c49a73c sp=0x0000009b0dafed00
Event: 31.398 Thread 0x000001dc8ab9e4b0 DEOPT PACKING pc=0x000001dc3c49a73c sp=0x0000009b0c3fed00
Event: 31.398 Thread 0x000001dc8d9f2240 DEOPT UNPACKING pc=0x000001dc3ba64e42 sp=0x0000009b0dafe198 mode 0
Event: 31.398 Thread 0x000001dc4491b150 DEOPT PACKING pc=0x000001dc3c49a73c sp=0x0000009b0b5feb70
Event: 31.398 Thread 0x000001dc8ab9e4b0 DEOPT UNPACKING pc=0x000001dc3ba64e42 sp=0x0000009b0c3fe198 mode 0
Event: 31.398 Thread 0x000001dc4491b150 DEOPT UNPACKING pc=0x000001dc3ba64e42 sp=0x0000009b0b5fe008 mode 0

Classes loaded (20 events):
Event: 1764.627 Loading class javax/net/ssl/SSLSocket
Event: 1764.641 Loading class javax/net/ssl/SSLSocket done
Event: 1764.642 Loading class java/security/UnrecoverableKeyException
Event: 1764.643 Loading class java/security/UnrecoverableEntryException
Event: 1764.644 Loading class java/security/UnrecoverableEntryException done
Event: 1764.644 Loading class java/security/UnrecoverableKeyException done
Event: 1764.644 Loading class java/security/KeyStoreException
Event: 1764.644 Loading class java/security/KeyStoreException done
Event: 1764.645 Loading class java/security/KeyManagementException
Event: 1764.647 Loading class java/security/KeyManagementException done
Event: 1764.652 Loading class javax/net/ssl/TrustManager
Event: 1764.653 Loading class javax/net/ssl/TrustManager done
Event: 6045.870 Loading class sun/net/ConnectionResetException
Event: 6045.962 Loading class sun/net/ConnectionResetException done
Event: 6540.935 Loading class java/util/Collections$ReverseComparator
Event: 6540.971 Loading class java/util/Collections$ReverseComparator done
Event: 6541.715 Loading class java/util/concurrent/locks/AbstractQueuedSynchronizer$SharedNode
Event: 6541.722 Loading class java/util/concurrent/locks/AbstractQueuedSynchronizer$SharedNode done
Event: 6541.853 Loading class javax/management/NotificationBroadcasterSupport$WildcardListenerInfo
Event: 6541.870 Loading class javax/management/NotificationBroadcasterSupport$WildcardListenerInfo done

Classes unloaded (20 events):
Event: 3491.298 Thread 0x000001dc43f4b980 Unloading class 0x000001dc46ad9000 'java/lang/invoke/LambdaForm$MH+0x000001dc46ad9000'
Event: 3491.298 Thread 0x000001dc43f4b980 Unloading class 0x000001dc46ad8c00 'java/lang/invoke/LambdaForm$MH+0x000001dc46ad8c00'
Event: 3491.298 Thread 0x000001dc43f4b980 Unloading class 0x000001dc46ad8800 'java/lang/invoke/LambdaForm$MH+0x000001dc46ad8800'
Event: 3491.298 Thread 0x000001dc43f4b980 Unloading class 0x000001dc46ad8400 'java/lang/invoke/LambdaForm$MH+0x000001dc46ad8400'
Event: 3491.298 Thread 0x000001dc43f4b980 Unloading class 0x000001dc46ad8000 'java/lang/invoke/LambdaForm$MH+0x000001dc46ad8000'
Event: 3491.298 Thread 0x000001dc43f4b980 Unloading class 0x000001dc46ad5c00 'java/lang/invoke/LambdaForm$MH+0x000001dc46ad5c00'
Event: 3491.298 Thread 0x000001dc43f4b980 Unloading class 0x000001dc46ad5800 'java/lang/invoke/LambdaForm$MH+0x000001dc46ad5800'
Event: 3491.298 Thread 0x000001dc43f4b980 Unloading class 0x000001dc46ad5400 'java/lang/invoke/LambdaForm$MH+0x000001dc46ad5400'
Event: 3491.298 Thread 0x000001dc43f4b980 Unloading class 0x000001dc46ad5000 'java/lang/invoke/LambdaForm$DMH+0x000001dc46ad5000'
Event: 3491.298 Thread 0x000001dc43f4b980 Unloading class 0x000001dc46ad4800 'jdk/internal/reflect/GeneratedSerializationConstructorAccessor32'
Event: 3491.298 Thread 0x000001dc43f4b980 Unloading class 0x000001dc46ad4400 'jdk/internal/reflect/GeneratedSerializationConstructorAccessor31'
Event: 3491.299 Thread 0x000001dc43f4b980 Unloading class 0x000001dc46ad4000 'jdk/internal/reflect/GeneratedSerializationConstructorAccessor30'
Event: 3491.300 Thread 0x000001dc43f4b980 Unloading class 0x000001dc461edc00 'jdk/internal/reflect/GeneratedSerializationConstructorAccessor25'
Event: 3491.300 Thread 0x000001dc43f4b980 Unloading class 0x000001dc461ed800 'jdk/internal/reflect/GeneratedSerializationConstructorAccessor24'
Event: 3491.300 Thread 0x000001dc43f4b980 Unloading class 0x000001dc461ed400 'jdk/internal/reflect/GeneratedSerializationConstructorAccessor23'
Event: 3491.301 Thread 0x000001dc43f4b980 Unloading class 0x000001dc461ed000 'jdk/internal/reflect/GeneratedSerializationConstructorAccessor22'
Event: 3491.301 Thread 0x000001dc43f4b980 Unloading class 0x000001dc461ecc00 'jdk/internal/reflect/GeneratedSerializationConstructorAccessor21'
Event: 3491.301 Thread 0x000001dc43f4b980 Unloading class 0x000001dc461ec800 'jdk/internal/reflect/GeneratedSerializationConstructorAccessor20'
Event: 3491.301 Thread 0x000001dc43f4b980 Unloading class 0x000001dc460f2400 'jdk/internal/reflect/GeneratedSerializationConstructorAccessor10'
Event: 3491.302 Thread 0x000001dc43f4b980 Unloading class 0x000001dc460f1c00 'jdk/internal/reflect/GeneratedSerializationConstructorAccessor9'

Classes redefined (0 events):
No events

Internal exceptions (20 events):
Event: 9.291 Thread 0x000001dc8ab9e4b0 Exception <a 'java/lang/NoSuchMethodError'{0x0000000089c814c0}: 'java.lang.Object java.lang.invoke.DirectMethodHandle$Holder.invokeInterface(java.lang.Object, java.lang.Object, java.lang.Object, java.lang.Object, java.lang.Object, java.lang.Object, java.lang.Object)'> (0x0000000089c814c0) 
thrown [s\open\src\hotspot\share\interpreter\linkResolver.cpp, line 773]
Event: 9.454 Thread 0x000001dc4491b150 Exception <a 'java/lang/NoSuchMethodError'{0x000000008958fd18}: 'java.lang.Object java.lang.invoke.DirectMethodHandle$Holder.newInvokeSpecial(java.lang.Object, java.lang.Object, java.lang.Object, java.lang.Object, int)'> (0x000000008958fd18) 
thrown [s\open\src\hotspot\share\interpreter\linkResolver.cpp, line 773]
Event: 9.455 Thread 0x000001dc4491b150 Exception <a 'java/lang/NoSuchMethodError'{0x0000000089593dc8}: 'java.lang.Object java.lang.invoke.DirectMethodHandle$Holder.invokeSpecial(java.lang.Object, java.lang.Object, java.lang.Object, java.lang.Object, java.lang.Object, int)'> (0x0000000089593dc8) 
thrown [s\open\src\hotspot\share\interpreter\linkResolver.cpp, line 773]
Event: 9.455 Thread 0x000001dc4491b150 Exception <a 'java/lang/NoSuchMethodError'{0x0000000089597230}: 'java.lang.Object java.lang.invoke.Invokers$Holder.linkToTargetMethod(java.lang.Object, java.lang.Object, java.lang.Object, int, java.lang.Object)'> (0x0000000089597230) 
thrown [s\open\src\hotspot\share\interpreter\linkResolver.cpp, line 773]
Event: 9.479 Thread 0x000001dc8d9f2240 Exception <a 'java/lang/NoSuchMethodError'{0x000000008933e180}: 'int java.lang.invoke.DirectMethodHandle$Holder.invokeInterface(java.lang.Object, java.lang.Object, int)'> (0x000000008933e180) 
thrown [s\open\src\hotspot\share\interpreter\linkResolver.cpp, line 773]
Event: 28.998 Thread 0x000001dc8aba12a0 Exception <a 'java/lang/NoSuchMethodError'{0x0000000088d734b8}: 'java.lang.Object java.lang.invoke.DirectMethodHandle$Holder.invokeSpecial(java.lang.Object, java.lang.Object, java.lang.Object, java.lang.Object, java.lang.Object, long)'> (0x0000000088d734b8) 
thrown [s\open\src\hotspot\share\interpreter\linkResolver.cpp, line 773]
Event: 28.998 Thread 0x000001dc8aba12a0 Exception <a 'java/lang/NoSuchMethodError'{0x0000000088d76c78}: 'java.lang.Object java.lang.invoke.Invokers$Holder.linkToTargetMethod(java.lang.Object, java.lang.Object, java.lang.Object, long, java.lang.Object)'> (0x0000000088d76c78) 
thrown [s\open\src\hotspot\share\interpreter\linkResolver.cpp, line 773]
Event: 30.035 Thread 0x000001dc8aba0580 Exception <a 'sun/nio/fs/WindowsException'{0x00000000888f3018}> (0x00000000888f3018) 
thrown [s\open\src\hotspot\share\prims\jni.cpp, line 520]
Event: 30.496 Thread 0x000001dc8aba0580 Exception <a 'java/lang/NoSuchMethodError'{0x0000000088186d08}: 'void java.lang.invoke.DirectMethodHandle$Holder.invokeSpecialIFC(java.lang.Object, java.lang.Object, int, java.lang.Object, java.lang.Object, java.lang.Object, java.lang.Object)'> (0x0000000088186d08) 
thrown [s\open\src\hotspot\share\interpreter\linkResolver.cpp, line 773]
Event: 30.665 Thread 0x000001dc8aba0580 Exception <a 'java/lang/NoSuchMethodError'{0x0000000087f0a5f0}: 'void java.lang.invoke.DelegatingMethodHandle$Holder.reinvoke_L(java.lang.Object, java.lang.Object, java.lang.Object, java.lang.Object, int, java.lang.Object, java.lang.Object, java.lang.Object)'> (0x0000000087f0a5f0) 
thrown [s\open\src\hotspot\share\interpreter\linkResolver.cpp, line 773]
Event: 30.759 Thread 0x000001dc8aba0580 Exception <a 'java/lang/NoSuchMethodError'{0x0000000087f67bf0}: 'void java.lang.invoke.Invokers$Holder.invokeExact_MT(java.lang.Object, java.lang.Object, int, java.lang.Object)'> (0x0000000087f67bf0) 
thrown [s\open\src\hotspot\share\interpreter\linkResolver.cpp, line 773]
Event: 30.812 Thread 0x000001dc8aba0580 Exception <a 'java/lang/NoSuchMethodError'{0x0000000087fcf0d8}: 'java.lang.Object java.lang.invoke.DirectMethodHandle$Holder.newInvokeSpecial(java.lang.Object, java.lang.Object, java.lang.Object, long)'> (0x0000000087fcf0d8) 
thrown [s\open\src\hotspot\share\interpreter\linkResolver.cpp, line 773]
Event: 30.813 Thread 0x000001dc8aba0580 Exception <a 'java/lang/NoSuchMethodError'{0x0000000087fd3438}: 'java.lang.Object java.lang.invoke.DirectMethodHandle$Holder.invokeSpecial(java.lang.Object, java.lang.Object, java.lang.Object, java.lang.Object, long)'> (0x0000000087fd3438) 
thrown [s\open\src\hotspot\share\interpreter\linkResolver.cpp, line 773]
Event: 30.813 Thread 0x000001dc8aba0580 Exception <a 'java/lang/NoSuchMethodError'{0x0000000087fd70f8}: 'java.lang.Object java.lang.invoke.Invokers$Holder.linkToTargetMethod(java.lang.Object, java.lang.Object, long, java.lang.Object)'> (0x0000000087fd70f8) 
thrown [s\open\src\hotspot\share\interpreter\linkResolver.cpp, line 773]
Event: 31.055 Thread 0x000001dc8aba0580 Exception <a 'java/lang/NoSuchMethodError'{0x0000000087cc2a30}: 'void java.lang.invoke.DelegatingMethodHandle$Holder.reinvoke_L(java.lang.Object, java.lang.Object, double)'> (0x0000000087cc2a30) 
thrown [s\open\src\hotspot\share\interpreter\linkResolver.cpp, line 773]
Event: 31.117 Thread 0x000001dc8aba0580 Exception <a 'java/lang/NoSuchMethodError'{0x000000008c3bc130}: 'double java.lang.invoke.DirectMethodHandle$Holder.invokeVirtual(java.lang.Object, java.lang.Object)'> (0x000000008c3bc130) 
thrown [s\open\src\hotspot\share\interpreter\linkResolver.cpp, line 773]
Event: 909.478 Thread 0x000001dc8d9f1bb0 Exception <a 'java/lang/NoSuchMethodError'{0x0000000089ef52e0}: static [B.<clinit>()V> (0x0000000089ef52e0) 
thrown [s\open\src\hotspot\share\prims\jni.cpp, line 1111]
Event: 1030.023 Thread 0x000001dc8d9f1520 Exception <a 'java/lang/NoSuchMethodError'{0x00000000893d0c98}: 'java.lang.Object java.lang.invoke.DirectMethodHandle$Holder.invokeStatic(java.lang.Object, int, int)'> (0x00000000893d0c98) 
thrown [s\open\src\hotspot\share\interpreter\linkResolver.cpp, line 773]
Event: 6045.969 Thread 0x000001dc8d9f2240 Exception <a 'sun/net/ConnectionResetException'{0x0000000089f11808}: Connection reset> (0x0000000089f11808) 
thrown [s\open\src\hotspot\share\prims\jni.cpp, line 539]
Event: 6541.776 Thread 0x000001dc8aba3370 Exception <a 'java/lang/InterruptedException'{0x0000000087d00a60}: sleep interrupted> (0x0000000087d00a60) 
thrown [s\open\src\hotspot\share\prims\jvm.cpp, line 3074]

ZGC Phase Switch (0 events):
No events

VM Operations (20 events):
Event: 4987.697 Executing VM operation: G1PauseRemark done
Event: 4987.742 Executing VM operation: G1PauseCleanup
Event: 4987.744 Executing VM operation: G1PauseCleanup done
Event: 5330.942 Executing VM operation: Cleanup
Event: 5330.942 Executing VM operation: Cleanup done
Event: 5475.604 Executing VM operation: G1CollectForAllocation (G1 Evacuation Pause)
Event: 5475.626 Executing VM operation: G1CollectForAllocation (G1 Evacuation Pause) done
Event: 5980.341 Executing VM operation: G1CollectForAllocation (G1 Evacuation Pause)
Event: 5980.432 Executing VM operation: G1CollectForAllocation (G1 Evacuation Pause) done
Event: 6106.505 Executing VM operation: Cleanup
Event: 6106.506 Executing VM operation: Cleanup done
Event: 6194.462 Executing VM operation: HandshakeAllThreads (HandshakeForDeflation)
Event: 6194.462 Executing VM operation: HandshakeAllThreads (HandshakeForDeflation) done
Event: 6194.462 Executing VM operation: RendezvousGCThreads
Event: 6194.462 Executing VM operation: RendezvousGCThreads done
Event: 6540.650 Executing VM operation: Cleanup
Event: 6540.661 Executing VM operation: Cleanup done
Event: 6541.662 Executing VM operation: Cleanup
Event: 6541.665 Executing VM operation: Cleanup done
Event: 6542.405 Executing VM operation: G1CollectFull (System.gc())

Events (20 events):
Event: 6540.670 Thread 0x000001dc8d9f1bb0 Thread added: 0x000001dc8d9f1bb0
Event: 6540.677 Thread 0x000001dc8ab9fef0 Thread exited: 0x000001dc8ab9fef0
Event: 6541.205 Thread 0x000001dc8d9f0e90 Thread exited: 0x000001dc8d9f0e90
Event: 6541.743 Thread 0x000001dc8d9f0170 Thread exited: 0x000001dc8d9f0170
Event: 6541.755 Thread 0x000001dc8aba3a00 Thread exited: 0x000001dc8aba3a00
Event: 6541.760 Thread 0x000001dc8d9f1520 Thread exited: 0x000001dc8d9f1520
Event: 6541.761 Thread 0x000001dc8d9ee0a0 Thread exited: 0x000001dc8d9ee0a0
Event: 6541.761 Thread 0x000001dc8aba12a0 Thread exited: 0x000001dc8aba12a0
Event: 6541.761 Thread 0x000001dc8d9f0800 Thread exited: 0x000001dc8d9f0800
Event: 6541.763 Thread 0x000001dc8aba0c10 Thread exited: 0x000001dc8aba0c10
Event: 6541.763 Thread 0x000001dc8aba2650 Thread exited: 0x000001dc8aba2650
Event: 6541.763 Thread 0x000001dc8aba0580 Thread exited: 0x000001dc8aba0580
Event: 6541.763 Thread 0x000001dc8aba1930 Thread exited: 0x000001dc8aba1930
Event: 6541.764 Thread 0x000001dc8aba2ce0 Thread exited: 0x000001dc8aba2ce0
Event: 6541.777 Thread 0x000001dc8aba1fc0 Thread exited: 0x000001dc8aba1fc0
Event: 6541.777 Thread 0x000001dc8aba3370 Thread exited: 0x000001dc8aba3370
Event: 6541.778 Thread 0x000001dc8ab9c3e0 Thread exited: 0x000001dc8ab9c3e0
Event: 6542.300 Thread 0x000001dc8d9f0800 Thread added: 0x000001dc8d9f0800
Event: 6542.308 Thread 0x000001dc8ab9f1d0 Thread exited: 0x000001dc8ab9f1d0
Event: 6542.345 Thread 0x000001dc8d9f0800 Thread exited: 0x000001dc8d9f0800


Dynamic libraries:
0x00007ff6a4400000 - 0x00007ff6a4410000 	C:\Program Files\Java\jdk-21\bin\java.exe
0x00007fffc72c0000 - 0x00007fffc7526000 	C:\WINDOWS\SYSTEM32\ntdll.dll
0x00007fffc5180000 - 0x00007fffc5249000 	C:\WINDOWS\System32\KERNEL32.DLL
0x00007fffc48a0000 - 0x00007fffc4c6c000 	C:\WINDOWS\System32\KERNELBASE.dll
0x00007fffc45d0000 - 0x00007fffc471b000 	C:\WINDOWS\System32\ucrtbase.dll
0x00007fffb1100000 - 0x00007fffb1119000 	C:\Program Files\Java\jdk-21\bin\jli.dll
0x00007fffae530000 - 0x00007fffae54b000 	C:\Program Files\Java\jdk-21\bin\VCRUNTIME140.dll
0x00007fffc6d20000 - 0x00007fffc6dd2000 	C:\WINDOWS\System32\ADVAPI32.dll
0x00007fffc57b0000 - 0x00007fffc5859000 	C:\WINDOWS\System32\msvcrt.dll
0x00007fffc6830000 - 0x00007fffc68d6000 	C:\WINDOWS\System32\sechost.dll
0x00007fffc6be0000 - 0x00007fffc6cf6000 	C:\WINDOWS\System32\RPCRT4.dll
0x00007fffc5300000 - 0x00007fffc54ca000 	C:\WINDOWS\System32\USER32.dll
0x00007fffa8460000 - 0x00007fffa86fa000 	C:\WINDOWS\WinSxS\amd64_microsoft.windows.common-controls_6595b64144ccf1df_6.0.26100.3912_none_3e07963ce335137e\COMCTL32.dll
0x00007fffc4720000 - 0x00007fffc4747000 	C:\WINDOWS\System32\win32u.dll
0x00007fffc54f0000 - 0x00007fffc551b000 	C:\WINDOWS\System32\GDI32.dll
0x00007fffc4c70000 - 0x00007fffc4da2000 	C:\WINDOWS\System32\gdi32full.dll
0x00007fffc4750000 - 0x00007fffc47f3000 	C:\WINDOWS\System32\msvcp_win.dll
0x00007fffb1e50000 - 0x00007fffb1e5b000 	C:\WINDOWS\SYSTEM32\VERSION.dll
0x00007fffc6950000 - 0x00007fffc6980000 	C:\WINDOWS\System32\IMM32.DLL
0x00007fffb4fd0000 - 0x00007fffb4fdc000 	C:\Program Files\Java\jdk-21\bin\vcruntime140_1.dll
0x00007fff98fd0000 - 0x00007fff9905e000 	C:\Program Files\Java\jdk-21\bin\msvcp140.dll
0x00007fff99ec0000 - 0x00007fff9abd3000 	C:\Program Files\Java\jdk-21\bin\server\jvm.dll
0x00007fffc6a10000 - 0x00007fffc6a84000 	C:\WINDOWS\System32\WS2_32.dll
0x00007fffc42a0000 - 0x00007fffc42fe000 	C:\WINDOWS\SYSTEM32\POWRPROF.dll
0x00007fffba6c0000 - 0x00007fffba6f6000 	C:\WINDOWS\SYSTEM32\WINMM.dll
0x00007fffc4280000 - 0x00007fffc4294000 	C:\WINDOWS\SYSTEM32\UMPDC.dll
0x00007fffc31d0000 - 0x00007fffc31ea000 	C:\WINDOWS\SYSTEM32\kernel.appcore.dll
0x00007fff9ae60000 - 0x00007fff9ae6a000 	C:\Program Files\Java\jdk-21\bin\jimage.dll
0x00007fffc1ac0000 - 0x00007fffc1d01000 	C:\WINDOWS\SYSTEM32\DBGHELP.DLL
0x00007fffc5860000 - 0x00007fffc5be4000 	C:\WINDOWS\System32\combase.dll
0x00007fffc6af0000 - 0x00007fffc6bd0000 	C:\WINDOWS\System32\OLEAUT32.dll
0x00007fffad950000 - 0x00007fffad989000 	C:\WINDOWS\SYSTEM32\dbgcore.DLL
0x00007fffc4800000 - 0x00007fffc4899000 	C:\WINDOWS\System32\bcryptPrimitives.dll
0x00007fffb4ef0000 - 0x00007fffb4eff000 	C:\Program Files\Java\jdk-21\bin\instrument.dll
0x00007fff99cc0000 - 0x00007fff99cdf000 	C:\Program Files\Java\jdk-21\bin\java.dll
0x00007fffc5bf0000 - 0x00007fffc631d000 	C:\WINDOWS\System32\SHELL32.dll
0x00007fffc4450000 - 0x00007fffc45c4000 	C:\WINDOWS\System32\wintypes.dll
0x00007fffc2080000 - 0x00007fffc28d6000 	C:\WINDOWS\SYSTEM32\windows.storage.dll
0x00007fffc5080000 - 0x00007fffc516f000 	C:\WINDOWS\System32\SHCORE.dll
0x00007fffc68e0000 - 0x00007fffc6949000 	C:\WINDOWS\System32\shlwapi.dll
0x00007fffc4360000 - 0x00007fffc438f000 	C:\WINDOWS\SYSTEM32\profapi.dll
0x00007fff973e0000 - 0x00007fff973f8000 	C:\Program Files\Java\jdk-21\bin\zip.dll
0x00007fff9ad20000 - 0x00007fff9ad30000 	C:\Program Files\Java\jdk-21\bin\net.dll
0x00007fffbd740000 - 0x00007fffbd85e000 	C:\WINDOWS\SYSTEM32\WINHTTP.dll
0x00007fffc3720000 - 0x00007fffc378a000 	C:\WINDOWS\system32\mswsock.dll
0x00007fff97400000 - 0x00007fff97416000 	C:\Program Files\Java\jdk-21\bin\nio.dll
0x00007fffae510000 - 0x00007fffae52a000 	C:\Program Files\JetBrains\IntelliJ IDEA 2024.3.2\bin\breakgen64.dll
0x00007fffc2c80000 - 0x00007fffc2da7000 	C:\WINDOWS\SYSTEM32\DNSAPI.dll
0x00007fffc2bf0000 - 0x00007fffc2c23000 	C:\WINDOWS\SYSTEM32\IPHLPAPI.DLL
0x00007fffc6d10000 - 0x00007fffc6d1a000 	C:\WINDOWS\System32\NSI.dll
0x00007fffb1150000 - 0x00007fffb1159000 	C:\Program Files\Java\jdk-21\bin\extnet.dll
0x00007fffba680000 - 0x00007fffba68b000 	C:\Windows\System32\rasadhlp.dll
0x00007fffbdb70000 - 0x00007fffbdbf6000 	C:\WINDOWS\System32\fwpuclnt.dll
0x00007fffb1170000 - 0x00007fffb117a000 	C:\Program Files\Java\jdk-21\bin\management.dll
0x00007fffb1160000 - 0x00007fffb116b000 	C:\Program Files\Java\jdk-21\bin\management_ext.dll
0x00007fffc6d00000 - 0x00007fffc6d08000 	C:\WINDOWS\System32\PSAPI.DLL
0x00007fffc3ae0000 - 0x00007fffc3afc000 	C:\WINDOWS\SYSTEM32\CRYPTSP.dll
0x00007fffc3130000 - 0x00007fffc316a000 	C:\WINDOWS\system32\rsaenh.dll
0x00007fffc37c0000 - 0x00007fffc37eb000 	C:\WINDOWS\SYSTEM32\USERENV.dll
0x00007fffc4330000 - 0x00007fffc4356000 	C:\WINDOWS\SYSTEM32\bcrypt.dll
0x00007fffc3ac0000 - 0x00007fffc3acc000 	C:\WINDOWS\SYSTEM32\CRYPTBASE.dll
0x00007fff9ec40000 - 0x00007fff9ec58000 	C:\WINDOWS\system32\napinsp.dll
0x00007fff9ec20000 - 0x00007fff9ec32000 	C:\WINDOWS\System32\winrnr.dll
0x00007fff9b600000 - 0x00007fff9b630000 	C:\WINDOWS\system32\nlansp_c.dll
0x00007fffb3ae0000 - 0x00007fffb3af6000 	C:\WINDOWS\system32\wshbth.dll
0x00007fffa2a20000 - 0x00007fffa2a6e000 	C:\WINDOWS\SYSTEM32\pdh.dll
0x00007fffbd9f0000 - 0x00007fffbda02000 	C:\WINDOWS\System32\perfproc.dll
0x00007fff938a0000 - 0x00007fff938ae000 	C:\Program Files\Java\jdk-21\bin\sunmscapi.dll
0x00007fffc4db0000 - 0x00007fffc4f27000 	C:\WINDOWS\System32\CRYPT32.dll
0x00007fffc3c30000 - 0x00007fffc3c60000 	C:\WINDOWS\SYSTEM32\ncrypt.dll
0x00007fffc3be0000 - 0x00007fffc3c1f000 	C:\WINDOWS\SYSTEM32\NTASN1.dll
0x00007fffb3880000 - 0x00007fffb3890000 	C:\Program Files\Java\jdk-21\bin\verify.dll
0x00007fffb1180000 - 0x00007fffb1188000 	C:\WINDOWS\system32\wshunix.dll

dbghelp: loaded successfully - version: 4.0.5 - missing functions: none
symbol engine: initialized successfully - sym options: 0x614 - pdb path: .;C:\Program Files\Java\jdk-21\bin;C:\WINDOWS\SYSTEM32;C:\WINDOWS\WinSxS\amd64_microsoft.windows.common-controls_6595b64144ccf1df_6.0.26100.3912_none_3e07963ce335137e;C:\Program Files\Java\jdk-21\bin\server;C:\Program Files\JetBrains\IntelliJ IDEA 2024.3.2\bin

VM Arguments:
jvm_args: -XX:TieredStopAtLevel=1 -Dspring.output.ansi.enabled=always -Dcom.sun.management.jmxremote -Dspring.jmx.enabled=true -Dspring.liveBeansView.mbeanDomain -Dspring.application.admin.enabled=true -Dmanagement.endpoints.jmx.exposure.include=* -javaagent:C:\Program Files\JetBrains\IntelliJ IDEA 2024.3.2\lib\idea_rt.jar=23846:C:\Program Files\JetBrains\IntelliJ IDEA 2024.3.2\bin -Dfile.encoding=UTF-8 -Dsun.stdout.encoding=UTF-8 -Dsun.stderr.encoding=UTF-8 
java_command: com.multi.mis.busgo_backend.BusgoBackendApplication
java_class_path (initial): D:\JavaProj\busg0-full\BUSGO_backend\target\classes;C:\Users\user\.m2\repository\org\springframework\boot\spring-boot-starter-web\3.1.4\spring-boot-starter-web-3.1.4.jar;C:\Users\user\.m2\repository\org\springframework\boot\spring-boot-starter\3.1.4\spring-boot-starter-3.1.4.jar;C:\Users\user\.m2\repository\org\springframework\boot\spring-boot-starter-logging\3.1.4\spring-boot-starter-logging-3.1.4.jar;C:\Users\user\.m2\repository\ch\qos\logback\logback-classic\1.4.11\logback-classic-1.4.11.jar;C:\Users\user\.m2\repository\ch\qos\logback\logback-core\1.4.11\logback-core-1.4.11.jar;C:\Users\user\.m2\repository\org\apache\logging\log4j\log4j-to-slf4j\2.20.0\log4j-to-slf4j-2.20.0.jar;C:\Users\user\.m2\repository\org\apache\logging\log4j\log4j-api\2.20.0\log4j-api-2.20.0.jar;C:\Users\user\.m2\repository\org\slf4j\jul-to-slf4j\2.0.9\jul-to-slf4j-2.0.9.jar;C:\Users\user\.m2\repository\jakarta\annotation\jakarta.annotation-api\2.1.1\jakarta.annotation-api-2.1.1.jar;C:\Users\user\.m2\repository\org\yaml\snakeyaml\1.33\snakeyaml-1.33.jar;C:\Users\user\.m2\repository\org\springframework\boot\spring-boot-starter-json\3.1.4\spring-boot-starter-json-3.1.4.jar;C:\Users\user\.m2\repository\com\fasterxml\jackson\datatype\jackson-datatype-jdk8\2.15.2\jackson-datatype-jdk8-2.15.2.jar;C:\Users\user\.m2\repository\com\fasterxml\jackson\datatype\jackson-datatype-jsr310\2.15.2\jackson-datatype-jsr310-2.15.2.jar;C:\Users\user\.m2\repository\com\fasterxml\jackson\module\jackson-module-parameter-names\2.15.2\jackson-module-parameter-names-2.15.2.jar;C:\Users\user\.m2\repository\org\springframework\boot\spring-boot-starter-tomcat\3.1.4\spring-boot-starter-tomcat-3.1.4.jar;C:\Users\user\.m2\repository\org\apache\tomcat\embed\tomcat-embed-core\10.1.13\tomcat-embed-core-10.1.13.jar;C:\Users\user\.m2\repository\org\apache\tomcat\embed\tomcat-embed-websocket\10.1.13\tomcat-embed-websocket-10.1.13.jar;C:\Users\user\.m2\repository\org\springframework\spring-web\6.0.12\spring-web-6.0.12.jar;C:\Users\user\.m2\repository\org\springframework\spring-beans\6.0.12\spring-beans-6.0.12.jar;C:\Users\user\.m2\repository\org\springframework\spring-webmvc\6.0.12\spring-webmvc-6.0.12.jar;C:\Users\user\.m2\repository\org\springframework\spring-context\6.0.12\spring-context-6.0.12.jar;C:\Users\user\.m2\repository\org\springframework\spring-expression\6.0.12\spring-expression-6.0.12.jar;C:\Users\user\.m2\repository\org\springframework\boot\spring-boot-starter-actuator\3.1.4\spring-boot-starter-actuator-3.1.4.jar;C:\Users\user\.m2\repository\org\springframework\boot\spring-boot-actuator-autoconfigure\3.1.4\spring-boot-actuator-autoconfigure-3.1.4.jar;C:\Users\user\.m2\repository\org\springframework\boot\spring-boot-actuator\3.1.4\spring-boot-actuator-3.1.4.jar;C:\Users\user\.m2\repository\io\micrometer\micrometer-observation\1.11.4\micrometer-observation-1.11.4.jar;C:\Users\user\.m2\repository\io\micrometer\micrometer-commons\1.11.4\micrometer-commons-1.11.4.jar;C:\Users\user\.m2\repository\io\micrometer\micrometer-core\1.11.4\micrometer-core-1.11.4.jar;C:\Users\user\.m2\repository\org\hdrhistogram\HdrHistogram\2.1.12\HdrHistogram-2.1.12.jar;C:\Users\user\.m2\repository\org\latencyutils\LatencyUtils\2.0.3\LatencyUtils-2.0.3.jar;C:\Users\user\.m2\repository\org\springframework\boot\spring-boot-starter-data-jpa\3.1.4\spring-boot-starter-data-jpa-3.1.4.jar;C:\Users\user\.m2\repository\org\springframework\boot\spring-boot-starter-aop\3.1.4\spring-boot-starter-aop-3.1.4.jar;C:\Users\user\.m2\repository\org\aspectj\aspectjweaver\1.9.20\aspectjweaver-1.9.20.jar;C:\Users\user\.m2\repository\org\springframework\boot\spring-boot-starter-jdbc\3.1.4\spring-boot-starter-jdbc-3.1.4.jar;C:\Users\user\.m2\repository\com\zaxxer\HikariCP\5.0.1\HikariCP-5.0.1.jar;C:\Users\user\.m2\repository\org\springframework\spring-jdbc\6.0.12\spring-jdbc-6.0.12.jar;C:\Users\user\.m2\repository\org\hibernate\orm\hibernate-core\6.2.9.Final\hibernate-core-6.2.9.Final.jar;C:\Users\user\.m2\repository\jakarta\persistence\jakarta.persistence-api\3.1.0\jakarta.persistence-api-3.1.0.jar;C:\Users\user\.m2\repository\jakarta\transaction\jakarta.transaction-api\2.0.1\jakarta.transaction-api-2.0.1.jar;C:\Users\user\.m2\repository\org\jboss\logging\jboss-logging\3.5.3.Final\jboss-logging-3.5.3.Final.jar;C:\Users\user\.m2\repository\org\hibernate\common\hibernate-commons-annotations\6.0.6.Final\hibernate-commons-annotations-6.0.6.Final.jar;C:\Users\user\.m2\repository\io\smallrye\jandex\3.0.5\jandex-3.0.5.jar;C:\Users\user\.m2\repository\com\fasterxml\classmate\1.5.1\classmate-1.5.1.jar;C:\Users\user\.m2\repository\net\bytebuddy\byte-buddy\1.14.8\byte-buddy-1.14.8.jar;C:\Users\user\.m2\repository\org\glassfish\jaxb\jaxb-runtime\4.0.3\jaxb-runtime-4.0.3.jar;C:\Users\user\.m2\repository\org\glassfish\jaxb\jaxb-core\4.0.3\jaxb-core-4.0.3.jar;C:\Users\user\.m2\repository\org\eclipse\angus\angus-activation\2.0.1\angus-activation-2.0.1.jar;C:\Users\user\.m2\repository\org\glassfish\jaxb\txw2\4.0.3\txw2-4.0.3.jar;C:\Users\user\.m2\repository\com\sun\istack\istack-commons-runtime\4.1.2\istack-commons-runtime-4.1.2.jar;C:\Users\user\.m2\repository\jakarta\inject\jakarta.inject-api\2.0.1\jakarta.inject-api-2.0.1.jar;C:\Users\user\.m2\repository\org\antlr\antlr4-runtime\4.10.1\antlr4-runtime-4.10.1.jar;C:\Users\user\.m2\repository\org\springframework\data\spring-data-jpa\3.1.4\spring-data-jpa-3.1.4.jar;C:\Users\user\.m2\repository\org\springframework\data\spring-data-commons\3.1.4\spring-data-commons-3.1.4.jar;C:\Users\user\.m2\repository\org\springframework\spring-orm\6.0.12\spring-orm-6.0.12.jar;C:\Users\user\.m2\repository\org\springframework\spring-tx\6.0.12\spring-tx-6.0.12.jar;C:\Users\user\.m2\repository\org\slf4j\slf4j-api\2.0.9\slf4j-api-2.0.9.jar;C:\Users\user\.m2\repository\org\springframework\spring-aspects\6.0.12\spring-aspects-6.0.12.jar;C:\Users\user\.m2\repository\com\mysql\mysql-connector-j\8.0.33\mysql-connector-j-8.0.33.jar;C:\Users\user\.m2\repository\org\springframework\boot\spring-boot-starter-validation\3.1.4\spring-boot-starter-validation-3.1.4.jar;C:\Users\user\.m2\repository\org\apache\tomcat\embed\tomcat-embed-el\10.1.13\tomcat-embed-el-10.1.13.jar;C:\Users\user\.m2\repository\org\hibernate\validator\hibernate-validator\8.0.1.Final\hibernate-validator-8.0.1.Final.jar;C:\Users\user\.m2\repository\jakarta\validation\jakarta.validation-api\3.0.2\jakarta.validation-api-3.0.2.jar;C:\Users\user\.m2\repository\org\springframework\boot\spring-boot-devtools\3.1.4\spring-boot-devtools-3.1.4.jar;C:\Users\user\.m2\repository\org\springframework\boot\spring-boot\3.1.4\spring-boot-3.1.4.jar;C:\Users\user\.m2\repository\org\springframework\boot\spring-boot-autoconfigure\3.1.4\spring-boot-autoconfigure-3.1.4.jar;C:\Users\user\.m2\repository\org\projectlombok\lombok\1.18.30\lombok-1.18.30.jar;C:\Users\user\.m2\repository\com\fasterxml\jackson\core\jackson-databind\2.15.2\jackson-databind-2.15.2.jar;C:\Users\user\.m2\repository\com\fasterxml\jackson\core\jackson-annotations\2.15.2\jackson-annotations-2.15.2.jar;C:\Users\user\.m2\repository\com\fasterxml\jackson\core\jackson-core\2.15.2\jackson-core-2.15.2.jar;C:\Users\user\.m2\repository\jakarta\xml\bind\jakarta.xml.bind-api\4.0.1\jakarta.xml.bind-api-4.0.1.jar;C:\Users\user\.m2\repository\jakarta\activation\jakarta.activation-api\2.1.2\jakarta.activation-api-2.1.2.jar;C:\Users\user\.m2\repository\org\springframework\spring-core\6.0.12\spring-core-6.0.12.jar;C:\Users\user\.m2\repository\org\springframework\spring-jcl\6.0.12\spring-jcl-6.0.12.jar;C:\Users\user\.m2\repository\org\springframework\boot\spring-boot-starter-security\3.1.4\spring-boot-starter-security-3.1.4.jar;C:\Users\user\.m2\repository\org\springframework\spring-aop\6.0.12\spring-aop-6.0.12.jar;C:\Users\user\.m2\repository\org\springframework\security\spring-security-config\6.1.4\spring-security-config-6.1.4.jar;C:\Users\user\.m2\repository\org\springframework\security\spring-security-core\6.1.4\spring-security-core-6.1.4.jar;C:\Users\user\.m2\repository\org\springframework\security\spring-security-crypto\6.1.4\spring-security-crypto-6.1.4.jar;C:\Users\user\.m2\repository\org\springframework\security\spring-security-web\6.1.4\spring-security-web-6.1.4.jar;C:\Users\user\.m2\repository\io\jsonwebtoken\jjwt-api\0.11.5\jjwt-api-0.11.5.jar;C:\Users\user\.m2\repository\io\jsonwebtoken\jjwt-impl\0.11.5\jjwt-impl-0.11.5.jar;C:\Users\user\.m2\repository\io\jsonwebtoken\jjwt-jackson\0.11.5\jjwt-jackson-0.11.5.jar
Launcher Type: SUN_STANDARD

[Global flags]
     intx CICompilerCount                          = 4                                         {product} {ergonomic}
     uint ConcGCThreads                            = 3                                         {product} {ergonomic}
     uint G1ConcRefinementThreads                  = 10                                        {product} {ergonomic}
   size_t G1HeapRegionSize                         = 1048576                                   {product} {ergonomic}
    uintx GCDrainStackTargetSize                   = 64                                        {product} {ergonomic}
   size_t InitialHeapSize                          = 130023424                                 {product} {ergonomic}
     bool ManagementServer                         = true                                      {product} {command line}
   size_t MarkStackSize                            = 4194304                                   {product} {ergonomic}
   size_t MaxHeapSize                              = 2071986176                                {product} {ergonomic}
   size_t MaxNewSize                               = 1242562560                                {product} {ergonomic}
   size_t MinHeapDeltaBytes                        = 1048576                                   {product} {ergonomic}
   size_t MinHeapSize                              = 8388608                                   {product} {ergonomic}
    uintx NonNMethodCodeHeapSize                   = 4096                                   {pd product} {ergonomic}
    uintx NonProfiledCodeHeapSize                  = 0                                      {pd product} {ergonomic}
     bool ProfileInterpreter                       = false                                  {pd product} {command line}
    uintx ProfiledCodeHeapSize                     = 0                                      {pd product} {ergonomic}
   size_t SoftMaxHeapSize                          = 2071986176                             {manageable} {ergonomic}
     intx TieredStopAtLevel                        = 1                                         {product} {command line}
     bool UseCompressedOops                        = true                           {product lp64_product} {ergonomic}
     bool UseG1GC                                  = true                                      {product} {ergonomic}
     bool UseLargePagesIndividualAllocation        = false                                  {pd product} {ergonomic}

Logging:
Log output configuration:
 #0: stdout all=warning uptime,level,tags foldmultilines=false
 #1: stderr all=off uptime,level,tags foldmultilines=false

Environment Variables:
PATH=C:\Program Files (x86)\VMware\VMware Workstation\bin\;C:\Ruby32\bin;D:\ruby\Ruby32\bin;C:\Program Files\Common Files\Oracle\Java\javapath;C:\Program Files\Microsoft\jdk-11.0.16.101-hotspot\bin;C:\Program Files (x86)\NVIDIA Corporation\PhysX\Common;C:\WINDOWS\system32;C:\WINDOWS;C:\WINDOWS\System32\Wbem;C:\WINDOWS\System32\WindowsPowerShell\v1.0\;C:\WINDOWS\System32\OpenSSH\;C:\Program Files\Git\cmd;C:\Program Files\nodejs\;C:\Program Files\Microsoft SQL Server\150\Tools\Binn\;C:\Program Files\dotnet\;C:\Program Files\Docker\Docker\resources\bin;C:\Program Files\PuTTY\;C:\MinGW\bin;C:\Program Files\PostgreSQL\17\bin;c:\Users\user\AppData\Local\Programs\cursor\resources\app\bin;C:\Program Files\Geth;D:\SFML-2.6.1-windows-gcc-13.1.0-mingw-64-bit\SFML-2.6.1\bin;C:\Program Files\CMake\bin;C:\WINDOWS\system32;C:\WINDOWS;C:\WINDOWS\System32\Wbem;C:\WINDOWS\System32\WindowsPowerShell\v1.0\;C:\WINDOWS\System32\OpenSSH\;C:\Program Files (x86)\Nmap;C:\xampp\php;C:\composer;C:\Users\user\AppData\Local\Programs\Python\Python313;C:\Users\user\AppData\Local\Programs\Python\Python313\Scripts;C:\Users\user\AppData\Roaming\npm;C:\Program Files\mosquitto;c:\Users\user\AppData\Local\Programs\Trae\bin;C:\Users\user\.console-ninja\.bin;C:\Program Files (x86)\VMware\VMware Workstation\bin\;C:\Ruby32\bin;D:\ruby\Ruby32\bin;C:\Program Files\Common Files\Oracle\Java\javapath;C:\Program Files\Microsoft\jdk-11.0.16.101-hotspot\bin;C:\Program Files (x86)\NVIDIA Corporation\PhysX\Common;C:\WINDOWS\system32;C:\WINDOWS;C:\WINDOWS\System32\Wbem;C:\WINDOWS\System32\WindowsPowerShell\v1.0\;C:\WINDOWS\System32\OpenSSH\;C:\Program Files\Git\cmd;C:\Program Files\nodejs\;C:\Program Files\Microsoft SQL Server\150\Tools\Binn\;C:\Program Files\dotnet\;C:\Program Files\Docker\Docker\resources\bin;C:\Program Files\PuTTY\;C:\MinGW\bin;C:\Program Files\PostgreSQL\17\bin;c:\Users\user\AppData\Local\Programs\cursor\resources\app\bin;C:\Program Files\Geth;D:\SFML-2.6.1-windows-gcc-13.1.0-mingw-64-bit\SFML-2.6.1\bin;C:\Program Files\CMake\bin;C:\WINDOWS\system32;C:\WINDOWS;C:\WINDOWS\System32\Wbem;C:\WINDOWS\System32\WindowsPowerShell\v1.0\;C:\WINDOWS\System32\OpenSSH\;C:\Program Files (x86)\Nmap;C:\xampp\php;C:\composer;C:\Program Files (x86)\VMware\VMware Workstation\bin\;C:\Ruby32\bin;D:\ruby\Ruby32\bin;C:\Program Files\Common Files\Oracle\Java\javapath;C:\Program Files\Microsoft\jdk-11.0.16.101-hotspot\bin;C:\Program Files (x86)\NVIDIA Corporation\PhysX\Common;C:\WINDOWS\system32;C:\WINDOWS;C:\WINDOWS\System32\Wbem;C:\WINDOWS\System32\WindowsPowerShell\v1.0\;C:\WINDOWS\System32\OpenSSH\;C:\Program Files\Git\cmd;C:\Program Files\nodejs\;C:\Program Files\Microsoft SQL Server\150\Tools\Binn\;C:\Program Files\dotnet\;C:\Program Files\Docker\Docker\resources\bin;C:\Program Files\PuTTY\;C:\MinGW\bin;C:\Program Files\PostgreSQL\17\bin;c:\Users\user\AppData\Local\Programs\cursor\resources\app\bin;C:\Program Files\Geth;D:\SFML-2.6.1-windows-gcc-13.1.0-mingw-64-bit\SFML-2.6.1\bin;C:\Program Files\CMake\bin;C:\WINDOWS\system32;C:\WINDOWS;C:\WINDOWS\System32\Wbem;C:\WINDOWS\System32\WindowsPowerShell\v1.0\;C:\WINDOWS\System32\OpenSSH\;C:\Program Files (x86)\Nmap;C:\xampp\php;C:\composer;C:\Program Files\Apache\maven\apache-maven-3.9.6\bin;C:\Program Files\Apache\maven\apache-maven-3.9.6\bin;C:\Users\user\AppData\Local\Programs\cursor\resources\app\bin;C:\Users\user\AppData\Local\Programs\Microsoft VS Code\bin;C:\Users\user\AppData\Local\Programs\Windsurf\bin;C:\Users\user\AppData\Local\GitHubDesktop\bin
USERNAME=user
OS=Windows_NT
PROCESSOR_IDENTIFIER=Intel64 Family 6 Model 154 Stepping 4, GenuineIntel
TMP=C:\Users\user\AppData\Local\Temp
TEMP=C:\Users\user\AppData\Local\Temp




Periodic native trim disabled

---------------  S Y S T E M  ---------------

OS:
 Windows 11 , 64 bit Build 26100 (10.0.26100.3912)
OS uptime: 0 days 10:55 hours
Hyper-V role detected

CPU: total 12 (initial active 12) (6 cores per cpu, 2 threads per core) family 6 model 154 stepping 4 microcode 0x42a, cx8, cmov, fxsr, ht, mmx, 3dnowpref, sse, sse2, sse3, ssse3, sse4.1, sse4.2, popcnt, lzcnt, tsc, tscinvbit, avx, avx2, aes, erms, clmul, bmi1, bmi2, adx, sha, fma, vzeroupper, clflush, clflushopt, clwb, hv, serialize, rdtscp, rdpid, fsrm, f16c, cet_ibt, cet_ss
Processor Information for processor 0
  Max Mhz: 1700, Current Mhz: 1457, Mhz Limit: 1700
Processor Information for processor 1
  Max Mhz: 1700, Current Mhz: 1700, Mhz Limit: 1700
Processor Information for processor 2
  Max Mhz: 1700, Current Mhz: 1700, Mhz Limit: 1700
Processor Information for processor 3
  Max Mhz: 1700, Current Mhz: 1700, Mhz Limit: 1700
Processor Information for processor 4
  Max Mhz: 1700, Current Mhz: 1200, Mhz Limit: 1190
Processor Information for processor 5
  Max Mhz: 1700, Current Mhz: 1200, Mhz Limit: 1190
Processor Information for processor 6
  Max Mhz: 1700, Current Mhz: 1200, Mhz Limit: 1190
Processor Information for processor 7
  Max Mhz: 1700, Current Mhz: 1200, Mhz Limit: 1190
Processor Information for processor 8
  Max Mhz: 1700, Current Mhz: 1200, Mhz Limit: 1190
Processor Information for processor 9
  Max Mhz: 1700, Current Mhz: 1200, Mhz Limit: 1190
Processor Information for processor 10
  Max Mhz: 1700, Current Mhz: 1200, Mhz Limit: 1190
Processor Information for processor 11
  Max Mhz: 1700, Current Mhz: 1200, Mhz Limit: 1190

Memory: 4k page, system-wide physical 7900M (628M free)
TotalPageFile size 20188M (AvailPageFile size 15M)
current process WorkingSet (physical memory assigned to process): 67M, peak: 272M
current process commit charge ("private bytes"): 327M, peak: 329M

vm_info: Java HotSpot(TM) 64-Bit Server VM (21.0.4+8-LTS-274) for windows-amd64 JRE (21.0.4+8-LTS-274), built on 2024-06-05T05:23:33Z by "mach5one" with MS VC++ 17.6 (VS2022)

END.
