#
# There is insufficient memory for the Java Runtime Environment to continue.
# Native memory allocation (malloc) failed to allocate 1048576 bytes for AllocateHeap
# Possible reasons:
#   The system is out of physical RAM or swap space
#   The process is running with CompressedOops enabled, and the Java Heap may be blocking the growth of the native heap
# Possible solutions:
#   Reduce memory load on the system
#   Increase physical memory or swap space
#   Check if swap backing store is full
#   Decrease Java heap size (-Xmx/-Xms)
#   Decrease number of Java threads
#   Decrease Java thread stack sizes (-Xss)
#   Set larger code cache with -XX:ReservedCodeCacheSize=
#   JVM is running with Unscaled Compressed Oops mode in which the Java heap is
#     placed in the first 4GB address space. The Java Heap base address is the
#     maximum limit for the native heap growth. Please use -XX:HeapBaseMinAddress
#     to set the Java Heap base and to place the Java Heap above 4GB virtual address.
# This output file may be truncated or incomplete.
#
#  Out of Memory Error (allocation.cpp:44), pid=21024, tid=12636
#
# JRE version: Java(TM) SE Runtime Environment (21.0.4+8) (build 21.0.4+8-LTS-274)
# Java VM: Java HotSpot(TM) 64-Bit Server VM (21.0.4+8-LTS-274, mixed mode, emulated-client, sharing, tiered, compressed oops, compressed class ptrs, g1 gc, windows-amd64)
# No core dump will be written. Minidumps are not enabled by default on client versions of Windows
#

---------------  S U M M A R Y ------------

Command Line: -XX:TieredStopAtLevel=1 -Dspring.output.ansi.enabled=always -Dcom.sun.management.jmxremote -Dspring.jmx.enabled=true -Dspring.liveBeansView.mbeanDomain -Dspring.application.admin.enabled=true -Dmanagement.endpoints.jmx.exposure.include=* -javaagent:C:\Program Files\JetBrains\IntelliJ IDEA 2024.3.2\lib\idea_rt.jar=15981:C:\Program Files\JetBrains\IntelliJ IDEA 2024.3.2\bin -Dfile.encoding=UTF-8 -Dsun.stdout.encoding=UTF-8 -Dsun.stderr.encoding=UTF-8 com.multi.mis.busgo_backend.BusgoBackendApplication

Host: 12th Gen Intel(R) Core(TM) i7-1255U, 12 cores, 7G,  Windows 11 , 64 bit Build 26100 (10.0.26100.3912)
Time: Mon May  5 10:17:09 2025 South Africa Standard Time elapsed time: 1386.479341 seconds (0d 0h 23m 6s)

---------------  T H R E A D  ---------------

Current thread (0x00000224751dda70):  VMThread "VM Thread"          [id=12636, stack(0x000000eff4700000,0x000000eff4800000) (1024K)]

Stack: [0x000000eff4700000,0x000000eff4800000]
Native frames: (J=compiled Java code, j=interpreted, Vv=VM code, C=native code)
V  [jvm.dll+0x6c8e59]
V  [jvm.dll+0x853181]
V  [jvm.dll+0x8556ae]
V  [jvm.dll+0x855d83]
V  [jvm.dll+0x27d526]
V  [jvm.dll+0xbf657]
V  [jvm.dll+0x343442]
V  [jvm.dll+0x33de8e]
V  [jvm.dll+0x326908]
V  [jvm.dll+0x369764]
V  [jvm.dll+0x85bb50]
V  [jvm.dll+0x85ced4]
V  [jvm.dll+0x85d410]
V  [jvm.dll+0x85d6b3]
V  [jvm.dll+0x7fd65b]
V  [jvm.dll+0x6c753d]
C  [ucrtbase.dll+0x37b0]
C  [KERNEL32.DLL+0x2e8d7]
C  [ntdll.dll+0x9c5dc]

VM_Operation (0x000000eff3eff450): G1CollectFull, mode: safepoint, requested by thread 0x000002247d98cfa0


---------------  P R O C E S S  ---------------

Threads class SMR info:
_java_thread_list=0x000002247b6ea410, length=18, elements={
0x00000224751f84a0, 0x00000224751faf10, 0x00000224751ff740, 0x0000022475202450,
0x0000022475201560, 0x000002247520cee0, 0x000002247520e680, 0x00000224755485d0,
0x000002247a182a40, 0x000002247a1830b0, 0x000002247a388320, 0x000002247a4197e0,
0x000002247a438860, 0x000002247a8a2510, 0x000002247d2abe80, 0x000002247d2b0020,
0x000002247d98a1b0, 0x000002247d98cfa0
}

Java Threads: ( => current thread )
  0x00000224751f84a0 JavaThread "Reference Handler"          daemon [_thread_blocked, id=15624, stack(0x000000eff4800000,0x000000eff4900000) (1024K)]
  0x00000224751faf10 JavaThread "Finalizer"                  daemon [_thread_blocked, id=11556, stack(0x000000eff4900000,0x000000eff4a00000) (1024K)]
  0x00000224751ff740 JavaThread "Signal Dispatcher"          daemon [_thread_blocked, id=1764, stack(0x000000eff4a00000,0x000000eff4b00000) (1024K)]
  0x0000022475202450 JavaThread "Attach Listener"            daemon [_thread_blocked, id=19956, stack(0x000000eff4b00000,0x000000eff4c00000) (1024K)]
  0x0000022475201560 JavaThread "Service Thread"             daemon [_thread_blocked, id=14112, stack(0x000000eff4c00000,0x000000eff4d00000) (1024K)]
  0x000002247520cee0 JavaThread "Monitor Deflation Thread"   daemon [_thread_blocked, id=18320, stack(0x000000eff4d00000,0x000000eff4e00000) (1024K)]
  0x000002247520e680 JavaThread "C1 CompilerThread0"         daemon [_thread_blocked, id=19384, stack(0x000000eff4e00000,0x000000eff4f00000) (1024K)]
  0x00000224755485d0 JavaThread "Common-Cleaner"             daemon [_thread_blocked, id=13320, stack(0x000000eff5000000,0x000000eff5100000) (1024K)]
  0x000002247a182a40 JavaThread "Monitor Ctrl-Break"         daemon [_thread_in_native, id=1524, stack(0x000000eff5100000,0x000000eff5200000) (1024K)]
  0x000002247a1830b0 JavaThread "Notification Thread"        daemon [_thread_blocked, id=21388, stack(0x000000eff5200000,0x000000eff5300000) (1024K)]
  0x000002247a388320 JavaThread "RMI TCP Accept-0"           daemon [_thread_in_native, id=16676, stack(0x000000eff5500000,0x000000eff5600000) (1024K)]
  0x000002247a4197e0 JavaThread "RMI Scheduler(0)"           daemon [_thread_blocked, id=3972, stack(0x000000eff5700000,0x000000eff5800000) (1024K)]
  0x000002247a438860 JavaThread "JMX server connection timeout 26" daemon [_thread_blocked, id=16532, stack(0x000000eff5800000,0x000000eff5900000) (1024K)]
  0x000002247a8a2510 JavaThread "mysql-cj-abandoned-connection-cleanup" daemon [_thread_blocked, id=9812, stack(0x000000eff6500000,0x000000eff6600000) (1024K)]
  0x000002247d2abe80 JavaThread "Live Reload Server"         daemon [_thread_in_native, id=2840, stack(0x000000eff7000000,0x000000eff7100000) (1024K)]
  0x000002247d2b0020 JavaThread "DestroyJavaVM"                     [_thread_blocked, id=9860, stack(0x000000eff4000000,0x000000eff4100000) (1024K)]
  0x000002247d98a1b0 JavaThread "RMI TCP Connection(5)-10.12.74.54" daemon [_thread_blocked, id=14952, stack(0x000000eff3d00000,0x000000eff3e00000) (1024K)]
  0x000002247d98cfa0 JavaThread "Thread-5"                          [_thread_blocked, id=16596, stack(0x000000eff3e00000,0x000000eff3f00000) (1024K)]
Total: 18

Other Threads:
=>0x00000224751dda70 VMThread "VM Thread"                           [id=12636, stack(0x000000eff4700000,0x000000eff4800000) (1024K)]
  0x00000224751bbeb0 WatcherThread "VM Periodic Task Thread"        [id=18860, stack(0x000000eff4600000,0x000000eff4700000) (1024K)]
  0x0000022464026810 WorkerThread "GC Thread#0"                     [id=6584, stack(0x000000eff4100000,0x000000eff4200000) (1024K)]
  0x000002247a5675b0 WorkerThread "GC Thread#1"                     [id=10168, stack(0x000000eff5a00000,0x000000eff5b00000) (1024K)]
  0x000002247a5b8130 WorkerThread "GC Thread#2"                     [id=20172, stack(0x000000eff5b00000,0x000000eff5c00000) (1024K)]
  0x000002247a5b48c0 WorkerThread "GC Thread#3"                     [id=924, stack(0x000000eff5c00000,0x000000eff5d00000) (1024K)]
  0x000002247a5bcda0 WorkerThread "GC Thread#4"                     [id=18600, stack(0x000000eff5d00000,0x000000eff5e00000) (1024K)]
  0x000002247a5bd5c0 WorkerThread "GC Thread#5"                     [id=10608, stack(0x000000eff5e00000,0x000000eff5f00000) (1024K)]
  0x000002247a5bdde0 WorkerThread "GC Thread#6"                     [id=9808, stack(0x000000eff5f00000,0x000000eff6000000) (1024K)]
  0x000002247a5be180 WorkerThread "GC Thread#7"                     [id=2992, stack(0x000000eff6000000,0x000000eff6100000) (1024K)]
  0x000002247a5e8070 WorkerThread "GC Thread#8"                     [id=9472, stack(0x000000eff6100000,0x000000eff6200000) (1024K)]
  0x000002247a5e8890 WorkerThread "GC Thread#9"                     [id=20800, stack(0x000000eff6200000,0x000000eff6300000) (1024K)]
  0x00000224625fdd70 ConcurrentGCThread "G1 Main Marker"            [id=9420, stack(0x000000eff4200000,0x000000eff4300000) (1024K)]
  0x00000224625fe930 WorkerThread "G1 Conc#0"                       [id=11252, stack(0x000000eff4300000,0x000000eff4400000) (1024K)]
  0x000002247a8a7df0 WorkerThread "G1 Conc#1"                       [id=10808, stack(0x000000eff6700000,0x000000eff6800000) (1024K)]
  0x000002247a8a8190 WorkerThread "G1 Conc#2"                       [id=21044, stack(0x000000eff6800000,0x000000eff6900000) (1024K)]
  0x000002247508f4e0 ConcurrentGCThread "G1 Refine#0"               [id=932, stack(0x000000eff4400000,0x000000eff4500000) (1024K)]
  0x000002247508fd00 ConcurrentGCThread "G1 Service"                [id=10356, stack(0x000000eff4500000,0x000000eff4600000) (1024K)]
Total: 18

Threads with active compile tasks:
Total: 0

VM state: at safepoint (normal execution)

VM Mutex/Monitor currently owned by a thread:  ([mutex/lock_event])
[0x00007ffc3e9c7e98] Threads_lock - owner thread: 0x00000224751dda70
[0x00007ffc3e9c7f98] Heap_lock - owner thread: 0x000002247d98cfa0

Heap address: 0x0000000084800000, size: 1976 MB, Compressed Oops mode: 32-bit

CDS archive(s) mapped at: [0x0000022400000000-0x0000022400c90000-0x0000022400c90000), size 13172736, SharedBaseAddress: 0x0000022400000000, ArchiveRelocationMode: 1.
Compressed class space mapped at: 0x0000022401000000-0x0000022441000000, reserved size: 1073741824
Narrow klass base: 0x0000022400000000, Narrow klass shift: 0, Narrow klass range: 0x100000000

GC Precious Log:
 CardTable entry size: 512
 Card Set container configuration: InlinePtr #cards 5 size 8 Array Of Cards #cards 12 size 40 Howl #buckets 4 coarsen threshold 1843 Howl Bitmap #cards 512 size 80 coarsen threshold 460 Card regions per heap region 1 cards per card region 2048
 CPUs: 12 total, 12 available
 Memory: 7900M
 Large Page Support: Disabled
 NUMA Support: Disabled
 Compressed Oops: Enabled (32-bit)
 Heap Region Size: 1M
 Heap Min Capacity: 8M
 Heap Initial Capacity: 124M
 Heap Max Capacity: 1976M
 Pre-touch: Disabled
 Parallel Workers: 10
 Concurrent Workers: 3
 Concurrent Refinement Workers: 10
 Periodic GC: Disabled

Heap:
 garbage-first heap   total 96256K, used 79311K [0x0000000084800000, 0x0000000100000000)
  region size 1024K, 38 young (38912K), 2 survivors (2048K)
 Metaspace       used 79276K, committed 80192K, reserved 1179648K
  class space    used 11676K, committed 12096K, reserved 1048576K

Heap Regions: E=young(eden), S=young(survivor), O=old, HS=humongous(starts), HC=humongous(continues), CS=collection set, F=free, TAMS=top-at-mark-start, PB=parsable bottom
|   0|0x0000000084800000, 0x0000000084900000, 0x0000000084900000|100%|HS|  |TAMS 0x0000000084800000| PB 0x0000000084800000| Complete 
|   1|0x0000000084900000, 0x0000000084a00000, 0x0000000084a00000|100%| O|  |TAMS 0x0000000084900000| PB 0x0000000084900000| Untracked 
|   2|0x0000000084a00000, 0x0000000084b00000, 0x0000000084b00000|100%| O|  |TAMS 0x0000000084a00000| PB 0x0000000084a00000| Untracked 
|   3|0x0000000084b00000, 0x0000000084c00000, 0x0000000084c00000|100%| O|  |TAMS 0x0000000084b00000| PB 0x0000000084b00000| Untracked 
|   4|0x0000000084c00000, 0x0000000084d00000, 0x0000000084d00000|100%| O|  |TAMS 0x0000000084c00000| PB 0x0000000084c00000| Untracked 
|   5|0x0000000084d00000, 0x0000000084e00000, 0x0000000084e00000|100%| O|  |TAMS 0x0000000084d00000| PB 0x0000000084d00000| Untracked 
|   6|0x0000000084e00000, 0x0000000084f00000, 0x0000000084f00000|100%| O|  |TAMS 0x0000000084e00000| PB 0x0000000084e00000| Untracked 
|   7|0x0000000084f00000, 0x0000000085000000, 0x0000000085000000|100%| O|  |TAMS 0x0000000084f00000| PB 0x0000000084f00000| Untracked 
|   8|0x0000000085000000, 0x0000000085100000, 0x0000000085100000|100%| O|  |TAMS 0x0000000085000000| PB 0x0000000085000000| Untracked 
|   9|0x0000000085100000, 0x0000000085200000, 0x0000000085200000|100%| O|  |TAMS 0x0000000085100000| PB 0x0000000085100000| Untracked 
|  10|0x0000000085200000, 0x0000000085300000, 0x0000000085300000|100%| O|  |TAMS 0x0000000085200000| PB 0x0000000085200000| Untracked 
|  11|0x0000000085300000, 0x0000000085300000, 0x0000000085400000|  0%| F|  |TAMS 0x0000000085300000| PB 0x0000000085300000| Untracked 
|  12|0x0000000085400000, 0x0000000085400000, 0x0000000085500000|  0%| F|  |TAMS 0x0000000085400000| PB 0x0000000085400000| Untracked 
|  13|0x0000000085500000, 0x0000000085500000, 0x0000000085600000|  0%| F|  |TAMS 0x0000000085500000| PB 0x0000000085500000| Untracked 
|  14|0x0000000085600000, 0x0000000085700000, 0x0000000085700000|100%| O|  |TAMS 0x0000000085600000| PB 0x0000000085600000| Untracked 
|  15|0x0000000085700000, 0x0000000085800000, 0x0000000085800000|100%| O|Cm|TAMS 0x0000000085700000| PB 0x0000000085700000| Complete 
|  16|0x0000000085800000, 0x0000000085900000, 0x0000000085900000|100%| O|  |TAMS 0x0000000085800000| PB 0x0000000085800000| Untracked 
|  17|0x0000000085900000, 0x0000000085a00000, 0x0000000085a00000|100%| O|  |TAMS 0x0000000085900000| PB 0x0000000085900000| Untracked 
|  18|0x0000000085a00000, 0x0000000085b00000, 0x0000000085b00000|100%| O|  |TAMS 0x0000000085a00000| PB 0x0000000085a00000| Untracked 
|  19|0x0000000085b00000, 0x0000000085c00000, 0x0000000085c00000|100%| O|  |TAMS 0x0000000085b00000| PB 0x0000000085b00000| Untracked 
|  20|0x0000000085c00000, 0x0000000085c00000, 0x0000000085d00000|  0%| F|  |TAMS 0x0000000085c00000| PB 0x0000000085c00000| Untracked 
|  21|0x0000000085d00000, 0x0000000085d00000, 0x0000000085e00000|  0%| F|  |TAMS 0x0000000085d00000| PB 0x0000000085d00000| Untracked 
|  22|0x0000000085e00000, 0x0000000085f00000, 0x0000000085f00000|100%| O|Cm|TAMS 0x0000000085e00000| PB 0x0000000085e00000| Complete 
|  23|0x0000000085f00000, 0x0000000086000000, 0x0000000086000000|100%| O|  |TAMS 0x0000000085f00000| PB 0x0000000085f00000| Untracked 
|  24|0x0000000086000000, 0x0000000086100000, 0x0000000086100000|100%| O|  |TAMS 0x0000000086000000| PB 0x0000000086000000| Untracked 
|  25|0x0000000086100000, 0x0000000086200000, 0x0000000086200000|100%| O|  |TAMS 0x0000000086100000| PB 0x0000000086100000| Untracked 
|  26|0x0000000086200000, 0x0000000086300000, 0x0000000086300000|100%| O|  |TAMS 0x0000000086200000| PB 0x0000000086200000| Untracked 
|  27|0x0000000086300000, 0x0000000086300000, 0x0000000086400000|  0%| F|  |TAMS 0x0000000086300000| PB 0x0000000086300000| Untracked 
|  28|0x0000000086400000, 0x0000000086406ec0, 0x0000000086500000|  2%| S|CS|TAMS 0x0000000086400000| PB 0x0000000086400000| Complete 
|  29|0x0000000086500000, 0x0000000086600000, 0x0000000086600000|100%| O|  |TAMS 0x0000000086500000| PB 0x0000000086500000| Untracked 
|  30|0x0000000086600000, 0x0000000086700000, 0x0000000086700000|100%| O|  |TAMS 0x0000000086600000| PB 0x0000000086600000| Untracked 
|  31|0x0000000086700000, 0x0000000086800000, 0x0000000086800000|100%| O|  |TAMS 0x0000000086700000| PB 0x0000000086700000| Untracked 
|  32|0x0000000086800000, 0x0000000086900000, 0x0000000086900000|100%| O|  |TAMS 0x0000000086800000| PB 0x0000000086800000| Untracked 
|  33|0x0000000086900000, 0x0000000086a00000, 0x0000000086a00000|100%| O|  |TAMS 0x0000000086900000| PB 0x0000000086900000| Untracked 
|  34|0x0000000086a00000, 0x0000000086b00000, 0x0000000086b00000|100%| O|  |TAMS 0x0000000086a00000| PB 0x0000000086a00000| Untracked 
|  35|0x0000000086b00000, 0x0000000086c00000, 0x0000000086c00000|100%| O|  |TAMS 0x0000000086b00000| PB 0x0000000086b00000| Untracked 
|  36|0x0000000086c00000, 0x0000000086d00000, 0x0000000086d00000|100%| O|  |TAMS 0x0000000086c00000| PB 0x0000000086c00000| Untracked 
|  37|0x0000000086d00000, 0x0000000086e00000, 0x0000000086e00000|100%| O|Cm|TAMS 0x0000000086d00000| PB 0x0000000086d00000| Complete 
|  38|0x0000000086e00000, 0x0000000086f00000, 0x0000000086f00000|100%| O|  |TAMS 0x0000000086e00000| PB 0x0000000086e00000| Untracked 
|  39|0x0000000086f00000, 0x0000000087000000, 0x0000000087000000|100%| O|  |TAMS 0x0000000086f00000| PB 0x0000000086f00000| Untracked 
|  40|0x0000000087000000, 0x0000000087100000, 0x0000000087100000|100%| O|  |TAMS 0x0000000087000000| PB 0x0000000087000000| Untracked 
|  41|0x0000000087100000, 0x0000000087200000, 0x0000000087200000|100%| O|  |TAMS 0x0000000087100000| PB 0x0000000087100000| Untracked 
|  42|0x0000000087200000, 0x0000000087300000, 0x0000000087300000|100%| O|  |TAMS 0x0000000087200000| PB 0x0000000087200000| Untracked 
|  43|0x0000000087300000, 0x0000000087400000, 0x0000000087400000|100%| O|  |TAMS 0x0000000087300000| PB 0x0000000087300000| Untracked 
|  44|0x0000000087400000, 0x0000000087500000, 0x0000000087500000|100%| S|CS|TAMS 0x0000000087400000| PB 0x0000000087400000| Complete 
|  45|0x0000000087500000, 0x0000000087600000, 0x0000000087600000|100%| O|  |TAMS 0x0000000087500000| PB 0x0000000087500000| Untracked 
|  46|0x0000000087600000, 0x0000000087700000, 0x0000000087700000|100%| O|  |TAMS 0x0000000087600000| PB 0x0000000087600000| Untracked 
|  47|0x0000000087700000, 0x0000000087800000, 0x0000000087800000|100%| O|Cm|TAMS 0x0000000087700000| PB 0x0000000087700000| Complete 
|  48|0x0000000087800000, 0x0000000087800000, 0x0000000087900000|  0%| F|  |TAMS 0x0000000087800000| PB 0x0000000087800000| Untracked 
|  49|0x0000000087900000, 0x0000000087a00000, 0x0000000087a00000|100%| O|  |TAMS 0x0000000087900000| PB 0x0000000087900000| Untracked 
|  50|0x0000000087a00000, 0x0000000087a00000, 0x0000000087b00000|  0%| F|  |TAMS 0x0000000087a00000| PB 0x0000000087a00000| Untracked 
|  51|0x0000000087b00000, 0x0000000087b00000, 0x0000000087c00000|  0%| F|  |TAMS 0x0000000087b00000| PB 0x0000000087b00000| Untracked 
|  52|0x0000000087c00000, 0x0000000087c6ce40, 0x0000000087d00000| 42%| O|  |TAMS 0x0000000087c00000| PB 0x0000000087c00000| Untracked 
|  53|0x0000000087d00000, 0x0000000087d00000, 0x0000000087e00000|  0%| F|  |TAMS 0x0000000087d00000| PB 0x0000000087d00000| Untracked 
|  54|0x0000000087e00000, 0x0000000087e00000, 0x0000000087f00000|  0%| F|  |TAMS 0x0000000087e00000| PB 0x0000000087e00000| Untracked 
|  55|0x0000000087f00000, 0x0000000087f00000, 0x0000000088000000|  0%| F|  |TAMS 0x0000000087f00000| PB 0x0000000087f00000| Untracked 
|  56|0x0000000088000000, 0x0000000088000000, 0x0000000088100000|  0%| F|  |TAMS 0x0000000088000000| PB 0x0000000088000000| Untracked 
|  57|0x0000000088100000, 0x0000000088100000, 0x0000000088200000|  0%| F|  |TAMS 0x0000000088100000| PB 0x0000000088100000| Untracked 
|  58|0x0000000088200000, 0x0000000088231fb8, 0x0000000088300000| 19%| E|  |TAMS 0x0000000088200000| PB 0x0000000088200000| Complete 
|  59|0x0000000088300000, 0x0000000088400000, 0x0000000088400000|100%| E|CS|TAMS 0x0000000088300000| PB 0x0000000088300000| Complete 
|  60|0x0000000088400000, 0x0000000088500000, 0x0000000088500000|100%| E|CS|TAMS 0x0000000088400000| PB 0x0000000088400000| Complete 
|  61|0x0000000088500000, 0x0000000088600000, 0x0000000088600000|100%| E|CS|TAMS 0x0000000088500000| PB 0x0000000088500000| Complete 
|  62|0x0000000088600000, 0x0000000088700000, 0x0000000088700000|100%| E|CS|TAMS 0x0000000088600000| PB 0x0000000088600000| Complete 
|  63|0x0000000088700000, 0x0000000088800000, 0x0000000088800000|100%| E|CS|TAMS 0x0000000088700000| PB 0x0000000088700000| Complete 
|  64|0x0000000088800000, 0x0000000088900000, 0x0000000088900000|100%| E|CS|TAMS 0x0000000088800000| PB 0x0000000088800000| Complete 
|  65|0x0000000088900000, 0x0000000088a00000, 0x0000000088a00000|100%| E|CS|TAMS 0x0000000088900000| PB 0x0000000088900000| Complete 
|  66|0x0000000088a00000, 0x0000000088b00000, 0x0000000088b00000|100%| E|CS|TAMS 0x0000000088a00000| PB 0x0000000088a00000| Complete 
|  67|0x0000000088b00000, 0x0000000088c00000, 0x0000000088c00000|100%| E|CS|TAMS 0x0000000088b00000| PB 0x0000000088b00000| Complete 
|  68|0x0000000088c00000, 0x0000000088d00000, 0x0000000088d00000|100%| E|CS|TAMS 0x0000000088c00000| PB 0x0000000088c00000| Complete 
|  69|0x0000000088d00000, 0x0000000088e00000, 0x0000000088e00000|100%| E|CS|TAMS 0x0000000088d00000| PB 0x0000000088d00000| Complete 
|  70|0x0000000088e00000, 0x0000000088f00000, 0x0000000088f00000|100%| E|CS|TAMS 0x0000000088e00000| PB 0x0000000088e00000| Complete 
|  71|0x0000000088f00000, 0x0000000089000000, 0x0000000089000000|100%| E|CS|TAMS 0x0000000088f00000| PB 0x0000000088f00000| Complete 
|  72|0x0000000089000000, 0x0000000089100000, 0x0000000089100000|100%| E|CS|TAMS 0x0000000089000000| PB 0x0000000089000000| Complete 
|  73|0x0000000089100000, 0x0000000089200000, 0x0000000089200000|100%| E|CS|TAMS 0x0000000089100000| PB 0x0000000089100000| Complete 
|  74|0x0000000089200000, 0x0000000089300000, 0x0000000089300000|100%| E|CS|TAMS 0x0000000089200000| PB 0x0000000089200000| Complete 
|  75|0x0000000089300000, 0x0000000089400000, 0x0000000089400000|100%| E|CS|TAMS 0x0000000089300000| PB 0x0000000089300000| Complete 
|  76|0x0000000089400000, 0x0000000089500000, 0x0000000089500000|100%| E|CS|TAMS 0x0000000089400000| PB 0x0000000089400000| Complete 
|  77|0x0000000089500000, 0x0000000089600000, 0x0000000089600000|100%| E|CS|TAMS 0x0000000089500000| PB 0x0000000089500000| Complete 
|  78|0x0000000089600000, 0x0000000089700000, 0x0000000089700000|100%| E|CS|TAMS 0x0000000089600000| PB 0x0000000089600000| Complete 
|  79|0x0000000089700000, 0x0000000089800000, 0x0000000089800000|100%| E|CS|TAMS 0x0000000089700000| PB 0x0000000089700000| Complete 
|  80|0x0000000089800000, 0x0000000089900000, 0x0000000089900000|100%| E|CS|TAMS 0x0000000089800000| PB 0x0000000089800000| Complete 
|  81|0x0000000089900000, 0x0000000089a00000, 0x0000000089a00000|100%| E|CS|TAMS 0x0000000089900000| PB 0x0000000089900000| Complete 
|  82|0x0000000089a00000, 0x0000000089b00000, 0x0000000089b00000|100%| E|CS|TAMS 0x0000000089a00000| PB 0x0000000089a00000| Complete 
|  83|0x0000000089b00000, 0x0000000089c00000, 0x0000000089c00000|100%| E|CS|TAMS 0x0000000089b00000| PB 0x0000000089b00000| Complete 
|  84|0x0000000089c00000, 0x0000000089d00000, 0x0000000089d00000|100%| E|CS|TAMS 0x0000000089c00000| PB 0x0000000089c00000| Complete 
|  85|0x0000000089d00000, 0x0000000089e00000, 0x0000000089e00000|100%| E|CS|TAMS 0x0000000089d00000| PB 0x0000000089d00000| Complete 
|  86|0x0000000089e00000, 0x0000000089f00000, 0x0000000089f00000|100%| E|CS|TAMS 0x0000000089e00000| PB 0x0000000089e00000| Complete 
|  87|0x0000000089f00000, 0x000000008a000000, 0x000000008a000000|100%| E|CS|TAMS 0x0000000089f00000| PB 0x0000000089f00000| Complete 
|  88|0x000000008a000000, 0x000000008a100000, 0x000000008a100000|100%| E|CS|TAMS 0x000000008a000000| PB 0x000000008a000000| Complete 
|  89|0x000000008a100000, 0x000000008a200000, 0x000000008a200000|100%| E|CS|TAMS 0x000000008a100000| PB 0x000000008a100000| Complete 
|  90|0x000000008a200000, 0x000000008a300000, 0x000000008a300000|100%| E|CS|TAMS 0x000000008a200000| PB 0x000000008a200000| Complete 
|  91|0x000000008a300000, 0x000000008a400000, 0x000000008a400000|100%| E|CS|TAMS 0x000000008a300000| PB 0x000000008a300000| Complete 
|  92|0x000000008a400000, 0x000000008a500000, 0x000000008a500000|100%| E|CS|TAMS 0x000000008a400000| PB 0x000000008a400000| Complete 
| 123|0x000000008c300000, 0x000000008c400000, 0x000000008c400000|100%| E|CS|TAMS 0x000000008c300000| PB 0x000000008c300000| Complete 

Card table byte_map: [0x0000022470340000,0x0000022470720000] _byte_map_base: 0x000002246ff1c000

Marking Bits: (CMBitMap*) 0x0000022464026e20
 Bits: [0x0000022470720000, 0x0000022472600000)

Polling page: 0x0000022462740000

Metaspace:

Usage:
  Non-class:     66.02 MB used.
      Class:     11.40 MB used.
       Both:     77.42 MB used.

Virtual space:
  Non-class space:      128.00 MB reserved,      66.50 MB ( 52%) committed,  2 nodes.
      Class space:        1.00 GB reserved,      11.81 MB (  1%) committed,  1 nodes.
             Both:        1.12 GB reserved,      78.31 MB (  7%) committed. 

Chunk freelists:
   Non-Class:  13.21 MB
       Class:  4.29 MB
        Both:  17.50 MB

MaxMetaspaceSize: unlimited
CompressedClassSpaceSize: 1.00 GB
Initial GC threshold: 21.00 MB
Current GC threshold: 130.44 MB
CDS: on
 - commit_granule_bytes: 65536.
 - commit_granule_words: 8192.
 - virtual_space_node_default_size: 8388608.
 - enlarge_chunks_in_place: 1.
 - use_allocation_guard: 0.


Internal statistics:

num_allocs_failed_limit: 6.
num_arena_births: 1672.
num_arena_deaths: 580.
num_vsnodes_births: 3.
num_vsnodes_deaths: 0.
num_space_committed: 1253.
num_space_uncommitted: 0.
num_chunks_returned_to_freelist: 697.
num_chunks_taken_from_freelist: 4837.
num_chunk_merges: 190.
num_chunk_splits: 3199.
num_chunks_enlarged: 2376.
num_inconsistent_stats: 0.

CodeCache: size=49152Kb used=16142Kb max_used=19391Kb free=33009Kb
 bounds [0x000002246c4c0000, 0x000002246d7b0000, 0x000002246f4c0000]
 total_blobs=9961 nmethods=9221 adapters=663
 compilation: enabled
              stopped_count=0, restarted_count=0
 full_count=0

Compilation events (20 events):
Event: 1385.069 Thread 0x000002247520e680 11644       1       java.net.Socket::isClosed (8 bytes)
Event: 1385.069 Thread 0x000002247520e680 nmethod 11644 0x000002246c719b10 code [0x000002246c719ca0, 0x000002246c719d80]
Event: 1385.337 Thread 0x000002247520e680 11645 %     1       java.util.Properties$LineReader::readLine @ 224 (584 bytes)
Event: 1385.366 Thread 0x000002247520e680 nmethod 11645% 0x000002246cf64590 code [0x000002246cf64840, 0x000002246cf65be8]
Event: 1385.366 Thread 0x000002247520e680 11646       1       java.util.regex.Pattern::split (325 bytes)
Event: 1385.371 Thread 0x000002247520e680 nmethod 11646 0x000002246d0cbe10 code [0x000002246d0cc1c0, 0x000002246d0cd7c0]
Event: 1385.372 Thread 0x000002247520e680 11647       1       java.util.regex.CharPredicates$$Lambda/0x800000027::is (5 bytes)
Event: 1385.373 Thread 0x000002247520e680 nmethod 11647 0x000002246c746010 code [0x000002246c7461a0, 0x000002246c746300]
Event: 1385.373 Thread 0x000002247520e680 11648       1       java.util.regex.CharPredicates::lambda$ASCII_SPACE$20 (20 bytes)
Event: 1385.374 Thread 0x000002247520e680 nmethod 11648 0x000002246c6b5610 code [0x000002246c6b57a0, 0x000002246c6b58d0]
Event: 1385.374 Thread 0x000002247520e680 11649       1       java.util.regex.ASCII::isSpace (8 bytes)
Event: 1385.381 Thread 0x000002247520e680 nmethod 11649 0x000002246c6d6390 code [0x000002246c6d6520, 0x000002246c6d6628]
Event: 1385.381 Thread 0x000002247520e680 11650       1       com.mysql.cj.protocol.AbstractSocketConnection::getMysqlSocket (5 bytes)
Event: 1385.382 Thread 0x000002247520e680 nmethod 11650 0x000002246c737a90 code [0x000002246c737c20, 0x000002246c737ce8]
Event: 1385.396 Thread 0x000002247520e680 11651       1       com.mysql.cj.protocol.a.NativeProtocol::getCommandBuilder (32 bytes)
Event: 1385.402 Thread 0x000002247520e680 nmethod 11651 0x000002246c735710 code [0x000002246c7358a0, 0x000002246c735a98]
Event: 1385.411 Thread 0x000002247520e680 11652       1       java.lang.invoke.MethodType::canConvert (123 bytes)
Event: 1385.415 Thread 0x000002247520e680 nmethod 11652 0x000002246c901f10 code [0x000002246c902160, 0x000002246c9025c0]
Event: 1385.449 Thread 0x000002247520e680 11653       1       org.springframework.util.ConcurrentReferenceHashMap$EntryIterator::moveToNextSegment (55 bytes)
Event: 1385.455 Thread 0x000002247520e680 nmethod 11653 0x000002246c9dc010 code [0x000002246c9dc1a0, 0x000002246c9dc368]

GC Heap History (20 events):
Event: 8.659 GC heap after
{Heap after GC invocations=18 (full 0):
 garbage-first heap   total 79872K, used 36497K [0x0000000084800000, 0x0000000100000000)
  region size 1024K, 5 young (5120K), 5 survivors (5120K)
 Metaspace       used 66627K, committed 67328K, reserved 1114112K
  class space    used 9777K, committed 10112K, reserved 1048576K
}
Event: 8.780 GC heap before
{Heap before GC invocations=18 (full 0):
 garbage-first heap   total 79872K, used 69265K [0x0000000084800000, 0x0000000100000000)
  region size 1024K, 37 young (37888K), 5 survivors (5120K)
 Metaspace       used 66751K, committed 67456K, reserved 1114112K
  class space    used 9786K, committed 10112K, reserved 1048576K
}
Event: 8.786 GC heap after
{Heap after GC invocations=19 (full 0):
 garbage-first heap   total 79872K, used 37128K [0x0000000084800000, 0x0000000100000000)
  region size 1024K, 4 young (4096K), 4 survivors (4096K)
 Metaspace       used 66751K, committed 67456K, reserved 1114112K
  class space    used 9786K, committed 10112K, reserved 1048576K
}
Event: 8.925 GC heap before
{Heap before GC invocations=20 (full 0):
 garbage-first heap   total 79872K, used 69896K [0x0000000084800000, 0x0000000100000000)
  region size 1024K, 36 young (36864K), 4 survivors (4096K)
 Metaspace       used 66912K, committed 67712K, reserved 1114112K
  class space    used 9797K, committed 10176K, reserved 1048576K
}
Event: 8.930 GC heap after
{Heap after GC invocations=21 (full 0):
 garbage-first heap   total 79872K, used 37835K [0x0000000084800000, 0x0000000100000000)
  region size 1024K, 2 young (2048K), 2 survivors (2048K)
 Metaspace       used 66912K, committed 67712K, reserved 1114112K
  class space    used 9797K, committed 10176K, reserved 1048576K
}
Event: 9.051 GC heap before
{Heap before GC invocations=21 (full 0):
 garbage-first heap   total 79872K, used 71627K [0x0000000084800000, 0x0000000100000000)
  region size 1024K, 35 young (35840K), 2 survivors (2048K)
 Metaspace       used 67094K, committed 67840K, reserved 1114112K
  class space    used 9834K, committed 10176K, reserved 1048576K
}
Event: 9.057 GC heap after
{Heap after GC invocations=22 (full 0):
 garbage-first heap   total 96256K, used 38169K [0x0000000084800000, 0x0000000100000000)
  region size 1024K, 3 young (3072K), 3 survivors (3072K)
 Metaspace       used 67094K, committed 67840K, reserved 1114112K
  class space    used 9834K, committed 10176K, reserved 1048576K
}
Event: 9.943 GC heap before
{Heap before GC invocations=22 (full 0):
 garbage-first heap   total 96256K, used 86297K [0x0000000084800000, 0x0000000100000000)
  region size 1024K, 50 young (51200K), 3 survivors (3072K)
 Metaspace       used 71573K, committed 72448K, reserved 1114112K
  class space    used 10571K, committed 10944K, reserved 1048576K
}
Event: 9.954 GC heap after
{Heap after GC invocations=23 (full 0):
 garbage-first heap   total 96256K, used 42883K [0x0000000084800000, 0x0000000100000000)
  region size 1024K, 7 young (7168K), 7 survivors (7168K)
 Metaspace       used 71573K, committed 72448K, reserved 1114112K
  class space    used 10571K, committed 10944K, reserved 1048576K
}
Event: 16.661 GC heap before
{Heap before GC invocations=23 (full 0):
 garbage-first heap   total 96256K, used 81795K [0x0000000084800000, 0x0000000100000000)
  region size 1024K, 46 young (47104K), 7 survivors (7168K)
 Metaspace       used 78258K, committed 79232K, reserved 1179648K
  class space    used 11547K, committed 11968K, reserved 1048576K
}
Event: 16.673 GC heap after
{Heap after GC invocations=24 (full 0):
 garbage-first heap   total 96256K, used 46673K [0x0000000084800000, 0x0000000100000000)
  region size 1024K, 4 young (4096K), 4 survivors (4096K)
 Metaspace       used 78258K, committed 79232K, reserved 1179648K
  class space    used 11547K, committed 11968K, reserved 1048576K
}
Event: 149.886 GC heap before
{Heap before GC invocations=24 (full 0):
 garbage-first heap   total 96256K, used 85585K [0x0000000084800000, 0x0000000100000000)
  region size 1024K, 42 young (43008K), 4 survivors (4096K)
 Metaspace       used 78919K, committed 79936K, reserved 1179648K
  class space    used 11643K, committed 12096K, reserved 1048576K
}
Event: 149.923 GC heap after
{Heap after GC invocations=25 (full 0):
 garbage-first heap   total 96256K, used 46580K [0x0000000084800000, 0x0000000100000000)
  region size 1024K, 1 young (1024K), 1 survivors (1024K)
 Metaspace       used 78919K, committed 79936K, reserved 1179648K
  class space    used 11643K, committed 12096K, reserved 1048576K
}
Event: 245.794 GC heap before
{Heap before GC invocations=26 (full 0):
 garbage-first heap   total 96256K, used 88564K [0x0000000084800000, 0x0000000100000000)
  region size 1024K, 42 young (43008K), 1 survivors (1024K)
 Metaspace       used 79015K, committed 80064K, reserved 1179648K
  class space    used 11623K, committed 12096K, reserved 1048576K
}
Event: 245.805 GC heap after
{Heap after GC invocations=27 (full 0):
 garbage-first heap   total 96256K, used 47289K [0x0000000084800000, 0x0000000100000000)
  region size 1024K, 2 young (2048K), 2 survivors (2048K)
 Metaspace       used 79015K, committed 80064K, reserved 1179648K
  class space    used 11623K, committed 12096K, reserved 1048576K
}
Event: 574.034 GC heap before
{Heap before GC invocations=27 (full 0):
 garbage-first heap   total 96256K, used 87225K [0x0000000084800000, 0x0000000100000000)
  region size 1024K, 41 young (41984K), 2 survivors (2048K)
 Metaspace       used 79141K, committed 80128K, reserved 1179648K
  class space    used 11646K, committed 12096K, reserved 1048576K
}
Event: 574.101 GC heap after
{Heap after GC invocations=28 (full 0):
 garbage-first heap   total 96256K, used 43692K [0x0000000084800000, 0x0000000100000000)
  region size 1024K, 2 young (2048K), 2 survivors (2048K)
 Metaspace       used 79141K, committed 80128K, reserved 1179648K
  class space    used 11646K, committed 12096K, reserved 1048576K
}
Event: 1025.689 GC heap before
{Heap before GC invocations=28 (full 0):
 garbage-first heap   total 96256K, used 86700K [0x0000000084800000, 0x0000000100000000)
  region size 1024K, 44 young (45056K), 2 survivors (2048K)
 Metaspace       used 79143K, committed 80128K, reserved 1179648K
  class space    used 11646K, committed 12096K, reserved 1048576K
}
Event: 1025.791 GC heap after
{Heap after GC invocations=29 (full 0):
 garbage-first heap   total 96256K, used 43471K [0x0000000084800000, 0x0000000100000000)
  region size 1024K, 2 young (2048K), 2 survivors (2048K)
 Metaspace       used 79143K, committed 80128K, reserved 1179648K
  class space    used 11646K, committed 12096K, reserved 1048576K
}
Event: 1385.466 GC heap before
{Heap before GC invocations=30 (full 0):
 garbage-first heap   total 96256K, used 79311K [0x0000000084800000, 0x0000000100000000)
  region size 1024K, 38 young (38912K), 2 survivors (2048K)
 Metaspace       used 79276K, committed 80192K, reserved 1179648K
  class space    used 11676K, committed 12096K, reserved 1048576K
}

Dll operation events (13 events):
Event: 0.031 Loaded shared library C:\Program Files\Java\jdk-21\bin\java.dll
Event: 0.272 Loaded shared library C:\Program Files\Java\jdk-21\bin\zip.dll
Event: 0.278 Loaded shared library C:\Program Files\Java\jdk-21\bin\instrument.dll
Event: 0.284 Loaded shared library C:\Program Files\Java\jdk-21\bin\net.dll
Event: 0.287 Loaded shared library C:\Program Files\Java\jdk-21\bin\nio.dll
Event: 0.291 Loaded shared library C:\Program Files\Java\jdk-21\bin\zip.dll
Event: 0.551 Loaded shared library C:\Program Files\JetBrains\IntelliJ IDEA 2024.3.2\bin\breakgen64.dll
Event: 0.563 Loaded shared library C:\Program Files\Java\jdk-21\bin\jimage.dll
Event: 0.570 Loaded shared library C:\Program Files\Java\jdk-21\bin\extnet.dll
Event: 0.597 Loaded shared library C:\Program Files\Java\jdk-21\bin\management.dll
Event: 0.623 Loaded shared library C:\Program Files\Java\jdk-21\bin\management_ext.dll
Event: 4.596 Loaded shared library C:\Program Files\Java\jdk-21\bin\sunmscapi.dll
Event: 5.227 Loaded shared library C:\Program Files\Java\jdk-21\bin\verify.dll

Deoptimization events (12 events):
Event: 7.705 Thread 0x000002247a8a3f50 DEOPT PACKING pc=0x000002246cb17b9c sp=0x000000eff64fb310
Event: 7.705 Thread 0x000002247a8a3f50 DEOPT UNPACKING pc=0x000002246c514e42 sp=0x000000eff64fa868 mode 0
Event: 9.282 Thread 0x000002247a8a3f50 DEOPT PACKING pc=0x000002246cb2f459 sp=0x000000eff64fd7b0
Event: 9.282 Thread 0x000002247a8a3f50 DEOPT UNPACKING pc=0x000002246c514e42 sp=0x000000eff64fccb8 mode 3
Event: 15.478 Thread 0x000002247a3b9580 DEOPT PACKING pc=0x000002246cf116bc sp=0x000000eff56fefd0
Event: 15.478 Thread 0x000002247a3b9580 DEOPT UNPACKING pc=0x000002246c514e42 sp=0x000000eff56fe468 mode 0
Event: 31.167 Thread 0x000002247a4967c0 DEOPT PACKING pc=0x000002246cf116bc sp=0x000000eff59feb70
Event: 31.167 Thread 0x000002247a4967c0 DEOPT UNPACKING pc=0x000002246c514e42 sp=0x000000eff59fe008 mode 0
Event: 31.168 Thread 0x000002247d2af990 DEOPT PACKING pc=0x000002246cf116bc sp=0x000000eff7efe8f0
Event: 31.168 Thread 0x000002247d2af990 DEOPT UNPACKING pc=0x000002246c514e42 sp=0x000000eff7efdd88 mode 0
Event: 31.168 Thread 0x000002247d2aec70 DEOPT PACKING pc=0x000002246cf116bc sp=0x000000eff63fed00
Event: 31.169 Thread 0x000002247d2aec70 DEOPT UNPACKING pc=0x000002246c514e42 sp=0x000000eff63fe198 mode 0

Classes loaded (20 events):
Event: 1385.278 Loading class java/security/UnrecoverableKeyException
Event: 1385.280 Loading class java/security/UnrecoverableEntryException
Event: 1385.282 Loading class java/security/UnrecoverableEntryException done
Event: 1385.282 Loading class java/security/UnrecoverableKeyException done
Event: 1385.283 Loading class java/security/KeyStoreException
Event: 1385.284 Loading class java/security/KeyStoreException done
Event: 1385.285 Loading class java/security/KeyManagementException
Event: 1385.287 Loading class java/security/KeyManagementException done
Event: 1385.288 Loading class javax/net/ssl/TrustManager
Event: 1385.291 Loading class javax/net/ssl/TrustManager done
Event: 1385.292 Loading class javax/net/ssl/SSLSocket
Event: 1385.312 Loading class javax/net/ssl/SSLSocket done
Event: 1385.314 Loading class javax/crypto/NoSuchPaddingException
Event: 1385.315 Loading class javax/crypto/NoSuchPaddingException done
Event: 1385.316 Loading class javax/crypto/IllegalBlockSizeException
Event: 1385.317 Loading class javax/crypto/IllegalBlockSizeException done
Event: 1385.318 Loading class javax/crypto/BadPaddingException
Event: 1385.320 Loading class javax/crypto/BadPaddingException done
Event: 1385.322 Loading class java/security/spec/InvalidKeySpecException
Event: 1385.323 Loading class java/security/spec/InvalidKeySpecException done

Classes unloaded (20 events):
Event: 1026.036 Thread 0x00000224751dda70 Unloading class 0x0000022401b24800 'java/lang/invoke/LambdaForm$MH+0x0000022401b24800'
Event: 1026.036 Thread 0x00000224751dda70 Unloading class 0x0000022401b24400 'java/lang/invoke/LambdaForm$MH+0x0000022401b24400'
Event: 1026.036 Thread 0x00000224751dda70 Unloading class 0x0000022401b24000 'java/lang/invoke/LambdaForm$MH+0x0000022401b24000'
Event: 1026.037 Thread 0x00000224751dda70 Unloading class 0x0000022401b11400 'java/lang/invoke/LambdaForm$MH+0x0000022401b11400'
Event: 1026.037 Thread 0x00000224751dda70 Unloading class 0x0000022401b11000 'java/lang/invoke/LambdaForm$MH+0x0000022401b11000'
Event: 1026.037 Thread 0x00000224751dda70 Unloading class 0x0000022401b08400 'java/lang/invoke/LambdaForm$MH+0x0000022401b08400'
Event: 1026.037 Thread 0x00000224751dda70 Unloading class 0x0000022401b08000 'java/lang/invoke/LambdaForm$MH+0x0000022401b08000'
Event: 1026.037 Thread 0x00000224751dda70 Unloading class 0x0000022401b01c00 'jdk/internal/reflect/GeneratedSerializationConstructorAccessor38'
Event: 1026.037 Thread 0x00000224751dda70 Unloading class 0x0000022401b01800 'jdk/internal/reflect/GeneratedSerializationConstructorAccessor37'
Event: 1026.037 Thread 0x00000224751dda70 Unloading class 0x0000022401b01400 'jdk/internal/reflect/GeneratedSerializationConstructorAccessor36'
Event: 1026.037 Thread 0x00000224751dda70 Unloading class 0x0000022401aeac00 'jdk/internal/reflect/GeneratedSerializationConstructorAccessor35'
Event: 1026.037 Thread 0x00000224751dda70 Unloading class 0x0000022401aea800 'jdk/internal/reflect/GeneratedSerializationConstructorAccessor34'
Event: 1026.037 Thread 0x00000224751dda70 Unloading class 0x0000022401aea000 'java/lang/invoke/LambdaForm$MH+0x0000022401aea000'
Event: 1026.038 Thread 0x00000224751dda70 Unloading class 0x0000022401ae9800 'java/lang/invoke/LambdaForm$MH+0x0000022401ae9800'
Event: 1026.038 Thread 0x00000224751dda70 Unloading class 0x0000022401ae9400 'java/lang/invoke/LambdaForm$MH+0x0000022401ae9400'
Event: 1026.038 Thread 0x00000224751dda70 Unloading class 0x0000022401ae9000 'java/lang/invoke/LambdaForm$MH+0x0000022401ae9000'
Event: 1026.038 Thread 0x00000224751dda70 Unloading class 0x0000022401ae8c00 'java/lang/invoke/LambdaForm$MH+0x0000022401ae8c00'
Event: 1026.038 Thread 0x00000224751dda70 Unloading class 0x0000022401ae8400 'jdk/internal/reflect/GeneratedSerializationConstructorAccessor33'
Event: 1026.038 Thread 0x00000224751dda70 Unloading class 0x0000022401ae8000 'jdk/internal/reflect/GeneratedSerializationConstructorAccessor32'
Event: 1026.038 Thread 0x00000224751dda70 Unloading class 0x00000224010d8400 'jdk/internal/reflect/GeneratedSerializationConstructorAccessor10'

Classes redefined (0 events):
No events

Internal exceptions (20 events):
Event: 14.796 Thread 0x000002247d2ab7f0 Exception <a 'java/lang/NoSuchMethodError'{0x00000000889054e0}: 'void java.lang.invoke.DelegatingMethodHandle$Holder.reinvoke_L(java.lang.Object, java.lang.Object, java.lang.Object, java.lang.Object, int, java.lang.Object, java.lang.Object, java.lang.Object)'> (0x00000000889054e0) 
thrown [s\open\src\hotspot\share\interpreter\linkResolver.cpp, line 773]
Event: 14.808 Thread 0x000002247d2ab7f0 Exception <a 'java/lang/NoSuchMethodError'{0x00000000889790f0}: 'java.lang.Object java.lang.invoke.DirectMethodHandle$Holder.newInvokeSpecial(java.lang.Object, java.lang.Object, java.lang.Object, long)'> (0x00000000889790f0) 
thrown [s\open\src\hotspot\share\interpreter\linkResolver.cpp, line 773]
Event: 14.808 Thread 0x000002247d2ab7f0 Exception <a 'java/lang/NoSuchMethodError'{0x000000008897d9b0}: 'java.lang.Object java.lang.invoke.DirectMethodHandle$Holder.invokeSpecial(java.lang.Object, java.lang.Object, java.lang.Object, java.lang.Object, long)'> (0x000000008897d9b0) 
thrown [s\open\src\hotspot\share\interpreter\linkResolver.cpp, line 773]
Event: 14.808 Thread 0x000002247d2ab7f0 Exception <a 'java/lang/NoSuchMethodError'{0x0000000088981c58}: 'java.lang.Object java.lang.invoke.Invokers$Holder.linkToTargetMethod(java.lang.Object, java.lang.Object, long, java.lang.Object)'> (0x0000000088981c58) 
thrown [s\open\src\hotspot\share\interpreter\linkResolver.cpp, line 773]
Event: 14.954 Thread 0x000002247d2ab7f0 Exception <a 'java/lang/NoSuchMethodError'{0x00000000886616f8}: 'int java.lang.invoke.Invokers$Holder.invokeExact_MT(java.lang.Object, java.lang.Object, java.lang.Object)'> (0x00000000886616f8) 
thrown [s\open\src\hotspot\share\interpreter\linkResolver.cpp, line 773]
Event: 15.042 Thread 0x000002247d2ab7f0 Exception <a 'java/lang/NoSuchMethodError'{0x000000008850daf8}: 'void java.lang.invoke.DirectMethodHandle$Holder.invokeSpecial(java.lang.Object, java.lang.Object, java.lang.Object, java.lang.Object, java.lang.Object, java.lang.Object, java.lang.Object, java.lang.Object, java.lang.Object)'> (0x000000008850daf8) 
thrown [s\open\src\hotspot\share\interpreter\linkResolver.cpp, line 773]
Event: 15.045 Thread 0x000002247d2ab7f0 Exception <a 'java/lang/NoSuchMethodError'{0x000000008852ab90}: 'int java.lang.invoke.DirectMethodHandle$Holder.invokeStatic(java.lang.Object, java.lang.Object, int, int)'> (0x000000008852ab90) 
thrown [s\open\src\hotspot\share\interpreter\linkResolver.cpp, line 773]
Event: 15.152 Thread 0x000002247d2ab7f0 Exception <a 'sun/nio/fs/WindowsException'{0x0000000088359268}> (0x0000000088359268) 
thrown [s\open\src\hotspot\share\prims\jni.cpp, line 520]
Event: 16.747 Thread 0x000002247d2acba0 Exception <a 'java/lang/NoSuchMethodError'{0x000000008a4e1dd8}: 'void java.lang.invoke.Invokers$Holder.invokeExact_MT(java.lang.Object, java.lang.Object, int, java.lang.Object)'> (0x000000008a4e1dd8) 
thrown [s\open\src\hotspot\share\interpreter\linkResolver.cpp, line 773]
Event: 16.747 Thread 0x000002247d2ac510 Exception <a 'java/lang/NoSuchMethodError'{0x000000008a4830d0}: 'void java.lang.invoke.Invokers$Holder.invokeExact_MT(java.lang.Object, java.lang.Object, int, java.lang.Object)'> (0x000000008a4830d0) 
thrown [s\open\src\hotspot\share\interpreter\linkResolver.cpp, line 773]
Event: 16.859 Thread 0x000002247d2acba0 Exception <a 'java/lang/NoSuchMethodError'{0x000000008a1a88d8}: 'void java.lang.invoke.DelegatingMethodHandle$Holder.reinvoke_L(java.lang.Object, java.lang.Object, double)'> (0x000000008a1a88d8) 
thrown [s\open\src\hotspot\share\interpreter\linkResolver.cpp, line 773]
Event: 151.381 Thread 0x000002247d2a9db0 Exception <a 'java/lang/NoSuchMethodError'{0x000000008a3747d8}: 'double java.lang.invoke.DirectMethodHandle$Holder.invokeVirtual(java.lang.Object, java.lang.Object)'> (0x000000008a3747d8) 
thrown [s\open\src\hotspot\share\interpreter\linkResolver.cpp, line 773]
Event: 151.382 Thread 0x000002247d2a9db0 Exception <a 'java/lang/NoSuchMethodError'{0x000000008a378668}: 'double java.lang.invoke.DelegatingMethodHandle$Holder.reinvoke_L(java.lang.Object, java.lang.Object)'> (0x000000008a378668) 
thrown [s\open\src\hotspot\share\interpreter\linkResolver.cpp, line 773]
Event: 160.919 Thread 0x000002247d2ab7f0 Exception <a 'java/lang/NoSuchMethodError'{0x0000000089ec5ef8}: 'double java.lang.invoke.Invokers$Holder.invokeExact_MT(java.lang.Object, java.lang.Object, java.lang.Object)'> (0x0000000089ec5ef8) 
thrown [s\open\src\hotspot\share\interpreter\linkResolver.cpp, line 773]
Event: 160.957 Thread 0x000002247d2ab7f0 Exception <a 'java/lang/NoSuchMethodError'{0x0000000089da2e48}: 'void java.lang.invoke.DirectMethodHandle$Holder.invokeStatic(java.lang.Object, int, java.lang.Object, java.lang.Object, java.lang.Object, java.lang.Object)'> (0x0000000089da2e48) 
thrown [s\open\src\hotspot\share\interpreter\linkResolver.cpp, line 773]
Event: 160.958 Thread 0x000002247d2ab7f0 Exception <a 'java/lang/NoSuchMethodError'{0x0000000089daaa98}: 'void java.lang.invoke.DirectMethodHandle$Holder.invokeSpecial(java.lang.Object, java.lang.Object, java.lang.Object, java.lang.Object, java.lang.Object, java.lang.Object, java.lang.Object, java.lang.Object)'> (0x0000000089daaa98) 
thrown [s\open\src\hotspot\share\interpreter\linkResolver.cpp, line 773]
Event: 178.448 Thread 0x000002247d2aaad0 Exception <a 'java/lang/NoSuchMethodError'{0x00000000896d2628}: 'void java.lang.invoke.DirectMethodHandle$Holder.invokeVirtual(java.lang.Object, java.lang.Object, double)'> (0x00000000896d2628) 
thrown [s\open\src\hotspot\share\interpreter\linkResolver.cpp, line 773]
Event: 178.450 Thread 0x000002247d2aaad0 Exception <a 'java/lang/NoSuchMethodError'{0x00000000896dd2f8}: 'double java.lang.invoke.DelegatingMethodHandle$Holder.reinvoke_L(java.lang.Object, java.lang.Object, int)'> (0x00000000896dd2f8) 
thrown [s\open\src\hotspot\share\interpreter\linkResolver.cpp, line 773]
Event: 310.693 Thread 0x000002247a3b9580 Exception <a 'java/lang/NoSuchMethodError'{0x0000000089bbecb0}: static [B.<clinit>()V> (0x0000000089bbecb0) 
thrown [s\open\src\hotspot\share\prims\jni.cpp, line 1111]
Event: 1384.550 Thread 0x000002247d2ab160 Exception <a 'java/lang/InterruptedException'{0x00000000884ef478}: sleep interrupted> (0x00000000884ef478) 
thrown [s\open\src\hotspot\share\prims\jvm.cpp, line 3074]

ZGC Phase Switch (0 events):
No events

VM Operations (20 events):
Event: 541.356 Executing VM operation: RendezvousGCThreads done
Event: 556.363 Executing VM operation: Cleanup
Event: 556.363 Executing VM operation: Cleanup done
Event: 574.031 Executing VM operation: G1CollectForAllocation (G1 Evacuation Pause)
Event: 574.102 Executing VM operation: G1CollectForAllocation (G1 Evacuation Pause) done
Event: 575.102 Executing VM operation: Cleanup
Event: 575.102 Executing VM operation: Cleanup done
Event: 658.157 Executing VM operation: Cleanup
Event: 658.157 Executing VM operation: Cleanup done
Event: 1025.680 Executing VM operation: G1CollectForAllocation (G1 Evacuation Pause)
Event: 1025.792 Executing VM operation: G1CollectForAllocation (G1 Evacuation Pause) done
Event: 1026.031 Executing VM operation: G1PauseRemark
Event: 1026.394 Executing VM operation: G1PauseRemark done
Event: 1026.536 Executing VM operation: G1PauseCleanup
Event: 1026.537 Executing VM operation: G1PauseCleanup done
Event: 1382.732 Executing VM operation: Cleanup
Event: 1382.743 Executing VM operation: Cleanup done
Event: 1383.744 Executing VM operation: Cleanup
Event: 1383.744 Executing VM operation: Cleanup done
Event: 1385.465 Executing VM operation: G1CollectFull (System.gc())

Events (20 events):
Event: 1383.388 Thread 0x000002247d98cfa0 Thread added: 0x000002247d98cfa0
Event: 1383.398 Thread 0x000002247d2aa440 Thread exited: 0x000002247d2aa440
Event: 1384.076 Thread 0x000002247d2b06b0 Thread exited: 0x000002247d2b06b0
Event: 1384.516 Thread 0x000002247d2ad8c0 Thread exited: 0x000002247d2ad8c0
Event: 1384.541 Thread 0x000002247d2af300 Thread exited: 0x000002247d2af300
Event: 1384.542 Thread 0x000002247d2a9db0 Thread exited: 0x000002247d2a9db0
Event: 1384.542 Thread 0x000002247d2aaad0 Thread exited: 0x000002247d2aaad0
Event: 1384.542 Thread 0x000002247d2ae5e0 Thread exited: 0x000002247d2ae5e0
Event: 1384.543 Thread 0x000002247d2a9090 Thread exited: 0x000002247d2a9090
Event: 1384.543 Thread 0x000002247d2a9720 Thread exited: 0x000002247d2a9720
Event: 1384.543 Thread 0x000002247d2ad230 Thread exited: 0x000002247d2ad230
Event: 1384.545 Thread 0x000002247d2ab7f0 Thread exited: 0x000002247d2ab7f0
Event: 1384.546 Thread 0x000002247d2ac510 Thread exited: 0x000002247d2ac510
Event: 1384.546 Thread 0x000002247d2acba0 Thread exited: 0x000002247d2acba0
Event: 1384.549 Thread 0x000002247a8a38c0 Thread exited: 0x000002247a8a38c0
Event: 1384.550 Thread 0x000002247d2ab160 Thread exited: 0x000002247d2ab160
Event: 1384.553 Thread 0x000002247a8a2ba0 Thread exited: 0x000002247a8a2ba0
Event: 1385.053 Thread 0x000002247d98aed0 Thread added: 0x000002247d98aed0
Event: 1385.057 Thread 0x000002247a8a45e0 Thread exited: 0x000002247a8a45e0
Event: 1385.397 Thread 0x000002247d98aed0 Thread exited: 0x000002247d98aed0


Dynamic libraries:
0x00007ff637840000 - 0x00007ff637850000 	C:\Program Files\Java\jdk-21\bin\java.exe
0x00007ffc6c560000 - 0x00007ffc6c7c6000 	C:\WINDOWS\SYSTEM32\ntdll.dll
0x00007ffc6aa50000 - 0x00007ffc6ab19000 	C:\WINDOWS\System32\KERNEL32.DLL
0x00007ffc69790000 - 0x00007ffc69b5c000 	C:\WINDOWS\System32\KERNELBASE.dll
0x00007ffc69fc0000 - 0x00007ffc6a10b000 	C:\WINDOWS\System32\ucrtbase.dll
0x00007ffc633b0000 - 0x00007ffc633c9000 	C:\Program Files\Java\jdk-21\bin\jli.dll
0x00007ffc6ae70000 - 0x00007ffc6af22000 	C:\WINDOWS\System32\ADVAPI32.dll
0x00007ffc6bcc0000 - 0x00007ffc6bd69000 	C:\WINDOWS\System32\msvcrt.dll
0x00007ffc6b120000 - 0x00007ffc6b1c6000 	C:\WINDOWS\System32\sechost.dll
0x00007ffc568f0000 - 0x00007ffc5690b000 	C:\Program Files\Java\jdk-21\bin\VCRUNTIME140.dll
0x00007ffc6a600000 - 0x00007ffc6a716000 	C:\WINDOWS\System32\RPCRT4.dll
0x00007ffc6abf0000 - 0x00007ffc6adba000 	C:\WINDOWS\System32\USER32.dll
0x00007ffc69f90000 - 0x00007ffc69fb7000 	C:\WINDOWS\System32\win32u.dll
0x00007ffc688d0000 - 0x00007ffc68b6a000 	C:\WINDOWS\WinSxS\amd64_microsoft.windows.common-controls_6595b64144ccf1df_6.0.26100.3912_none_3e07963ce335137e\COMCTL32.dll
0x00007ffc6c4f0000 - 0x00007ffc6c51b000 	C:\WINDOWS\System32\GDI32.dll
0x00007ffc69c20000 - 0x00007ffc69d52000 	C:\WINDOWS\System32\gdi32full.dll
0x00007ffc69ee0000 - 0x00007ffc69f83000 	C:\WINDOWS\System32\msvcp_win.dll
0x00007ffc67d00000 - 0x00007ffc67d0b000 	C:\WINDOWS\SYSTEM32\VERSION.dll
0x00007ffc6a720000 - 0x00007ffc6a750000 	C:\WINDOWS\System32\IMM32.DLL
0x00007ffc634a0000 - 0x00007ffc634ac000 	C:\Program Files\Java\jdk-21\bin\vcruntime140_1.dll
0x00007ffc518c0000 - 0x00007ffc5194e000 	C:\Program Files\Java\jdk-21\bin\msvcp140.dll
0x00007ffc3dd90000 - 0x00007ffc3eaa3000 	C:\Program Files\Java\jdk-21\bin\server\jvm.dll
0x00007ffc6b0a0000 - 0x00007ffc6b114000 	C:\WINDOWS\System32\WS2_32.dll
0x00007ffc5fb30000 - 0x00007ffc5fb66000 	C:\WINDOWS\SYSTEM32\WINMM.dll
0x00007ffc69540000 - 0x00007ffc6959e000 	C:\WINDOWS\SYSTEM32\POWRPROF.dll
0x00007ffc69520000 - 0x00007ffc69534000 	C:\WINDOWS\SYSTEM32\UMPDC.dll
0x00007ffc67e60000 - 0x00007ffc67e7a000 	C:\WINDOWS\SYSTEM32\kernel.appcore.dll
0x00007ffc405c0000 - 0x00007ffc405ca000 	C:\Program Files\Java\jdk-21\bin\jimage.dll
0x00007ffc68e80000 - 0x00007ffc690c1000 	C:\WINDOWS\SYSTEM32\DBGHELP.DLL
0x00007ffc6b930000 - 0x00007ffc6bcb4000 	C:\WINDOWS\System32\combase.dll
0x00007ffc6be00000 - 0x00007ffc6bee0000 	C:\WINDOWS\System32\OLEAUT32.dll
0x00007ffc68d70000 - 0x00007ffc68da9000 	C:\WINDOWS\SYSTEM32\dbgcore.DLL
0x00007ffc696f0000 - 0x00007ffc69789000 	C:\WINDOWS\System32\bcryptPrimitives.dll
0x00007ffc63490000 - 0x00007ffc6349f000 	C:\Program Files\Java\jdk-21\bin\instrument.dll
0x00007ffc3d9b0000 - 0x00007ffc3d9cf000 	C:\Program Files\Java\jdk-21\bin\java.dll
0x00007ffc6b1d0000 - 0x00007ffc6b8fd000 	C:\WINDOWS\System32\SHELL32.dll
0x00007ffc6a1a0000 - 0x00007ffc6a314000 	C:\WINDOWS\System32\wintypes.dll
0x00007ffc66360000 - 0x00007ffc66bb6000 	C:\WINDOWS\SYSTEM32\windows.storage.dll
0x00007ffc6a950000 - 0x00007ffc6aa3f000 	C:\WINDOWS\System32\SHCORE.dll
0x00007ffc6a590000 - 0x00007ffc6a5f9000 	C:\WINDOWS\System32\shlwapi.dll
0x00007ffc69600000 - 0x00007ffc6962f000 	C:\WINDOWS\SYSTEM32\profapi.dll
0x00007ffc3caa0000 - 0x00007ffc3cab8000 	C:\Program Files\Java\jdk-21\bin\zip.dll
0x00007ffc3cae0000 - 0x00007ffc3caf0000 	C:\Program Files\Java\jdk-21\bin\net.dll
0x00007ffc5b590000 - 0x00007ffc5b6ae000 	C:\WINDOWS\SYSTEM32\WINHTTP.dll
0x00007ffc67950000 - 0x00007ffc679ba000 	C:\WINDOWS\system32\mswsock.dll
0x00007ffc3cac0000 - 0x00007ffc3cad6000 	C:\Program Files\Java\jdk-21\bin\nio.dll
0x00007ffc63470000 - 0x00007ffc6348a000 	C:\Program Files\JetBrains\IntelliJ IDEA 2024.3.2\bin\breakgen64.dll
0x00007ffc3c010000 - 0x00007ffc3c019000 	C:\Program Files\Java\jdk-21\bin\extnet.dll
0x00007ffc66fc0000 - 0x00007ffc670e7000 	C:\WINDOWS\SYSTEM32\DNSAPI.dll
0x00007ffc66f20000 - 0x00007ffc66f53000 	C:\WINDOWS\SYSTEM32\IPHLPAPI.DLL
0x00007ffc6bf50000 - 0x00007ffc6bf5a000 	C:\WINDOWS\System32\NSI.dll
0x00007ffc59fc0000 - 0x00007ffc59fcb000 	C:\Windows\System32\rasadhlp.dll
0x00007ffc5faa0000 - 0x00007ffc5fb26000 	C:\WINDOWS\System32\fwpuclnt.dll
0x00007ffc38380000 - 0x00007ffc3838a000 	C:\Program Files\Java\jdk-21\bin\management.dll
0x00007ffc38370000 - 0x00007ffc3837b000 	C:\Program Files\Java\jdk-21\bin\management_ext.dll
0x00007ffc6a760000 - 0x00007ffc6a768000 	C:\WINDOWS\System32\PSAPI.DLL
0x00007ffc691f0000 - 0x00007ffc6920c000 	C:\WINDOWS\SYSTEM32\CRYPTSP.dll
0x00007ffc67410000 - 0x00007ffc6744a000 	C:\WINDOWS\system32\rsaenh.dll
0x00007ffc679f0000 - 0x00007ffc67a1b000 	C:\WINDOWS\SYSTEM32\USERENV.dll
0x00007ffc695d0000 - 0x00007ffc695f6000 	C:\WINDOWS\SYSTEM32\bcrypt.dll
0x00007ffc67cf0000 - 0x00007ffc67cfc000 	C:\WINDOWS\SYSTEM32\CRYPTBASE.dll
0x00007ffc41060000 - 0x00007ffc41078000 	C:\WINDOWS\system32\napinsp.dll
0x00007ffc40c20000 - 0x00007ffc40c32000 	C:\WINDOWS\System32\winrnr.dll
0x00007ffc40b60000 - 0x00007ffc40b90000 	C:\WINDOWS\system32\nlansp_c.dll
0x00007ffc68330000 - 0x00007ffc68346000 	C:\WINDOWS\system32\wshbth.dll
0x00007ffc47e60000 - 0x00007ffc47eae000 	C:\WINDOWS\SYSTEM32\pdh.dll
0x00007ffc51c40000 - 0x00007ffc51c52000 	C:\WINDOWS\System32\perfproc.dll
0x00007ffc36110000 - 0x00007ffc3611e000 	C:\Program Files\Java\jdk-21\bin\sunmscapi.dll
0x00007ffc69d60000 - 0x00007ffc69ed7000 	C:\WINDOWS\System32\CRYPT32.dll
0x00007ffc68790000 - 0x00007ffc687c0000 	C:\WINDOWS\SYSTEM32\ncrypt.dll
0x00007ffc68740000 - 0x00007ffc6877f000 	C:\WINDOWS\SYSTEM32\NTASN1.dll
0x00007ffc63440000 - 0x00007ffc63450000 	C:\Program Files\Java\jdk-21\bin\verify.dll
0x00007ffc49830000 - 0x00007ffc49838000 	C:\WINDOWS\system32\wshunix.dll

dbghelp: loaded successfully - version: 4.0.5 - missing functions: none
symbol engine: initialized successfully - sym options: 0x614 - pdb path: .;C:\Program Files\Java\jdk-21\bin;C:\WINDOWS\SYSTEM32;C:\WINDOWS\WinSxS\amd64_microsoft.windows.common-controls_6595b64144ccf1df_6.0.26100.3912_none_3e07963ce335137e;C:\Program Files\Java\jdk-21\bin\server;C:\Program Files\JetBrains\IntelliJ IDEA 2024.3.2\bin

VM Arguments:
jvm_args: -XX:TieredStopAtLevel=1 -Dspring.output.ansi.enabled=always -Dcom.sun.management.jmxremote -Dspring.jmx.enabled=true -Dspring.liveBeansView.mbeanDomain -Dspring.application.admin.enabled=true -Dmanagement.endpoints.jmx.exposure.include=* -javaagent:C:\Program Files\JetBrains\IntelliJ IDEA 2024.3.2\lib\idea_rt.jar=15981:C:\Program Files\JetBrains\IntelliJ IDEA 2024.3.2\bin -Dfile.encoding=UTF-8 -Dsun.stdout.encoding=UTF-8 -Dsun.stderr.encoding=UTF-8 
java_command: com.multi.mis.busgo_backend.BusgoBackendApplication
java_class_path (initial): D:\JavaProj\busg0-full\BUSGO_backend\target\classes;C:\Users\user\.m2\repository\org\springframework\boot\spring-boot-starter-web\3.1.4\spring-boot-starter-web-3.1.4.jar;C:\Users\user\.m2\repository\org\springframework\boot\spring-boot-starter\3.1.4\spring-boot-starter-3.1.4.jar;C:\Users\user\.m2\repository\org\springframework\boot\spring-boot-starter-logging\3.1.4\spring-boot-starter-logging-3.1.4.jar;C:\Users\user\.m2\repository\ch\qos\logback\logback-classic\1.4.11\logback-classic-1.4.11.jar;C:\Users\user\.m2\repository\ch\qos\logback\logback-core\1.4.11\logback-core-1.4.11.jar;C:\Users\user\.m2\repository\org\apache\logging\log4j\log4j-to-slf4j\2.20.0\log4j-to-slf4j-2.20.0.jar;C:\Users\user\.m2\repository\org\apache\logging\log4j\log4j-api\2.20.0\log4j-api-2.20.0.jar;C:\Users\user\.m2\repository\org\slf4j\jul-to-slf4j\2.0.9\jul-to-slf4j-2.0.9.jar;C:\Users\user\.m2\repository\jakarta\annotation\jakarta.annotation-api\2.1.1\jakarta.annotation-api-2.1.1.jar;C:\Users\user\.m2\repository\org\yaml\snakeyaml\1.33\snakeyaml-1.33.jar;C:\Users\user\.m2\repository\org\springframework\boot\spring-boot-starter-json\3.1.4\spring-boot-starter-json-3.1.4.jar;C:\Users\user\.m2\repository\com\fasterxml\jackson\datatype\jackson-datatype-jdk8\2.15.2\jackson-datatype-jdk8-2.15.2.jar;C:\Users\user\.m2\repository\com\fasterxml\jackson\datatype\jackson-datatype-jsr310\2.15.2\jackson-datatype-jsr310-2.15.2.jar;C:\Users\user\.m2\repository\com\fasterxml\jackson\module\jackson-module-parameter-names\2.15.2\jackson-module-parameter-names-2.15.2.jar;C:\Users\user\.m2\repository\org\springframework\boot\spring-boot-starter-tomcat\3.1.4\spring-boot-starter-tomcat-3.1.4.jar;C:\Users\user\.m2\repository\org\apache\tomcat\embed\tomcat-embed-core\10.1.13\tomcat-embed-core-10.1.13.jar;C:\Users\user\.m2\repository\org\apache\tomcat\embed\tomcat-embed-websocket\10.1.13\tomcat-embed-websocket-10.1.13.jar;C:\Users\user\.m2\repository\org\springframework\spring-web\6.0.12\spring-web-6.0.12.jar;C:\Users\user\.m2\repository\org\springframework\spring-beans\6.0.12\spring-beans-6.0.12.jar;C:\Users\user\.m2\repository\org\springframework\spring-webmvc\6.0.12\spring-webmvc-6.0.12.jar;C:\Users\user\.m2\repository\org\springframework\spring-context\6.0.12\spring-context-6.0.12.jar;C:\Users\user\.m2\repository\org\springframework\spring-expression\6.0.12\spring-expression-6.0.12.jar;C:\Users\user\.m2\repository\org\springframework\boot\spring-boot-starter-actuator\3.1.4\spring-boot-starter-actuator-3.1.4.jar;C:\Users\user\.m2\repository\org\springframework\boot\spring-boot-actuator-autoconfigure\3.1.4\spring-boot-actuator-autoconfigure-3.1.4.jar;C:\Users\user\.m2\repository\org\springframework\boot\spring-boot-actuator\3.1.4\spring-boot-actuator-3.1.4.jar;C:\Users\user\.m2\repository\io\micrometer\micrometer-observation\1.11.4\micrometer-observation-1.11.4.jar;C:\Users\user\.m2\repository\io\micrometer\micrometer-commons\1.11.4\micrometer-commons-1.11.4.jar;C:\Users\user\.m2\repository\io\micrometer\micrometer-core\1.11.4\micrometer-core-1.11.4.jar;C:\Users\user\.m2\repository\org\hdrhistogram\HdrHistogram\2.1.12\HdrHistogram-2.1.12.jar;C:\Users\user\.m2\repository\org\latencyutils\LatencyUtils\2.0.3\LatencyUtils-2.0.3.jar;C:\Users\user\.m2\repository\org\springframework\boot\spring-boot-starter-mail\3.1.5\spring-boot-starter-mail-3.1.5.jar;C:\Users\user\.m2\repository\org\springframework\spring-context-support\6.0.12\spring-context-support-6.0.12.jar;C:\Users\user\.m2\repository\org\eclipse\angus\jakarta.mail\1.1.0\jakarta.mail-1.1.0.jar;C:\Users\user\.m2\repository\jakarta\activation\jakarta.activation-api\2.1.2\jakarta.activation-api-2.1.2.jar;C:\Users\user\.m2\repository\org\eclipse\angus\angus-activation\2.0.1\angus-activation-2.0.1.jar;C:\Users\user\.m2\repository\org\springframework\boot\spring-boot-starter-data-jpa\3.1.4\spring-boot-starter-data-jpa-3.1.4.jar;C:\Users\user\.m2\repository\org\springframework\boot\spring-boot-starter-aop\3.1.4\spring-boot-starter-aop-3.1.4.jar;C:\Users\user\.m2\repository\org\aspectj\aspectjweaver\1.9.20\aspectjweaver-1.9.20.jar;C:\Users\user\.m2\repository\org\springframework\boot\spring-boot-starter-jdbc\3.1.4\spring-boot-starter-jdbc-3.1.4.jar;C:\Users\user\.m2\repository\com\zaxxer\HikariCP\5.0.1\HikariCP-5.0.1.jar;C:\Users\user\.m2\repository\org\springframework\spring-jdbc\6.0.12\spring-jdbc-6.0.12.jar;C:\Users\user\.m2\repository\org\hibernate\orm\hibernate-core\6.2.9.Final\hibernate-core-6.2.9.Final.jar;C:\Users\user\.m2\repository\jakarta\persistence\jakarta.persistence-api\3.1.0\jakarta.persistence-api-3.1.0.jar;C:\Users\user\.m2\repository\jakarta\transaction\jakarta.transaction-api\2.0.1\jakarta.transaction-api-2.0.1.jar;C:\Users\user\.m2\repository\org\jboss\logging\jboss-logging\3.5.3.Final\jboss-logging-3.5.3.Final.jar;C:\Users\user\.m2\repository\org\hibernate\common\hibernate-commons-annotations\6.0.6.Final\hibernate-commons-annotations-6.0.6.Final.jar;C:\Users\user\.m2\repository\io\smallrye\jandex\3.0.5\jandex-3.0.5.jar;C:\Users\user\.m2\repository\com\fasterxml\classmate\1.5.1\classmate-1.5.1.jar;C:\Users\user\.m2\repository\net\bytebuddy\byte-buddy\1.14.8\byte-buddy-1.14.8.jar;C:\Users\user\.m2\repository\org\glassfish\jaxb\jaxb-runtime\4.0.3\jaxb-runtime-4.0.3.jar;C:\Users\user\.m2\repository\org\glassfish\jaxb\jaxb-core\4.0.3\jaxb-core-4.0.3.jar;C:\Users\user\.m2\repository\org\glassfish\jaxb\txw2\4.0.3\txw2-4.0.3.jar;C:\Users\user\.m2\repository\com\sun\istack\istack-commons-runtime\4.1.2\istack-commons-runtime-4.1.2.jar;C:\Users\user\.m2\repository\jakarta\inject\jakarta.inject-api\2.0.1\jakarta.inject-api-2.0.1.jar;C:\Users\user\.m2\repository\org\antlr\antlr4-runtime\4.10.1\antlr4-runtime-4.10.1.jar;C:\Users\user\.m2\repository\org\springframework\data\spring-data-jpa\3.1.4\spring-data-jpa-3.1.4.jar;C:\Users\user\.m2\repository\org\springframework\data\spring-data-commons\3.1.4\spring-data-commons-3.1.4.jar;C:\Users\user\.m2\repository\org\springframework\spring-orm\6.0.12\spring-orm-6.0.12.jar;C:\Users\user\.m2\repository\org\springframework\spring-tx\6.0.12\spring-tx-6.0.12.jar;C:\Users\user\.m2\repository\org\slf4j\slf4j-api\2.0.9\slf4j-api-2.0.9.jar;C:\Users\user\.m2\repository\org\springframework\spring-aspects\6.0.12\spring-aspects-6.0.12.jar;C:\Users\user\.m2\repository\com\mysql\mysql-connector-j\8.0.33\mysql-connector-j-8.0.33.jar;C:\Users\user\.m2\repository\org\springframework\boot\spring-boot-starter-validation\3.1.4\spring-boot-starter-validation-3.1.4.jar;C:\Users\user\.m2\repository\org\apache\tomcat\embed\tomcat-embed-el\10.1.13\tomcat-embed-el-10.1.13.jar;C:\Users\user\.m2\repository\org\hibernate\validator\hibernate-validator\8.0.1.Final\hibernate-validator-8.0.1.Final.jar;C:\Users\user\.m2\repository\jakarta\validation\jakarta.validation-api\3.0.2\jakarta.validation-api-3.0.2.jar;C:\Users\user\.m2\repository\org\springframework\boot\spring-boot-devtools\3.1.4\spring-boot-devtools-3.1.4.jar;C:\Users\user\.m2\repository\org\springframework\boot\spring-boot\3.1.4\spring-boot-3.1.4.jar;C:\Users\user\.m2\repository\org\springframework\boot\spring-boot-autoconfigure\3.1.4\spring-boot-autoconfigure-3.1.4.jar;C:\Users\user\.m2\repository\org\projectlombok\lombok\1.18.30\lombok-1.18.30.jar;C:\Users\user\.m2\repository\com\fasterxml\jackson\core\jackson-databind\2.15.2\jackson-databind-2.15.2.jar;C:\Users\user\.m2\repository\com\fasterxml\jackson\core\jackson-annotations\2.15.2\jackson-annotations-2.15.2.jar;C:\Users\user\.m2\repository\com\fasterxml\jackson\core\jackson-core\2.15.2\jackson-core-2.15.2.jar;C:\Users\user\.m2\repository\jakarta\xml\bind\jakarta.xml.bind-api\4.0.1\jakarta.xml.bind-api-4.0.1.jar;C:\Users\user\.m2\repository\org\springframework\spring-core\6.0.12\spring-core-6.0.12.jar;C:\Users\user\.m2\repository\org\springframework\spring-jcl\6.0.12\spring-jcl-6.0.12.jar;C:\Users\user\.m2\repository\org\springframework\boot\spring-boot-starter-security\3.1.4\spring-boot-starter-security-3.1.4.jar;C:\Users\user\.m2\repository\org\springframework\spring-aop\6.0.12\spring-aop-6.0.12.jar;C:\Users\user\.m2\repository\org\springframework\security\spring-security-config\6.1.4\spring-security-config-6.1.4.jar;C:\Users\user\.m2\repository\org\springframework\security\spring-security-core\6.1.4\spring-security-core-6.1.4.jar;C:\Users\user\.m2\repository\org\springframework\security\spring-security-crypto\6.1.4\spring-security-crypto-6.1.4.jar;C:\Users\user\.m2\repository\org\springframework\security\spring-security-web\6.1.4\spring-security-web-6.1.4.jar;C:\Users\user\.m2\repository\io\jsonwebtoken\jjwt-api\0.11.5\jjwt-api-0.11.5.jar;C:\Users\user\.m2\repository\io\jsonwebtoken\jjwt-impl\0.11.5\jjwt-impl-0.11.5.jar;C:\Users\user\.m2\repository\io\jsonwebtoken\jjwt-jackson\0.11.5\jjwt-jackson-0.11.5.jar
Launcher Type: SUN_STANDARD

[Global flags]
     intx CICompilerCount                          = 4                                         {product} {ergonomic}
     uint ConcGCThreads                            = 3                                         {product} {ergonomic}
     uint G1ConcRefinementThreads                  = 10                                        {product} {ergonomic}
   size_t G1HeapRegionSize                         = 1048576                                   {product} {ergonomic}
    uintx GCDrainStackTargetSize                   = 64                                        {product} {ergonomic}
   size_t InitialHeapSize                          = 130023424                                 {product} {ergonomic}
     bool ManagementServer                         = true                                      {product} {command line}
   size_t MarkStackSize                            = 4194304                                   {product} {ergonomic}
   size_t MaxHeapSize                              = 2071986176                                {product} {ergonomic}
   size_t MaxNewSize                               = 1242562560                                {product} {ergonomic}
   size_t MinHeapDeltaBytes                        = 1048576                                   {product} {ergonomic}
   size_t MinHeapSize                              = 8388608                                   {product} {ergonomic}
    uintx NonNMethodCodeHeapSize                   = 4096                                   {pd product} {ergonomic}
    uintx NonProfiledCodeHeapSize                  = 0                                      {pd product} {ergonomic}
     bool ProfileInterpreter                       = false                                  {pd product} {command line}
    uintx ProfiledCodeHeapSize                     = 0                                      {pd product} {ergonomic}
   size_t SoftMaxHeapSize                          = 2071986176                             {manageable} {ergonomic}
     intx TieredStopAtLevel                        = 1                                         {product} {command line}
     bool UseCompressedOops                        = true                           {product lp64_product} {ergonomic}
     bool UseG1GC                                  = true                                      {product} {ergonomic}
     bool UseLargePagesIndividualAllocation        = false                                  {pd product} {ergonomic}

Logging:
Log output configuration:
 #0: stdout all=warning uptime,level,tags foldmultilines=false
 #1: stderr all=off uptime,level,tags foldmultilines=false

Environment Variables:
PATH=C:\Program Files (x86)\VMware\VMware Workstation\bin\;C:\Ruby32\bin;D:\ruby\Ruby32\bin;C:\Program Files\Common Files\Oracle\Java\javapath;C:\Program Files\Microsoft\jdk-11.0.16.101-hotspot\bin;C:\Program Files (x86)\NVIDIA Corporation\PhysX\Common;C:\WINDOWS\system32;C:\WINDOWS;C:\WINDOWS\System32\Wbem;C:\WINDOWS\System32\WindowsPowerShell\v1.0\;C:\WINDOWS\System32\OpenSSH\;C:\Program Files\Git\cmd;C:\Program Files\nodejs\;C:\Program Files\Microsoft SQL Server\150\Tools\Binn\;C:\Program Files\dotnet\;C:\Program Files\Docker\Docker\resources\bin;C:\Program Files\PuTTY\;C:\MinGW\bin;C:\Program Files\PostgreSQL\17\bin;c:\Users\user\AppData\Local\Programs\cursor\resources\app\bin;C:\Program Files\Geth;D:\SFML-2.6.1-windows-gcc-13.1.0-mingw-64-bit\SFML-2.6.1\bin;C:\Program Files\CMake\bin;C:\WINDOWS\system32;C:\WINDOWS;C:\WINDOWS\System32\Wbem;C:\WINDOWS\System32\WindowsPowerShell\v1.0\;C:\WINDOWS\System32\OpenSSH\;C:\Program Files (x86)\Nmap;C:\xampp\php;C:\composer;C:\Users\user\AppData\Local\Programs\Python\Python313;C:\Users\user\AppData\Local\Programs\Python\Python313\Scripts;C:\Users\user\AppData\Roaming\npm;C:\Program Files\mosquitto;c:\Users\user\AppData\Local\Programs\Trae\bin;C:\Users\user\.console-ninja\.bin;C:\Program Files (x86)\VMware\VMware Workstation\bin\;C:\Ruby32\bin;D:\ruby\Ruby32\bin;C:\Program Files\Common Files\Oracle\Java\javapath;C:\Program Files\Microsoft\jdk-11.0.16.101-hotspot\bin;C:\Program Files (x86)\NVIDIA Corporation\PhysX\Common;C:\WINDOWS\system32;C:\WINDOWS;C:\WINDOWS\System32\Wbem;C:\WINDOWS\System32\WindowsPowerShell\v1.0\;C:\WINDOWS\System32\OpenSSH\;C:\Program Files\Git\cmd;C:\Program Files\nodejs\;C:\Program Files\Microsoft SQL Server\150\Tools\Binn\;C:\Program Files\dotnet\;C:\Program Files\Docker\Docker\resources\bin;C:\Program Files\PuTTY\;C:\MinGW\bin;C:\Program Files\PostgreSQL\17\bin;c:\Users\user\AppData\Local\Programs\cursor\resources\app\bin;C:\Program Files\Geth;D:\SFML-2.6.1-windows-gcc-13.1.0-mingw-64-bit\SFML-2.6.1\bin;C:\Program Files\CMake\bin;C:\WINDOWS\system32;C:\WINDOWS;C:\WINDOWS\System32\Wbem;C:\WINDOWS\System32\WindowsPowerShell\v1.0\;C:\WINDOWS\System32\OpenSSH\;C:\Program Files (x86)\Nmap;C:\xampp\php;C:\composer;C:\Program Files (x86)\VMware\VMware Workstation\bin\;C:\Ruby32\bin;D:\ruby\Ruby32\bin;C:\Program Files\Common Files\Oracle\Java\javapath;C:\Program Files\Microsoft\jdk-11.0.16.101-hotspot\bin;C:\Program Files (x86)\NVIDIA Corporation\PhysX\Common;C:\WINDOWS\system32;C:\WINDOWS;C:\WINDOWS\System32\Wbem;C:\WINDOWS\System32\WindowsPowerShell\v1.0\;C:\WINDOWS\System32\OpenSSH\;C:\Program Files\Git\cmd;C:\Program Files\nodejs\;C:\Program Files\Microsoft SQL Server\150\Tools\Binn\;C:\Program Files\dotnet\;C:\Program Files\Docker\Docker\resources\bin;C:\Program Files\PuTTY\;C:\MinGW\bin;C:\Program Files\PostgreSQL\17\bin;c:\Users\user\AppData\Local\Programs\cursor\resources\app\bin;C:\Program Files\Geth;D:\SFML-2.6.1-windows-gcc-13.1.0-mingw-64-bit\SFML-2.6.1\bin;C:\Program Files\CMake\bin;C:\WINDOWS\system32;C:\WINDOWS;C:\WINDOWS\System32\Wbem;C:\WINDOWS\System32\WindowsPowerShell\v1.0\;C:\WINDOWS\System32\OpenSSH\;C:\Program Files (x86)\Nmap;C:\xampp\php;C:\composer;C:\Program Files\Apache\maven\apache-maven-3.9.6\bin;C:\Program Files\Apache\maven\apache-maven-3.9.6\bin;C:\Users\user\AppData\Local\Programs\cursor\resources\app\bin;C:\Users\user\AppData\Local\Programs\Microsoft VS Code\bin;C:\Users\user\AppData\Local\Programs\Windsurf\bin;C:\Users\user\AppData\Local\GitHubDesktop\bin
USERNAME=user
OS=Windows_NT
PROCESSOR_IDENTIFIER=Intel64 Family 6 Model 154 Stepping 4, GenuineIntel
TMP=C:\Users\user\AppData\Local\Temp
TEMP=C:\Users\user\AppData\Local\Temp




Periodic native trim disabled

---------------  S Y S T E M  ---------------

OS:
 Windows 11 , 64 bit Build 26100 (10.0.26100.3912)
OS uptime: 0 days 3:13 hours
Hyper-V role detected

CPU: total 12 (initial active 12) (6 cores per cpu, 2 threads per core) family 6 model 154 stepping 4 microcode 0x42a, cx8, cmov, fxsr, ht, mmx, 3dnowpref, sse, sse2, sse3, ssse3, sse4.1, sse4.2, popcnt, lzcnt, tsc, tscinvbit, avx, avx2, aes, erms, clmul, bmi1, bmi2, adx, sha, fma, vzeroupper, clflush, clflushopt, clwb, hv, serialize, rdtscp, rdpid, fsrm, f16c, cet_ibt, cet_ss
Processor Information for processor 0
  Max Mhz: 1700, Current Mhz: 1700, Mhz Limit: 1700
Processor Information for processor 1
  Max Mhz: 1700, Current Mhz: 1700, Mhz Limit: 1700
Processor Information for processor 2
  Max Mhz: 1700, Current Mhz: 1700, Mhz Limit: 1700
Processor Information for processor 3
  Max Mhz: 1700, Current Mhz: 1700, Mhz Limit: 1700
Processor Information for processor 4
  Max Mhz: 1700, Current Mhz: 1200, Mhz Limit: 1190
Processor Information for processor 5
  Max Mhz: 1700, Current Mhz: 1200, Mhz Limit: 1190
Processor Information for processor 6
  Max Mhz: 1700, Current Mhz: 1200, Mhz Limit: 1190
Processor Information for processor 7
  Max Mhz: 1700, Current Mhz: 1200, Mhz Limit: 1190
Processor Information for processor 8
  Max Mhz: 1700, Current Mhz: 1200, Mhz Limit: 1190
Processor Information for processor 9
  Max Mhz: 1700, Current Mhz: 1200, Mhz Limit: 1190
Processor Information for processor 10
  Max Mhz: 1700, Current Mhz: 1200, Mhz Limit: 1190
Processor Information for processor 11
  Max Mhz: 1700, Current Mhz: 1200, Mhz Limit: 1190

Memory: 4k page, system-wide physical 7900M (310M free)
TotalPageFile size 20188M (AvailPageFile size 3M)
current process WorkingSet (physical memory assigned to process): 77M, peak: 287M
current process commit charge ("private bytes"): 334M, peak: 336M

vm_info: Java HotSpot(TM) 64-Bit Server VM (21.0.4+8-LTS-274) for windows-amd64 JRE (21.0.4+8-LTS-274), built on 2024-06-05T05:23:33Z by "mach5one" with MS VC++ 17.6 (VS2022)

END.
